 >  readInput() : start reading input data
 >  readNode() : reading node file benchmark/adaptec3_MMS/adaptec3.nodes
 >  Number of macros = 58
 >  readNode() : reading node success!
 >  readPosition() : reading position file benchmark/adaptec3_MMS/adaptec3.ntup.pl
 >  readPosition() : reading position success!
 >  initial chip boundary : 
 >    Width  = 22653
 >    Height = 22594
 >  readNet() : reading net file benchmark/adaptec3_MMS/adaptec3.nets
 >  readNet() : reading net success!
updateOptSol() : find better sol!
>> cost = 0.937461
simAnneal(): start
1th attempt!

setTemp(): start greedy search
updateOptSol() : find better sol!
>> cost = 0.913822
updateOptSol() : find better sol!
>> cost = 0.909436
avgDcost:0.035575 T0:0.693559, Tx:0.006714
simAnneal_int(): start to SA
updateOptSol() : find better sol!
>> cost = 0.909264
updateOptSol() : find better sol!
>> cost = 0.882076
updateOptSol() : find better sol!
>> cost = 0.878078
updateOptSol() : find better sol!
>> cost = 0.794287
updateOptSol() : find better sol!
>> cost = 0.784604
updateOptSol() : find better sol!
>> cost = 0.771928
updateOptSol() : find better sol!
>> cost = 0.763404
updateOptSol() : find better sol!
>> cost = 0.755707
updateOptSol() : find better sol!
>> cost = 0.743306
updateOptSol() : find better sol!
>> cost = 0.737853
weather report: current Temp = 0.679688  Cost = 1.15365 [sa progress... 0%]
weather report: current Temp = 0.666094  Cost = 1.04698 [sa progress... 0.43563%]
weather report: current Temp = 0.652772  Cost = 0.91964 [sa progress... 0.87126%]
weather report: current Temp = 0.639717  Cost = 1.16196 [sa progress... 1.30689%]
weather report: current Temp = 0.626922  Cost = 0.981946 [sa progress... 1.74252%]
weather report: current Temp = 0.614384  Cost = 1.19328 [sa progress... 2.17815%]
weather report: current Temp = 0.602096  Cost = 0.98231 [sa progress... 2.61378%]
weather report: current Temp = 0.590054  Cost = 1.03275 [sa progress... 3.04941%]
weather report: current Temp = 0.578253  Cost = 0.962973 [sa progress... 3.48504%]
weather report: current Temp = 0.566688  Cost = 1.79084 [sa progress... 3.92067%]
weather report: current Temp = 0.555354  Cost = 1.14979 [sa progress... 4.3563%]
weather report: current Temp = 0.544247  Cost = 1.34879 [sa progress... 4.79193%]
weather report: current Temp = 0.533362  Cost = 1.1239 [sa progress... 5.22756%]
weather report: current Temp = 0.522695  Cost = 1.15457 [sa progress... 5.66319%]
weather report: current Temp = 0.512241  Cost = 0.908031 [sa progress... 6.09882%]
weather report: current Temp = 0.501996  Cost = 1.05429 [sa progress... 6.53445%]
weather report: current Temp = 0.491956  Cost = 0.944907 [sa progress... 6.97008%]
weather report: current Temp = 0.482117  Cost = 0.950147 [sa progress... 7.40571%]
weather report: current Temp = 0.472475  Cost = 0.828178 [sa progress... 7.84134%]
weather report: current Temp = 0.463025  Cost = 0.965728 [sa progress... 8.27697%]
weather report: current Temp = 0.453765  Cost = 1.06027 [sa progress... 8.7126%]
weather report: current Temp = 0.44469  Cost = 0.930191 [sa progress... 9.14823%]
weather report: current Temp = 0.435796  Cost = 0.86383 [sa progress... 9.58386%]
weather report: current Temp = 0.42708  Cost = 1.001 [sa progress... 10.0195%]
weather report: current Temp = 0.418538  Cost = 0.87682 [sa progress... 10.4551%]
weather report: current Temp = 0.410168  Cost = 0.882997 [sa progress... 10.8907%]
weather report: current Temp = 0.401964  Cost = 0.910292 [sa progress... 11.3264%]
weather report: current Temp = 0.393925  Cost = 0.933562 [sa progress... 11.762%]
weather report: current Temp = 0.386046  Cost = 2.39618 [sa progress... 12.1976%]
weather report: current Temp = 0.378326  Cost = 0.981202 [sa progress... 12.6333%]
weather report: current Temp = 0.370759  Cost = 1.09094 [sa progress... 13.0689%]
weather report: current Temp = 0.363344  Cost = 1.16638 [sa progress... 13.5045%]
weather report: current Temp = 0.356077  Cost = 0.977422 [sa progress... 13.9402%]
weather report: current Temp = 0.348955  Cost = 1.09577 [sa progress... 14.3758%]
weather report: current Temp = 0.341976  Cost = 1.11197 [sa progress... 14.8114%]
weather report: current Temp = 0.335137  Cost = 1.04654 [sa progress... 15.247%]
weather report: current Temp = 0.328434  Cost = 1.06031 [sa progress... 15.6827%]
weather report: current Temp = 0.321865  Cost = 0.910723 [sa progress... 16.1183%]
weather report: current Temp = 0.315428  Cost = 0.888439 [sa progress... 16.5539%]
weather report: current Temp = 0.309119  Cost = 1.29183 [sa progress... 16.9896%]
weather report: current Temp = 0.302937  Cost = 0.935043 [sa progress... 17.4252%]
weather report: current Temp = 0.296878  Cost = 0.92955 [sa progress... 17.8608%]
weather report: current Temp = 0.290941  Cost = 0.990419 [sa progress... 18.2965%]
weather report: current Temp = 0.285122  Cost = 1.06624 [sa progress... 18.7321%]
weather report: current Temp = 0.27942  Cost = 0.988523 [sa progress... 19.1677%]
weather report: current Temp = 0.273831  Cost = 0.992278 [sa progress... 19.6033%]
weather report: current Temp = 0.268355  Cost = 0.93165 [sa progress... 20.039%]
weather report: current Temp = 0.262987  Cost = 0.898698 [sa progress... 20.4746%]
weather report: current Temp = 0.257728  Cost = 1.00912 [sa progress... 20.9102%]
weather report: current Temp = 0.252573  Cost = 1.17936 [sa progress... 21.3459%]
weather report: current Temp = 0.247522  Cost = 1.01355 [sa progress... 21.7815%]
weather report: current Temp = 0.242571  Cost = 0.89544 [sa progress... 22.2171%]
weather report: current Temp = 0.23772  Cost = 1.07799 [sa progress... 22.6528%]
weather report: current Temp = 0.232965  Cost = 0.933418 [sa progress... 23.0884%]
weather report: current Temp = 0.228306  Cost = 0.939497 [sa progress... 23.524%]
weather report: current Temp = 0.22374  Cost = 0.962157 [sa progress... 23.9596%]
weather report: current Temp = 0.219265  Cost = 0.875943 [sa progress... 24.3953%]
weather report: current Temp = 0.21488  Cost = 0.980213 [sa progress... 24.8309%]
weather report: current Temp = 0.210582  Cost = 0.9504 [sa progress... 25.2665%]
weather report: current Temp = 0.206371  Cost = 0.866025 [sa progress... 25.7022%]
weather report: current Temp = 0.202243  Cost = 1.0765 [sa progress... 26.1378%]
weather report: current Temp = 0.198198  Cost = 1.02928 [sa progress... 26.5734%]
weather report: current Temp = 0.194234  Cost = 1.122 [sa progress... 27.0091%]
weather report: current Temp = 0.19035  Cost = 0.865795 [sa progress... 27.4447%]
weather report: current Temp = 0.186543  Cost = 1.14306 [sa progress... 27.8803%]
weather report: current Temp = 0.182812  Cost = 1.0382 [sa progress... 28.3159%]
weather report: current Temp = 0.179156  Cost = 0.996957 [sa progress... 28.7516%]
weather report: current Temp = 0.175573  Cost = 0.881078 [sa progress... 29.1872%]
weather report: current Temp = 0.172061  Cost = 0.920539 [sa progress... 29.6228%]
weather report: current Temp = 0.16862  Cost = 1.16566 [sa progress... 30.0585%]
weather report: current Temp = 0.165247  Cost = 0.985534 [sa progress... 30.4941%]
weather report: current Temp = 0.161942  Cost = 1.18958 [sa progress... 30.9297%]
weather report: current Temp = 0.158704  Cost = 0.910991 [sa progress... 31.3654%]
weather report: current Temp = 0.15553  Cost = 0.948998 [sa progress... 31.801%]
weather report: current Temp = 0.152419  Cost = 1.12592 [sa progress... 32.2366%]
weather report: current Temp = 0.149371  Cost = 0.983966 [sa progress... 32.6722%]
weather report: current Temp = 0.146383  Cost = 0.873911 [sa progress... 33.1079%]
weather report: current Temp = 0.143456  Cost = 1.04908 [sa progress... 33.5435%]
weather report: current Temp = 0.140586  Cost = 1.0818 [sa progress... 33.9791%]
weather report: current Temp = 0.137775  Cost = 0.910639 [sa progress... 34.4148%]
weather report: current Temp = 0.135019  Cost = 0.833409 [sa progress... 34.8504%]
weather report: current Temp = 0.132319  Cost = 1.00125 [sa progress... 35.286%]
weather report: current Temp = 0.129672  Cost = 0.901432 [sa progress... 35.7217%]
weather report: current Temp = 0.127079  Cost = 1.13446 [sa progress... 36.1573%]
weather report: current Temp = 0.124537  Cost = 1.01141 [sa progress... 36.5929%]
weather report: current Temp = 0.122047  Cost = 0.91063 [sa progress... 37.0285%]
weather report: current Temp = 0.119606  Cost = 0.888255 [sa progress... 37.4642%]
weather report: current Temp = 0.117214  Cost = 0.910898 [sa progress... 37.8998%]
weather report: current Temp = 0.114869  Cost = 0.912215 [sa progress... 38.3354%]
weather report: current Temp = 0.112572  Cost = 0.912026 [sa progress... 38.7711%]
weather report: current Temp = 0.110321  Cost = 0.899383 [sa progress... 39.2067%]
weather report: current Temp = 0.108114  Cost = 0.935879 [sa progress... 39.6423%]
weather report: current Temp = 0.105952  Cost = 0.848846 [sa progress... 40.078%]
weather report: current Temp = 0.103833  Cost = 0.965784 [sa progress... 40.5136%]
weather report: current Temp = 0.101756  Cost = 0.973162 [sa progress... 40.9492%]
weather report: current Temp = 0.099721  Cost = 0.963512 [sa progress... 41.3848%]
weather report: current Temp = 0.0977266  Cost = 0.9314 [sa progress... 41.8205%]
weather report: current Temp = 0.095772  Cost = 0.980498 [sa progress... 42.2561%]
weather report: current Temp = 0.0938566  Cost = 0.819737 [sa progress... 42.6917%]
weather report: current Temp = 0.0919795  Cost = 0.94283 [sa progress... 43.1274%]
weather report: current Temp = 0.0901399  Cost = 0.802186 [sa progress... 43.563%]
weather report: current Temp = 0.0883371  Cost = 1.10626 [sa progress... 43.9986%]
weather report: current Temp = 0.0865703  Cost = 0.949654 [sa progress... 44.4343%]
weather report: current Temp = 0.0848389  Cost = 0.916144 [sa progress... 44.8699%]
weather report: current Temp = 0.0831422  Cost = 1.04619 [sa progress... 45.3055%]
weather report: current Temp = 0.0814793  Cost = 0.938341 [sa progress... 45.7411%]
weather report: current Temp = 0.0798497  Cost = 0.89617 [sa progress... 46.1768%]
weather report: current Temp = 0.0782527  Cost = 0.863439 [sa progress... 46.6124%]
weather report: current Temp = 0.0766877  Cost = 0.973182 [sa progress... 47.048%]
weather report: current Temp = 0.0751539  Cost = 0.87918 [sa progress... 47.4837%]
weather report: current Temp = 0.0736509  Cost = 0.887322 [sa progress... 47.9193%]
weather report: current Temp = 0.0721778  Cost = 0.936312 [sa progress... 48.3549%]
weather report: current Temp = 0.0707343  Cost = 0.91374 [sa progress... 48.7906%]
weather report: current Temp = 0.0693196  Cost = 0.930317 [sa progress... 49.2262%]
weather report: current Temp = 0.0679332  Cost = 0.914755 [sa progress... 49.6618%]
weather report: current Temp = 0.0665745  Cost = 0.827731 [sa progress... 50.0974%]
weather report: current Temp = 0.065243  Cost = 0.807309 [sa progress... 50.5331%]
weather report: current Temp = 0.0639382  Cost = 0.929082 [sa progress... 50.9687%]
weather report: current Temp = 0.0626594  Cost = 1.04615 [sa progress... 51.4043%]
weather report: current Temp = 0.0614062  Cost = 0.901289 [sa progress... 51.84%]
weather report: current Temp = 0.0601781  Cost = 0.935058 [sa progress... 52.2756%]
weather report: current Temp = 0.0589745  Cost = 0.88108 [sa progress... 52.7112%]
weather report: current Temp = 0.0577951  Cost = 0.927937 [sa progress... 53.1469%]
weather report: current Temp = 0.0566392  Cost = 0.959442 [sa progress... 53.5825%]
weather report: current Temp = 0.0555064  Cost = 0.875695 [sa progress... 54.0181%]
weather report: current Temp = 0.0543962  Cost = 0.798657 [sa progress... 54.4537%]
weather report: current Temp = 0.0533083  Cost = 0.877452 [sa progress... 54.8894%]
weather report: current Temp = 0.0522422  Cost = 0.7788 [sa progress... 55.325%]
updateOptSol() : find better sol!
>> cost = 0.735891
updateOptSol() : find better sol!
>> cost = 0.735106
updateOptSol() : find better sol!
>> cost = 0.733737
updateOptSol() : find better sol!
>> cost = 0.715737
weather report: current Temp = 0.0511973  Cost = 0.787473 [sa progress... 55.7606%]
weather report: current Temp = 0.0501734  Cost = 0.900815 [sa progress... 56.1963%]
weather report: current Temp = 0.0491699  Cost = 0.908694 [sa progress... 56.6319%]
weather report: current Temp = 0.0481865  Cost = 0.846347 [sa progress... 57.0675%]
weather report: current Temp = 0.0472228  Cost = 0.834039 [sa progress... 57.5032%]
weather report: current Temp = 0.0462783  Cost = 0.836131 [sa progress... 57.9388%]
weather report: current Temp = 0.0453527  Cost = 0.914133 [sa progress... 58.3744%]
weather report: current Temp = 0.0444457  Cost = 0.818992 [sa progress... 58.81%]
weather report: current Temp = 0.0435568  Cost = 0.807996 [sa progress... 59.2457%]
weather report: current Temp = 0.0426856  Cost = 0.802349 [sa progress... 59.6813%]
weather report: current Temp = 0.0418319  Cost = 0.809018 [sa progress... 60.1169%]
weather report: current Temp = 0.0409953  Cost = 0.761747 [sa progress... 60.5526%]
weather report: current Temp = 0.0401754  Cost = 0.809313 [sa progress... 60.9882%]
weather report: current Temp = 0.0393719  Cost = 0.798897 [sa progress... 61.4238%]
weather report: current Temp = 0.0385844  Cost = 0.843868 [sa progress... 61.8595%]
weather report: current Temp = 0.0378127  Cost = 0.850083 [sa progress... 62.2951%]
weather report: current Temp = 0.0370565  Cost = 0.800817 [sa progress... 62.7307%]
weather report: current Temp = 0.0363154  Cost = 0.803737 [sa progress... 63.1663%]
weather report: current Temp = 0.0355891  Cost = 0.767035 [sa progress... 63.602%]
weather report: current Temp = 0.0348773  Cost = 0.79521 [sa progress... 64.0376%]
weather report: current Temp = 0.0341797  Cost = 0.853446 [sa progress... 64.4732%]
weather report: current Temp = 0.0334961  Cost = 0.892313 [sa progress... 64.9089%]
weather report: current Temp = 0.0328262  Cost = 0.784286 [sa progress... 65.3445%]
weather report: current Temp = 0.0321697  Cost = 0.798272 [sa progress... 65.7801%]
weather report: current Temp = 0.0315263  Cost = 0.780795 [sa progress... 66.2158%]
weather report: current Temp = 0.0308958  Cost = 0.772778 [sa progress... 66.6514%]
weather report: current Temp = 0.0302779  Cost = 0.841544 [sa progress... 67.087%]
weather report: current Temp = 0.0296723  Cost = 0.816977 [sa progress... 67.5226%]
weather report: current Temp = 0.0290789  Cost = 0.826751 [sa progress... 67.9583%]
weather report: current Temp = 0.0284973  Cost = 0.841411 [sa progress... 68.3939%]
weather report: current Temp = 0.0279273  Cost = 0.891888 [sa progress... 68.8295%]
weather report: current Temp = 0.0273688  Cost = 0.90829 [sa progress... 69.2652%]
weather report: current Temp = 0.0268214  Cost = 0.989646 [sa progress... 69.7008%]
weather report: current Temp = 0.026285  Cost = 0.87192 [sa progress... 70.1364%]
weather report: current Temp = 0.0257593  Cost = 0.860703 [sa progress... 70.5721%]
weather report: current Temp = 0.0252441  Cost = 0.804228 [sa progress... 71.0077%]
weather report: current Temp = 0.0247392  Cost = 0.932201 [sa progress... 71.4433%]
weather report: current Temp = 0.0242444  Cost = 0.842391 [sa progress... 71.8789%]
weather report: current Temp = 0.0237595  Cost = 0.91994 [sa progress... 72.3146%]
weather report: current Temp = 0.0232843  Cost = 0.869894 [sa progress... 72.7502%]
weather report: current Temp = 0.0228187  Cost = 0.85786 [sa progress... 73.1858%]
weather report: current Temp = 0.0223623  Cost = 0.847705 [sa progress... 73.6215%]
weather report: current Temp = 0.021915  Cost = 0.859301 [sa progress... 74.0571%]
weather report: current Temp = 0.0214767  Cost = 0.838179 [sa progress... 74.4927%]
weather report: current Temp = 0.0210472  Cost = 0.857433 [sa progress... 74.9284%]
weather report: current Temp = 0.0206263  Cost = 0.845111 [sa progress... 75.364%]
weather report: current Temp = 0.0202137  Cost = 0.764185 [sa progress... 75.7996%]
weather report: current Temp = 0.0198095  Cost = 0.867623 [sa progress... 76.2352%]
weather report: current Temp = 0.0194133  Cost = 0.850722 [sa progress... 76.6709%]
weather report: current Temp = 0.019025  Cost = 0.802994 [sa progress... 77.1065%]
weather report: current Temp = 0.0186445  Cost = 0.797061 [sa progress... 77.5421%]
weather report: current Temp = 0.0182716  Cost = 0.847961 [sa progress... 77.9778%]
weather report: current Temp = 0.0179062  Cost = 0.804484 [sa progress... 78.4134%]
weather report: current Temp = 0.0175481  Cost = 0.795421 [sa progress... 78.849%]
weather report: current Temp = 0.0171971  Cost = 0.790237 [sa progress... 79.2847%]
weather report: current Temp = 0.0168532  Cost = 0.803725 [sa progress... 79.7203%]
weather report: current Temp = 0.0165161  Cost = 0.792546 [sa progress... 80.1559%]
weather report: current Temp = 0.0161858  Cost = 0.747881 [sa progress... 80.5915%]
weather report: current Temp = 0.0158621  Cost = 0.788336 [sa progress... 81.0272%]
weather report: current Temp = 0.0155448  Cost = 0.827391 [sa progress... 81.4628%]
weather report: current Temp = 0.0152339  Cost = 0.771171 [sa progress... 81.8984%]
weather report: current Temp = 0.0149292  Cost = 0.824303 [sa progress... 82.3341%]
weather report: current Temp = 0.0146307  Cost = 0.819021 [sa progress... 82.7697%]
weather report: current Temp = 0.014338  Cost = 0.750605 [sa progress... 83.2053%]
weather report: current Temp = 0.0140513  Cost = 0.789436 [sa progress... 83.641%]
weather report: current Temp = 0.0137703  Cost = 0.780875 [sa progress... 84.0766%]
weather report: current Temp = 0.0134949  Cost = 0.780063 [sa progress... 84.5122%]
weather report: current Temp = 0.013225  Cost = 0.795369 [sa progress... 84.9478%]
weather report: current Temp = 0.0129605  Cost = 0.800632 [sa progress... 85.3835%]
weather report: current Temp = 0.0127012  Cost = 0.817187 [sa progress... 85.8191%]
weather report: current Temp = 0.0124472  Cost = 0.824524 [sa progress... 86.2547%]
weather report: current Temp = 0.0121983  Cost = 0.768874 [sa progress... 86.6904%]
weather report: current Temp = 0.0119543  Cost = 0.745247 [sa progress... 87.126%]
weather report: current Temp = 0.0117152  Cost = 0.815691 [sa progress... 87.5616%]
weather report: current Temp = 0.0114809  Cost = 0.816806 [sa progress... 87.9973%]
weather report: current Temp = 0.0112513  Cost = 0.799712 [sa progress... 88.4329%]
weather report: current Temp = 0.0110263  Cost = 0.782957 [sa progress... 88.8685%]
weather report: current Temp = 0.0108058  Cost = 0.789881 [sa progress... 89.3041%]
weather report: current Temp = 0.0105896  Cost = 0.766888 [sa progress... 89.7398%]
updateOptSol() : find better sol!
>> cost = 0.710569
updateOptSol() : find better sol!
>> cost = 0.703127
updateOptSol() : find better sol!
>> cost = 0.702507
updateOptSol() : find better sol!
>> cost = 0.696086
weather report: current Temp = 0.0103778  Cost = 0.713197 [sa progress... 90.1754%]
weather report: current Temp = 0.0101703  Cost = 0.750445 [sa progress... 90.611%]
updateOptSol() : find better sol!
>> cost = 0.694996
updateOptSol() : find better sol!
>> cost = 0.694418
updateOptSol() : find better sol!
>> cost = 0.688011
updateOptSol() : find better sol!
>> cost = 0.687161
updateOptSol() : find better sol!
>> cost = 0.684489
updateOptSol() : find better sol!
>> cost = 0.68389
weather report: current Temp = 0.00996688  Cost = 0.712812 [sa progress... 91.0467%]
weather report: current Temp = 0.00976754  Cost = 0.700013 [sa progress... 91.4823%]
weather report: current Temp = 0.00957219  Cost = 0.757092 [sa progress... 91.9179%]
weather report: current Temp = 0.00938075  Cost = 0.774108 [sa progress... 92.3535%]
weather report: current Temp = 0.00919313  Cost = 0.695687 [sa progress... 92.7892%]
weather report: current Temp = 0.00900927  Cost = 0.738394 [sa progress... 93.2248%]
weather report: current Temp = 0.00882909  Cost = 0.711863 [sa progress... 93.6604%]
weather report: current Temp = 0.0086525  Cost = 0.710829 [sa progress... 94.0961%]
weather report: current Temp = 0.00847945  Cost = 0.69614 [sa progress... 94.5317%]
updateOptSol() : find better sol!
>> cost = 0.681228
updateOptSol() : find better sol!
>> cost = 0.676074
updateOptSol() : find better sol!
>> cost = 0.671919
weather report: current Temp = 0.00830986  Cost = 0.700743 [sa progress... 94.9673%]
weather report: current Temp = 0.00814367  Cost = 0.692883 [sa progress... 95.403%]
weather report: current Temp = 0.00798079  Cost = 0.69691 [sa progress... 95.8386%]
weather report: current Temp = 0.00782118  Cost = 0.712368 [sa progress... 96.2742%]
weather report: current Temp = 0.00766475  Cost = 0.701252 [sa progress... 96.7098%]
updateOptSol() : find better sol!
>> cost = 0.670505
updateOptSol() : find better sol!
>> cost = 0.667609
weather report: current Temp = 0.00751146  Cost = 0.694162 [sa progress... 97.1455%]
updateOptSol() : find better sol!
>> cost = 0.667278
updateOptSol() : find better sol!
>> cost = 0.665035
weather report: current Temp = 0.00736123  Cost = 0.67025 [sa progress... 97.5811%]
updateOptSol() : find better sol!
>> cost = 0.663416
updateOptSol() : find better sol!
>> cost = 0.663188
updateOptSol() : find better sol!
>> cost = 0.660276
updateOptSol() : find better sol!
>> cost = 0.659912
updateOptSol() : find better sol!
>> cost = 0.65817
updateOptSol() : find better sol!
>> cost = 0.657582
weather report: current Temp = 0.00721401  Cost = 0.693016 [sa progress... 98.0167%]
weather report: current Temp = 0.00706973  Cost = 0.684217 [sa progress... 98.4524%]
updateOptSol() : find better sol!
>> cost = 0.655038
weather report: current Temp = 0.00692833  Cost = 0.669152 [sa progress... 98.888%]
weather report: current Temp = 0.00678976  Cost = 0.702325 [sa progress... 99.3236%]
weather report: current Temp = 0.00665397  Cost = 0.684302 [sa progress... 99.7593%]
simAnneal_int(): done, _optCost = 0.655038
> total perturbation: 115000 uphill: 8680 downhill: 20187
2th attempt!

setTemp(): start greedy search
avgDcost:0.045507 T0:0.887191, Tx:0.008589
simAnneal_int(): start to SA
weather report: current Temp = 0.869447  Cost = 0.809715 [sa progress... 0%]
weather report: current Temp = 0.852058  Cost = 0.820972 [sa progress... 0.43563%]
weather report: current Temp = 0.835017  Cost = 1.04724 [sa progress... 0.87126%]
weather report: current Temp = 0.818317  Cost = 0.957215 [sa progress... 1.30689%]
weather report: current Temp = 0.80195  Cost = 0.982025 [sa progress... 1.74252%]
weather report: current Temp = 0.785911  Cost = 1.851 [sa progress... 2.17815%]
weather report: current Temp = 0.770193  Cost = 1.60484 [sa progress... 2.61378%]
weather report: current Temp = 0.754789  Cost = 1.2526 [sa progress... 3.04941%]
weather report: current Temp = 0.739693  Cost = 1.76298 [sa progress... 3.48504%]
weather report: current Temp = 0.724899  Cost = 1.28693 [sa progress... 3.92067%]
weather report: current Temp = 0.710401  Cost = 0.897688 [sa progress... 4.3563%]
weather report: current Temp = 0.696193  Cost = 1.05096 [sa progress... 4.79193%]
weather report: current Temp = 0.68227  Cost = 0.966105 [sa progress... 5.22756%]
weather report: current Temp = 0.668624  Cost = 0.859155 [sa progress... 5.66319%]
weather report: current Temp = 0.655252  Cost = 1.14379 [sa progress... 6.09882%]
weather report: current Temp = 0.642147  Cost = 1.0145 [sa progress... 6.53445%]
weather report: current Temp = 0.629304  Cost = 1.33743 [sa progress... 6.97008%]
weather report: current Temp = 0.616718  Cost = 0.971454 [sa progress... 7.40571%]
weather report: current Temp = 0.604383  Cost = 1.08062 [sa progress... 7.84134%]
weather report: current Temp = 0.592296  Cost = 0.972688 [sa progress... 8.27697%]
weather report: current Temp = 0.58045  Cost = 0.917476 [sa progress... 8.7126%]
weather report: current Temp = 0.568841  Cost = 1.16894 [sa progress... 9.14823%]
weather report: current Temp = 0.557464  Cost = 0.95482 [sa progress... 9.58386%]
weather report: current Temp = 0.546315  Cost = 0.908292 [sa progress... 10.0195%]
weather report: current Temp = 0.535388  Cost = 1.01077 [sa progress... 10.4551%]
weather report: current Temp = 0.524681  Cost = 1.06813 [sa progress... 10.8907%]
weather report: current Temp = 0.514187  Cost = 1.23355 [sa progress... 11.3264%]
weather report: current Temp = 0.503903  Cost = 1.13607 [sa progress... 11.762%]
weather report: current Temp = 0.493825  Cost = 1.48241 [sa progress... 12.1976%]
weather report: current Temp = 0.483949  Cost = 1.21983 [sa progress... 12.6333%]
weather report: current Temp = 0.47427  Cost = 1.20204 [sa progress... 13.0689%]
weather report: current Temp = 0.464784  Cost = 1.13025 [sa progress... 13.5045%]
weather report: current Temp = 0.455489  Cost = 1.13909 [sa progress... 13.9402%]
weather report: current Temp = 0.446379  Cost = 1.02184 [sa progress... 14.3758%]
weather report: current Temp = 0.437451  Cost = 1.08382 [sa progress... 14.8114%]
weather report: current Temp = 0.428702  Cost = 0.970838 [sa progress... 15.247%]
weather report: current Temp = 0.420128  Cost = 0.897565 [sa progress... 15.6827%]
weather report: current Temp = 0.411726  Cost = 1.09008 [sa progress... 16.1183%]
weather report: current Temp = 0.403491  Cost = 1.3616 [sa progress... 16.5539%]
weather report: current Temp = 0.395421  Cost = 1.04365 [sa progress... 16.9896%]
weather report: current Temp = 0.387513  Cost = 1.2319 [sa progress... 17.4252%]
weather report: current Temp = 0.379763  Cost = 0.96411 [sa progress... 17.8608%]
weather report: current Temp = 0.372167  Cost = 1.28135 [sa progress... 18.2965%]
weather report: current Temp = 0.364724  Cost = 1.04135 [sa progress... 18.7321%]
weather report: current Temp = 0.35743  Cost = 1.02204 [sa progress... 19.1677%]
weather report: current Temp = 0.350281  Cost = 1.14028 [sa progress... 19.6033%]
weather report: current Temp = 0.343275  Cost = 1.11556 [sa progress... 20.039%]
weather report: current Temp = 0.33641  Cost = 1.21722 [sa progress... 20.4746%]
weather report: current Temp = 0.329682  Cost = 1.47077 [sa progress... 20.9102%]
weather report: current Temp = 0.323088  Cost = 0.970245 [sa progress... 21.3459%]
weather report: current Temp = 0.316626  Cost = 1.0918 [sa progress... 21.7815%]
weather report: current Temp = 0.310294  Cost = 0.884827 [sa progress... 22.2171%]
weather report: current Temp = 0.304088  Cost = 0.959295 [sa progress... 22.6528%]
weather report: current Temp = 0.298006  Cost = 0.946414 [sa progress... 23.0884%]
weather report: current Temp = 0.292046  Cost = 0.964314 [sa progress... 23.524%]
weather report: current Temp = 0.286205  Cost = 0.919214 [sa progress... 23.9596%]
weather report: current Temp = 0.280481  Cost = 1.07077 [sa progress... 24.3953%]
weather report: current Temp = 0.274871  Cost = 0.960779 [sa progress... 24.8309%]
weather report: current Temp = 0.269374  Cost = 0.973123 [sa progress... 25.2665%]
weather report: current Temp = 0.263986  Cost = 1.06245 [sa progress... 25.7022%]
weather report: current Temp = 0.258707  Cost = 0.869721 [sa progress... 26.1378%]
weather report: current Temp = 0.253533  Cost = 0.915674 [sa progress... 26.5734%]
weather report: current Temp = 0.248462  Cost = 0.914065 [sa progress... 27.0091%]
weather report: current Temp = 0.243493  Cost = 0.940469 [sa progress... 27.4447%]
weather report: current Temp = 0.238623  Cost = 1.0029 [sa progress... 27.8803%]
weather report: current Temp = 0.23385  Cost = 0.95607 [sa progress... 28.3159%]
weather report: current Temp = 0.229173  Cost = 0.949474 [sa progress... 28.7516%]
weather report: current Temp = 0.22459  Cost = 0.82958 [sa progress... 29.1872%]
weather report: current Temp = 0.220098  Cost = 0.963022 [sa progress... 29.6228%]
weather report: current Temp = 0.215696  Cost = 0.986707 [sa progress... 30.0585%]
weather report: current Temp = 0.211382  Cost = 1.09689 [sa progress... 30.4941%]
weather report: current Temp = 0.207155  Cost = 0.902602 [sa progress... 30.9297%]
weather report: current Temp = 0.203011  Cost = 0.944825 [sa progress... 31.3654%]
weather report: current Temp = 0.198951  Cost = 0.842662 [sa progress... 31.801%]
weather report: current Temp = 0.194972  Cost = 1.04248 [sa progress... 32.2366%]
weather report: current Temp = 0.191073  Cost = 1.08698 [sa progress... 32.6722%]
weather report: current Temp = 0.187251  Cost = 1.34346 [sa progress... 33.1079%]
weather report: current Temp = 0.183506  Cost = 0.951526 [sa progress... 33.5435%]
weather report: current Temp = 0.179836  Cost = 1.18816 [sa progress... 33.9791%]
weather report: current Temp = 0.176239  Cost = 0.945662 [sa progress... 34.4148%]
weather report: current Temp = 0.172715  Cost = 0.85667 [sa progress... 34.8504%]
weather report: current Temp = 0.16926  Cost = 1.03277 [sa progress... 35.286%]
weather report: current Temp = 0.165875  Cost = 0.946813 [sa progress... 35.7217%]
weather report: current Temp = 0.162558  Cost = 0.871131 [sa progress... 36.1573%]
weather report: current Temp = 0.159306  Cost = 1.08012 [sa progress... 36.5929%]
weather report: current Temp = 0.15612  Cost = 0.931913 [sa progress... 37.0285%]
weather report: current Temp = 0.152998  Cost = 0.973659 [sa progress... 37.4642%]
weather report: current Temp = 0.149938  Cost = 1.11111 [sa progress... 37.8998%]
weather report: current Temp = 0.146939  Cost = 0.898085 [sa progress... 38.3354%]
weather report: current Temp = 0.144  Cost = 0.97239 [sa progress... 38.7711%]
weather report: current Temp = 0.14112  Cost = 0.971658 [sa progress... 39.2067%]
weather report: current Temp = 0.138298  Cost = 0.955423 [sa progress... 39.6423%]
weather report: current Temp = 0.135532  Cost = 1.00987 [sa progress... 40.078%]
weather report: current Temp = 0.132821  Cost = 0.990672 [sa progress... 40.5136%]
weather report: current Temp = 0.130165  Cost = 0.873708 [sa progress... 40.9492%]
weather report: current Temp = 0.127562  Cost = 1.12128 [sa progress... 41.3848%]
weather report: current Temp = 0.12501  Cost = 0.982168 [sa progress... 41.8205%]
weather report: current Temp = 0.12251  Cost = 0.944999 [sa progress... 42.2561%]
weather report: current Temp = 0.12006  Cost = 0.957272 [sa progress... 42.6917%]
weather report: current Temp = 0.117659  Cost = 1.01369 [sa progress... 43.1274%]
weather report: current Temp = 0.115306  Cost = 0.900404 [sa progress... 43.563%]
weather report: current Temp = 0.113  Cost = 0.864434 [sa progress... 43.9986%]
weather report: current Temp = 0.11074  Cost = 0.81982 [sa progress... 44.4343%]
weather report: current Temp = 0.108525  Cost = 1.00936 [sa progress... 44.8699%]
weather report: current Temp = 0.106354  Cost = 1.01196 [sa progress... 45.3055%]
weather report: current Temp = 0.104227  Cost = 0.890322 [sa progress... 45.7411%]
weather report: current Temp = 0.102143  Cost = 0.905121 [sa progress... 46.1768%]
weather report: current Temp = 0.1001  Cost = 0.901484 [sa progress... 46.6124%]
weather report: current Temp = 0.0980978  Cost = 0.882044 [sa progress... 47.048%]
weather report: current Temp = 0.0961358  Cost = 0.976145 [sa progress... 47.4837%]
weather report: current Temp = 0.0942131  Cost = 0.895217 [sa progress... 47.9193%]
weather report: current Temp = 0.0923289  Cost = 0.910918 [sa progress... 48.3549%]
weather report: current Temp = 0.0904823  Cost = 0.960851 [sa progress... 48.7906%]
weather report: current Temp = 0.0886726  Cost = 0.894724 [sa progress... 49.2262%]
weather report: current Temp = 0.0868992  Cost = 0.803174 [sa progress... 49.6618%]
weather report: current Temp = 0.0851612  Cost = 0.901816 [sa progress... 50.0974%]
weather report: current Temp = 0.083458  Cost = 0.775851 [sa progress... 50.5331%]
weather report: current Temp = 0.0817888  Cost = 0.854882 [sa progress... 50.9687%]
weather report: current Temp = 0.080153  Cost = 0.881127 [sa progress... 51.4043%]
weather report: current Temp = 0.07855  Cost = 0.857651 [sa progress... 51.84%]
weather report: current Temp = 0.076979  Cost = 0.902161 [sa progress... 52.2756%]
weather report: current Temp = 0.0754394  Cost = 0.904401 [sa progress... 52.7112%]
weather report: current Temp = 0.0739306  Cost = 0.964775 [sa progress... 53.1469%]
weather report: current Temp = 0.072452  Cost = 0.904607 [sa progress... 53.5825%]
weather report: current Temp = 0.071003  Cost = 0.913322 [sa progress... 54.0181%]
weather report: current Temp = 0.0695829  Cost = 0.838964 [sa progress... 54.4537%]
weather report: current Temp = 0.0681912  Cost = 0.849718 [sa progress... 54.8894%]
weather report: current Temp = 0.0668274  Cost = 0.890802 [sa progress... 55.325%]
weather report: current Temp = 0.0654909  Cost = 0.867517 [sa progress... 55.7606%]
weather report: current Temp = 0.0641811  Cost = 0.954055 [sa progress... 56.1963%]
weather report: current Temp = 0.0628974  Cost = 0.964371 [sa progress... 56.6319%]
weather report: current Temp = 0.0616395  Cost = 0.880609 [sa progress... 57.0675%]
weather report: current Temp = 0.0604067  Cost = 0.793935 [sa progress... 57.5032%]
weather report: current Temp = 0.0591986  Cost = 0.902824 [sa progress... 57.9388%]
weather report: current Temp = 0.0580146  Cost = 0.905954 [sa progress... 58.3744%]
weather report: current Temp = 0.0568543  Cost = 0.931722 [sa progress... 58.81%]
weather report: current Temp = 0.0557172  Cost = 0.93247 [sa progress... 59.2457%]
weather report: current Temp = 0.0546029  Cost = 0.926015 [sa progress... 59.6813%]
weather report: current Temp = 0.0535108  Cost = 0.986533 [sa progress... 60.1169%]
weather report: current Temp = 0.0524406  Cost = 0.847543 [sa progress... 60.5526%]
weather report: current Temp = 0.0513918  Cost = 0.953883 [sa progress... 60.9882%]
weather report: current Temp = 0.0503639  Cost = 0.883514 [sa progress... 61.4238%]
weather report: current Temp = 0.0493567  Cost = 0.933848 [sa progress... 61.8595%]
weather report: current Temp = 0.0483695  Cost = 0.982814 [sa progress... 62.2951%]
weather report: current Temp = 0.0474021  Cost = 0.883393 [sa progress... 62.7307%]
weather report: current Temp = 0.0464541  Cost = 0.887699 [sa progress... 63.1663%]
weather report: current Temp = 0.045525  Cost = 0.889607 [sa progress... 63.602%]
weather report: current Temp = 0.0446145  Cost = 0.793618 [sa progress... 64.0376%]
weather report: current Temp = 0.0437222  Cost = 0.835777 [sa progress... 64.4732%]
weather report: current Temp = 0.0428478  Cost = 0.766087 [sa progress... 64.9089%]
weather report: current Temp = 0.0419908  Cost = 0.87069 [sa progress... 65.3445%]
weather report: current Temp = 0.041151  Cost = 0.896142 [sa progress... 65.7801%]
weather report: current Temp = 0.040328  Cost = 0.926332 [sa progress... 66.2158%]
weather report: current Temp = 0.0395214  Cost = 0.890293 [sa progress... 66.6514%]
weather report: current Temp = 0.038731  Cost = 0.887941 [sa progress... 67.087%]
weather report: current Temp = 0.0379564  Cost = 0.861877 [sa progress... 67.5226%]
weather report: current Temp = 0.0371973  Cost = 0.867164 [sa progress... 67.9583%]
weather report: current Temp = 0.0364533  Cost = 0.824707 [sa progress... 68.3939%]
weather report: current Temp = 0.0357242  Cost = 0.803168 [sa progress... 68.8295%]
weather report: current Temp = 0.0350098  Cost = 0.775252 [sa progress... 69.2652%]
weather report: current Temp = 0.0343096  Cost = 0.86696 [sa progress... 69.7008%]
weather report: current Temp = 0.0336234  Cost = 0.741897 [sa progress... 70.1364%]
weather report: current Temp = 0.0329509  Cost = 0.839153 [sa progress... 70.5721%]
weather report: current Temp = 0.0322919  Cost = 0.797779 [sa progress... 71.0077%]
weather report: current Temp = 0.031646  Cost = 0.815992 [sa progress... 71.4433%]
weather report: current Temp = 0.0310131  Cost = 0.733354 [sa progress... 71.8789%]
weather report: current Temp = 0.0303929  Cost = 0.778888 [sa progress... 72.3146%]
weather report: current Temp = 0.029785  Cost = 0.753163 [sa progress... 72.7502%]
weather report: current Temp = 0.0291893  Cost = 0.762673 [sa progress... 73.1858%]
weather report: current Temp = 0.0286055  Cost = 0.753163 [sa progress... 73.6215%]
weather report: current Temp = 0.0280334  Cost = 0.791977 [sa progress... 74.0571%]
weather report: current Temp = 0.0274727  Cost = 0.810848 [sa progress... 74.4927%]
weather report: current Temp = 0.0269233  Cost = 0.898113 [sa progress... 74.9284%]
weather report: current Temp = 0.0263848  Cost = 0.867979 [sa progress... 75.364%]
weather report: current Temp = 0.0258571  Cost = 0.773456 [sa progress... 75.7996%]
weather report: current Temp = 0.02534  Cost = 0.800559 [sa progress... 76.2352%]
weather report: current Temp = 0.0248332  Cost = 0.804385 [sa progress... 76.6709%]
weather report: current Temp = 0.0243365  Cost = 0.773005 [sa progress... 77.1065%]
weather report: current Temp = 0.0238498  Cost = 0.7821 [sa progress... 77.5421%]
weather report: current Temp = 0.0233728  Cost = 0.756266 [sa progress... 77.9778%]
weather report: current Temp = 0.0229053  Cost = 0.829598 [sa progress... 78.4134%]
weather report: current Temp = 0.0224472  Cost = 0.792889 [sa progress... 78.849%]
weather report: current Temp = 0.0219983  Cost = 0.762431 [sa progress... 79.2847%]
weather report: current Temp = 0.0215583  Cost = 0.817446 [sa progress... 79.7203%]
weather report: current Temp = 0.0211272  Cost = 0.740319 [sa progress... 80.1559%]
weather report: current Temp = 0.0207046  Cost = 0.78723 [sa progress... 80.5915%]
weather report: current Temp = 0.0202905  Cost = 0.82867 [sa progress... 81.0272%]
weather report: current Temp = 0.0198847  Cost = 0.814821 [sa progress... 81.4628%]
weather report: current Temp = 0.019487  Cost = 0.792753 [sa progress... 81.8984%]
weather report: current Temp = 0.0190973  Cost = 0.795749 [sa progress... 82.3341%]
weather report: current Temp = 0.0187153  Cost = 0.717024 [sa progress... 82.7697%]
weather report: current Temp = 0.018341  Cost = 0.751126 [sa progress... 83.2053%]
weather report: current Temp = 0.0179742  Cost = 0.775171 [sa progress... 83.641%]
weather report: current Temp = 0.0176147  Cost = 0.761815 [sa progress... 84.0766%]
weather report: current Temp = 0.0172624  Cost = 0.744273 [sa progress... 84.5122%]
weather report: current Temp = 0.0169172  Cost = 0.764561 [sa progress... 84.9478%]
weather report: current Temp = 0.0165788  Cost = 0.756027 [sa progress... 85.3835%]
weather report: current Temp = 0.0162473  Cost = 0.83133 [sa progress... 85.8191%]
weather report: current Temp = 0.0159223  Cost = 0.771891 [sa progress... 86.2547%]
weather report: current Temp = 0.0156039  Cost = 0.784957 [sa progress... 86.6904%]
weather report: current Temp = 0.0152918  Cost = 0.730716 [sa progress... 87.126%]
weather report: current Temp = 0.014986  Cost = 0.804424 [sa progress... 87.5616%]
weather report: current Temp = 0.0146862  Cost = 0.772222 [sa progress... 87.9973%]
weather report: current Temp = 0.0143925  Cost = 0.786301 [sa progress... 88.4329%]
weather report: current Temp = 0.0141047  Cost = 0.746361 [sa progress... 88.8685%]
weather report: current Temp = 0.0138226  Cost = 0.746409 [sa progress... 89.3041%]
weather report: current Temp = 0.0135461  Cost = 0.769305 [sa progress... 89.7398%]
weather report: current Temp = 0.0132752  Cost = 0.766261 [sa progress... 90.1754%]
weather report: current Temp = 0.0130097  Cost = 0.720991 [sa progress... 90.611%]
weather report: current Temp = 0.0127495  Cost = 0.71213 [sa progress... 91.0467%]
weather report: current Temp = 0.0124945  Cost = 0.740172 [sa progress... 91.4823%]
weather report: current Temp = 0.0122446  Cost = 0.732753 [sa progress... 91.9179%]
weather report: current Temp = 0.0119997  Cost = 0.731346 [sa progress... 92.3535%]
weather report: current Temp = 0.0117597  Cost = 0.735966 [sa progress... 92.7892%]
weather report: current Temp = 0.0115245  Cost = 0.759891 [sa progress... 93.2248%]
weather report: current Temp = 0.011294  Cost = 0.771126 [sa progress... 93.6604%]
weather report: current Temp = 0.0110682  Cost = 0.717159 [sa progress... 94.0961%]
weather report: current Temp = 0.0108468  Cost = 0.699232 [sa progress... 94.5317%]
weather report: current Temp = 0.0106299  Cost = 0.688124 [sa progress... 94.9673%]
weather report: current Temp = 0.0104173  Cost = 0.724394 [sa progress... 95.403%]
weather report: current Temp = 0.0102089  Cost = 0.703987 [sa progress... 95.8386%]
updateOptSol() : find better sol!
>> cost = 0.652931
updateOptSol() : find better sol!
>> cost = 0.644496
updateOptSol() : find better sol!
>> cost = 0.644446
weather report: current Temp = 0.0100047  Cost = 0.654587 [sa progress... 96.2742%]
weather report: current Temp = 0.00980465  Cost = 0.659755 [sa progress... 96.7098%]
weather report: current Temp = 0.00960855  Cost = 0.695406 [sa progress... 97.1455%]
weather report: current Temp = 0.00941638  Cost = 0.762057 [sa progress... 97.5811%]
weather report: current Temp = 0.00922805  Cost = 0.687198 [sa progress... 98.0167%]
weather report: current Temp = 0.00904349  Cost = 0.689464 [sa progress... 98.4524%]
weather report: current Temp = 0.00886262  Cost = 0.712367 [sa progress... 98.888%]
weather report: current Temp = 0.00868537  Cost = 0.684255 [sa progress... 99.3236%]
weather report: current Temp = 0.00851166  Cost = 0.694853 [sa progress... 99.7593%]
simAnneal_int(): done, _optCost = 0.644446
> total perturbation: 115000 uphill: 8784 downhill: 20965
3th attempt!

setTemp(): start greedy search
avgDcost:0.036487 T0:0.711350, Tx:0.006887
simAnneal_int(): start to SA
weather report: current Temp = 0.697123  Cost = 0.877099 [sa progress... 0%]
weather report: current Temp = 0.68318  Cost = 1.0534 [sa progress... 0.43563%]
weather report: current Temp = 0.669517  Cost = 1.45842 [sa progress... 0.87126%]
weather report: current Temp = 0.656126  Cost = 0.949927 [sa progress... 1.30689%]
weather report: current Temp = 0.643004  Cost = 0.895622 [sa progress... 1.74252%]
weather report: current Temp = 0.630144  Cost = 1.93072 [sa progress... 2.17815%]
weather report: current Temp = 0.617541  Cost = 1.87458 [sa progress... 2.61378%]
weather report: current Temp = 0.60519  Cost = 1.87126 [sa progress... 3.04941%]
weather report: current Temp = 0.593086  Cost = 1.8961 [sa progress... 3.48504%]
weather report: current Temp = 0.581225  Cost = 1.49265 [sa progress... 3.92067%]
weather report: current Temp = 0.5696  Cost = 1.08934 [sa progress... 4.3563%]
weather report: current Temp = 0.558208  Cost = 0.904736 [sa progress... 4.79193%]
weather report: current Temp = 0.547044  Cost = 0.994697 [sa progress... 5.22756%]
weather report: current Temp = 0.536103  Cost = 0.998318 [sa progress... 5.66319%]
weather report: current Temp = 0.525381  Cost = 0.923148 [sa progress... 6.09882%]
weather report: current Temp = 0.514873  Cost = 0.891333 [sa progress... 6.53445%]
weather report: current Temp = 0.504576  Cost = 0.870528 [sa progress... 6.97008%]
weather report: current Temp = 0.494484  Cost = 0.852277 [sa progress... 7.40571%]
weather report: current Temp = 0.484595  Cost = 0.913762 [sa progress... 7.84134%]
weather report: current Temp = 0.474903  Cost = 0.879829 [sa progress... 8.27697%]
weather report: current Temp = 0.465405  Cost = 1.57838 [sa progress... 8.7126%]
weather report: current Temp = 0.456097  Cost = 1.50755 [sa progress... 9.14823%]
weather report: current Temp = 0.446975  Cost = 1.20544 [sa progress... 9.58386%]
weather report: current Temp = 0.438035  Cost = 1.04716 [sa progress... 10.0195%]
weather report: current Temp = 0.429275  Cost = 0.835421 [sa progress... 10.4551%]
weather report: current Temp = 0.420689  Cost = 0.86179 [sa progress... 10.8907%]
weather report: current Temp = 0.412275  Cost = 1.01218 [sa progress... 11.3264%]
weather report: current Temp = 0.40403  Cost = 0.908529 [sa progress... 11.762%]
weather report: current Temp = 0.395949  Cost = 1.06315 [sa progress... 12.1976%]
weather report: current Temp = 0.38803  Cost = 1.19772 [sa progress... 12.6333%]
weather report: current Temp = 0.38027  Cost = 1.0317 [sa progress... 13.0689%]
weather report: current Temp = 0.372664  Cost = 0.926581 [sa progress... 13.5045%]
weather report: current Temp = 0.365211  Cost = 1.16309 [sa progress... 13.9402%]
weather report: current Temp = 0.357907  Cost = 1.03896 [sa progress... 14.3758%]
weather report: current Temp = 0.350749  Cost = 0.972488 [sa progress... 14.8114%]
weather report: current Temp = 0.343734  Cost = 0.9506 [sa progress... 15.247%]
weather report: current Temp = 0.336859  Cost = 1.05056 [sa progress... 15.6827%]
weather report: current Temp = 0.330122  Cost = 1.01243 [sa progress... 16.1183%]
weather report: current Temp = 0.323519  Cost = 0.998129 [sa progress... 16.5539%]
weather report: current Temp = 0.317049  Cost = 0.790929 [sa progress... 16.9896%]
weather report: current Temp = 0.310708  Cost = 1.17185 [sa progress... 17.4252%]
weather report: current Temp = 0.304494  Cost = 1.13625 [sa progress... 17.8608%]
weather report: current Temp = 0.298404  Cost = 1.18972 [sa progress... 18.2965%]
weather report: current Temp = 0.292436  Cost = 1.38517 [sa progress... 18.7321%]
weather report: current Temp = 0.286587  Cost = 1.29542 [sa progress... 19.1677%]
weather report: current Temp = 0.280855  Cost = 0.983595 [sa progress... 19.6033%]
weather report: current Temp = 0.275238  Cost = 1.09896 [sa progress... 20.039%]
weather report: current Temp = 0.269733  Cost = 0.976175 [sa progress... 20.4746%]
weather report: current Temp = 0.264339  Cost = 0.898955 [sa progress... 20.9102%]
weather report: current Temp = 0.259052  Cost = 1.00171 [sa progress... 21.3459%]
weather report: current Temp = 0.253871  Cost = 1.20895 [sa progress... 21.7815%]
weather report: current Temp = 0.248794  Cost = 0.931296 [sa progress... 22.2171%]
weather report: current Temp = 0.243818  Cost = 0.879518 [sa progress... 22.6528%]
weather report: current Temp = 0.238941  Cost = 1.09042 [sa progress... 23.0884%]
weather report: current Temp = 0.234163  Cost = 1.39671 [sa progress... 23.524%]
weather report: current Temp = 0.229479  Cost = 1.0913 [sa progress... 23.9596%]
weather report: current Temp = 0.22489  Cost = 1.20293 [sa progress... 24.3953%]
weather report: current Temp = 0.220392  Cost = 1.00536 [sa progress... 24.8309%]
weather report: current Temp = 0.215984  Cost = 1.1077 [sa progress... 25.2665%]
weather report: current Temp = 0.211664  Cost = 1.12826 [sa progress... 25.7022%]
weather report: current Temp = 0.207431  Cost = 1.05997 [sa progress... 26.1378%]
weather report: current Temp = 0.203282  Cost = 1.09233 [sa progress... 26.5734%]
weather report: current Temp = 0.199217  Cost = 0.997509 [sa progress... 27.0091%]
weather report: current Temp = 0.195232  Cost = 1.63942 [sa progress... 27.4447%]
weather report: current Temp = 0.191328  Cost = 1.0911 [sa progress... 27.8803%]
weather report: current Temp = 0.187501  Cost = 0.98683 [sa progress... 28.3159%]
weather report: current Temp = 0.183751  Cost = 1.13379 [sa progress... 28.7516%]
weather report: current Temp = 0.180076  Cost = 1.08259 [sa progress... 29.1872%]
weather report: current Temp = 0.176475  Cost = 0.900964 [sa progress... 29.6228%]
weather report: current Temp = 0.172945  Cost = 0.908584 [sa progress... 30.0585%]
weather report: current Temp = 0.169486  Cost = 0.914418 [sa progress... 30.4941%]
weather report: current Temp = 0.166097  Cost = 0.959613 [sa progress... 30.9297%]
weather report: current Temp = 0.162775  Cost = 0.983313 [sa progress... 31.3654%]
weather report: current Temp = 0.159519  Cost = 0.960565 [sa progress... 31.801%]
weather report: current Temp = 0.156329  Cost = 0.928545 [sa progress... 32.2366%]
weather report: current Temp = 0.153202  Cost = 0.951509 [sa progress... 32.6722%]
weather report: current Temp = 0.150138  Cost = 1.09031 [sa progress... 33.1079%]
weather report: current Temp = 0.147135  Cost = 1.01091 [sa progress... 33.5435%]
weather report: current Temp = 0.144193  Cost = 0.956452 [sa progress... 33.9791%]
weather report: current Temp = 0.141309  Cost = 0.944714 [sa progress... 34.4148%]
weather report: current Temp = 0.138483  Cost = 0.961605 [sa progress... 34.8504%]
weather report: current Temp = 0.135713  Cost = 0.931875 [sa progress... 35.286%]
weather report: current Temp = 0.132999  Cost = 1.00047 [sa progress... 35.7217%]
weather report: current Temp = 0.130339  Cost = 0.964612 [sa progress... 36.1573%]
weather report: current Temp = 0.127732  Cost = 0.958694 [sa progress... 36.5929%]
weather report: current Temp = 0.125177  Cost = 1.0106 [sa progress... 37.0285%]
weather report: current Temp = 0.122674  Cost = 0.924417 [sa progress... 37.4642%]
weather report: current Temp = 0.12022  Cost = 1.00401 [sa progress... 37.8998%]
weather report: current Temp = 0.117816  Cost = 0.951528 [sa progress... 38.3354%]
weather report: current Temp = 0.11546  Cost = 1.23555 [sa progress... 38.7711%]
weather report: current Temp = 0.11315  Cost = 0.938972 [sa progress... 39.2067%]
weather report: current Temp = 0.110887  Cost = 0.897999 [sa progress... 39.6423%]
weather report: current Temp = 0.10867  Cost = 0.94592 [sa progress... 40.078%]
weather report: current Temp = 0.106496  Cost = 0.999107 [sa progress... 40.5136%]
weather report: current Temp = 0.104366  Cost = 0.894759 [sa progress... 40.9492%]
weather report: current Temp = 0.102279  Cost = 0.861374 [sa progress... 41.3848%]
weather report: current Temp = 0.100233  Cost = 0.988716 [sa progress... 41.8205%]
weather report: current Temp = 0.0982288  Cost = 0.95404 [sa progress... 42.2561%]
weather report: current Temp = 0.0962642  Cost = 0.98664 [sa progress... 42.6917%]
weather report: current Temp = 0.0943389  Cost = 0.919206 [sa progress... 43.1274%]
weather report: current Temp = 0.0924521  Cost = 0.95538 [sa progress... 43.563%]
weather report: current Temp = 0.0906031  Cost = 0.856929 [sa progress... 43.9986%]
weather report: current Temp = 0.088791  Cost = 0.893414 [sa progress... 44.4343%]
weather report: current Temp = 0.0870152  Cost = 0.940587 [sa progress... 44.8699%]
weather report: current Temp = 0.0852749  Cost = 0.988085 [sa progress... 45.3055%]
weather report: current Temp = 0.0835694  Cost = 0.877713 [sa progress... 45.7411%]
weather report: current Temp = 0.081898  Cost = 0.956942 [sa progress... 46.1768%]
weather report: current Temp = 0.08026  Cost = 0.876906 [sa progress... 46.6124%]
weather report: current Temp = 0.0786548  Cost = 0.976095 [sa progress... 47.048%]
weather report: current Temp = 0.0770817  Cost = 1.04867 [sa progress... 47.4837%]
weather report: current Temp = 0.0755401  Cost = 1.00655 [sa progress... 47.9193%]
weather report: current Temp = 0.0740293  Cost = 0.942814 [sa progress... 48.3549%]
weather report: current Temp = 0.0725487  Cost = 0.850207 [sa progress... 48.7906%]
weather report: current Temp = 0.0710977  Cost = 1.00952 [sa progress... 49.2262%]
weather report: current Temp = 0.0696758  Cost = 0.888233 [sa progress... 49.6618%]
weather report: current Temp = 0.0682823  Cost = 0.890767 [sa progress... 50.0974%]
weather report: current Temp = 0.0669166  Cost = 0.94413 [sa progress... 50.5331%]
weather report: current Temp = 0.0655783  Cost = 0.813732 [sa progress... 50.9687%]
weather report: current Temp = 0.0642667  Cost = 0.827602 [sa progress... 51.4043%]
weather report: current Temp = 0.0629814  Cost = 0.797631 [sa progress... 51.84%]
weather report: current Temp = 0.0617218  Cost = 0.916427 [sa progress... 52.2756%]
weather report: current Temp = 0.0604873  Cost = 0.851102 [sa progress... 52.7112%]
weather report: current Temp = 0.0592776  Cost = 0.895007 [sa progress... 53.1469%]
weather report: current Temp = 0.058092  Cost = 0.841263 [sa progress... 53.5825%]
weather report: current Temp = 0.0569302  Cost = 1.03519 [sa progress... 54.0181%]
weather report: current Temp = 0.0557916  Cost = 0.834494 [sa progress... 54.4537%]
weather report: current Temp = 0.0546758  Cost = 0.9724 [sa progress... 54.8894%]
weather report: current Temp = 0.0535822  Cost = 0.877715 [sa progress... 55.325%]
weather report: current Temp = 0.0525106  Cost = 0.905098 [sa progress... 55.7606%]
weather report: current Temp = 0.0514604  Cost = 0.923117 [sa progress... 56.1963%]
weather report: current Temp = 0.0504312  Cost = 0.882852 [sa progress... 56.6319%]
weather report: current Temp = 0.0494226  Cost = 1.00938 [sa progress... 57.0675%]
weather report: current Temp = 0.0484341  Cost = 0.941134 [sa progress... 57.5032%]
weather report: current Temp = 0.0474654  Cost = 0.86432 [sa progress... 57.9388%]
weather report: current Temp = 0.0465161  Cost = 0.854848 [sa progress... 58.3744%]
weather report: current Temp = 0.0455858  Cost = 0.914951 [sa progress... 58.81%]
weather report: current Temp = 0.0446741  Cost = 0.977725 [sa progress... 59.2457%]
weather report: current Temp = 0.0437806  Cost = 0.811935 [sa progress... 59.6813%]
weather report: current Temp = 0.042905  Cost = 0.890256 [sa progress... 60.1169%]
weather report: current Temp = 0.0420469  Cost = 0.878667 [sa progress... 60.5526%]
weather report: current Temp = 0.0412059  Cost = 0.853919 [sa progress... 60.9882%]
weather report: current Temp = 0.0403818  Cost = 0.900249 [sa progress... 61.4238%]
weather report: current Temp = 0.0395742  Cost = 0.886024 [sa progress... 61.8595%]
weather report: current Temp = 0.0387827  Cost = 0.940512 [sa progress... 62.2951%]
weather report: current Temp = 0.0380071  Cost = 0.859561 [sa progress... 62.7307%]
weather report: current Temp = 0.0372469  Cost = 0.872156 [sa progress... 63.1663%]
weather report: current Temp = 0.036502  Cost = 0.968752 [sa progress... 63.602%]
weather report: current Temp = 0.0357719  Cost = 0.913742 [sa progress... 64.0376%]
weather report: current Temp = 0.0350565  Cost = 0.925312 [sa progress... 64.4732%]
weather report: current Temp = 0.0343554  Cost = 0.860687 [sa progress... 64.9089%]
weather report: current Temp = 0.0336683  Cost = 0.839272 [sa progress... 65.3445%]
weather report: current Temp = 0.0329949  Cost = 0.880138 [sa progress... 65.7801%]
weather report: current Temp = 0.032335  Cost = 0.851462 [sa progress... 66.2158%]
weather report: current Temp = 0.0316883  Cost = 0.811411 [sa progress... 66.6514%]
weather report: current Temp = 0.0310545  Cost = 0.775762 [sa progress... 67.087%]
weather report: current Temp = 0.0304334  Cost = 0.848252 [sa progress... 67.5226%]
weather report: current Temp = 0.0298248  Cost = 0.804195 [sa progress... 67.9583%]
weather report: current Temp = 0.0292283  Cost = 0.810512 [sa progress... 68.3939%]
weather report: current Temp = 0.0286437  Cost = 0.924737 [sa progress... 68.8295%]
weather report: current Temp = 0.0280708  Cost = 0.912081 [sa progress... 69.2652%]
weather report: current Temp = 0.0275094  Cost = 0.823413 [sa progress... 69.7008%]
weather report: current Temp = 0.0269592  Cost = 0.825849 [sa progress... 70.1364%]
weather report: current Temp = 0.02642  Cost = 0.89711 [sa progress... 70.5721%]
weather report: current Temp = 0.0258916  Cost = 0.814245 [sa progress... 71.0077%]
weather report: current Temp = 0.0253738  Cost = 0.853724 [sa progress... 71.4433%]
weather report: current Temp = 0.0248663  Cost = 0.828673 [sa progress... 71.8789%]
weather report: current Temp = 0.024369  Cost = 0.814063 [sa progress... 72.3146%]
weather report: current Temp = 0.0238816  Cost = 0.847121 [sa progress... 72.7502%]
weather report: current Temp = 0.023404  Cost = 0.873326 [sa progress... 73.1858%]
weather report: current Temp = 0.0229359  Cost = 0.820374 [sa progress... 73.6215%]
weather report: current Temp = 0.0224772  Cost = 0.765854 [sa progress... 74.0571%]
weather report: current Temp = 0.0220277  Cost = 0.804829 [sa progress... 74.4927%]
weather report: current Temp = 0.0215871  Cost = 0.79768 [sa progress... 74.9284%]
weather report: current Temp = 0.0211554  Cost = 0.813855 [sa progress... 75.364%]
weather report: current Temp = 0.0207323  Cost = 0.846895 [sa progress... 75.7996%]
weather report: current Temp = 0.0203176  Cost = 0.813541 [sa progress... 76.2352%]
weather report: current Temp = 0.0199113  Cost = 0.806741 [sa progress... 76.6709%]
weather report: current Temp = 0.019513  Cost = 0.795923 [sa progress... 77.1065%]
weather report: current Temp = 0.0191228  Cost = 0.814889 [sa progress... 77.5421%]
weather report: current Temp = 0.0187403  Cost = 0.809327 [sa progress... 77.9778%]
weather report: current Temp = 0.0183655  Cost = 0.799119 [sa progress... 78.4134%]
weather report: current Temp = 0.0179982  Cost = 0.827359 [sa progress... 78.849%]
weather report: current Temp = 0.0176382  Cost = 0.894975 [sa progress... 79.2847%]
weather report: current Temp = 0.0172855  Cost = 0.842783 [sa progress... 79.7203%]
weather report: current Temp = 0.0169398  Cost = 0.843825 [sa progress... 80.1559%]
weather report: current Temp = 0.016601  Cost = 0.819674 [sa progress... 80.5915%]
weather report: current Temp = 0.0162689  Cost = 0.776747 [sa progress... 81.0272%]
weather report: current Temp = 0.0159436  Cost = 0.775835 [sa progress... 81.4628%]
weather report: current Temp = 0.0156247  Cost = 0.750591 [sa progress... 81.8984%]
weather report: current Temp = 0.0153122  Cost = 0.745715 [sa progress... 82.3341%]
weather report: current Temp = 0.015006  Cost = 0.787204 [sa progress... 82.7697%]
weather report: current Temp = 0.0147058  Cost = 0.760516 [sa progress... 83.2053%]
weather report: current Temp = 0.0144117  Cost = 0.768354 [sa progress... 83.641%]
weather report: current Temp = 0.0141235  Cost = 0.740322 [sa progress... 84.0766%]
weather report: current Temp = 0.013841  Cost = 0.747736 [sa progress... 84.5122%]
weather report: current Temp = 0.0135642  Cost = 0.771804 [sa progress... 84.9478%]
weather report: current Temp = 0.0132929  Cost = 0.735502 [sa progress... 85.3835%]
weather report: current Temp = 0.0130271  Cost = 0.719227 [sa progress... 85.8191%]
weather report: current Temp = 0.0127665  Cost = 0.711767 [sa progress... 86.2547%]
weather report: current Temp = 0.0125112  Cost = 0.763314 [sa progress... 86.6904%]
weather report: current Temp = 0.012261  Cost = 0.749481 [sa progress... 87.126%]
weather report: current Temp = 0.0120157  Cost = 0.726427 [sa progress... 87.5616%]
weather report: current Temp = 0.0117754  Cost = 0.730698 [sa progress... 87.9973%]
weather report: current Temp = 0.0115399  Cost = 0.792349 [sa progress... 88.4329%]
weather report: current Temp = 0.0113091  Cost = 0.787588 [sa progress... 88.8685%]
weather report: current Temp = 0.0110829  Cost = 0.74023 [sa progress... 89.3041%]
weather report: current Temp = 0.0108613  Cost = 0.789611 [sa progress... 89.7398%]
weather report: current Temp = 0.0106441  Cost = 0.76336 [sa progress... 90.1754%]
weather report: current Temp = 0.0104312  Cost = 0.697472 [sa progress... 90.611%]
weather report: current Temp = 0.0102225  Cost = 0.7567 [sa progress... 91.0467%]
weather report: current Temp = 0.0100181  Cost = 0.71503 [sa progress... 91.4823%]
weather report: current Temp = 0.00981773  Cost = 0.684815 [sa progress... 91.9179%]
weather report: current Temp = 0.00962138  Cost = 0.717347 [sa progress... 92.3535%]
weather report: current Temp = 0.00942895  Cost = 0.754609 [sa progress... 92.7892%]
weather report: current Temp = 0.00924037  Cost = 0.711105 [sa progress... 93.2248%]
weather report: current Temp = 0.00905557  Cost = 0.717926 [sa progress... 93.6604%]
weather report: current Temp = 0.00887445  Cost = 0.685513 [sa progress... 94.0961%]
weather report: current Temp = 0.00869696  Cost = 0.702124 [sa progress... 94.5317%]
weather report: current Temp = 0.00852303  Cost = 0.69508 [sa progress... 94.9673%]
weather report: current Temp = 0.00835257  Cost = 0.684736 [sa progress... 95.403%]
weather report: current Temp = 0.00818551  Cost = 0.708139 [sa progress... 95.8386%]
weather report: current Temp = 0.0080218  Cost = 0.725478 [sa progress... 96.2742%]
weather report: current Temp = 0.00786137  Cost = 0.71391 [sa progress... 96.7098%]
weather report: current Temp = 0.00770414  Cost = 0.684944 [sa progress... 97.1455%]
weather report: current Temp = 0.00755006  Cost = 0.713367 [sa progress... 97.5811%]
weather report: current Temp = 0.00739906  Cost = 0.715829 [sa progress... 98.0167%]
weather report: current Temp = 0.00725108  Cost = 0.683568 [sa progress... 98.4524%]
weather report: current Temp = 0.00710605  Cost = 0.663803 [sa progress... 98.888%]
weather report: current Temp = 0.00696393  Cost = 0.700401 [sa progress... 99.3236%]
weather report: current Temp = 0.00682465  Cost = 0.742389 [sa progress... 99.7593%]
simAnneal_int(): done, _optCost = 0.644446
> total perturbation: 115000 uphill: 8636 downhill: 19953
 >  writeMatlabOutput() : opening output file log/adaptec3.fp.matlab
 >  no overlaps
 >  chip area  : 3.35768e+08
 >  [Warning] following area info is for the lastest packing , not the opt
 >  Macro area : 2.41465e+08
 >  BLArea     : 6.04834e+07
 >  BRArea     : 6.19903e+07
 >  TLArea     : 6.67717e+07
 >  TRArea     : 5.22192e+07
 >  writeOutput() : opening output file log/adaptec3.fp
 >  MP trees macro packing finished.
