 >  readInput() : start reading input data
 >  readNode() : reading node file benchmark/adaptec3_MMS/adaptec3.nodes
 >  Number of macros = 58
 >  readNode() : reading node success!
 >  readPosition() : reading position file benchmark/adaptec3_MMS/adaptec3.ntup.pl
 >  readPosition() : reading position success!
 >  initial chip boundary : 
 >    Width  = 22653
 >    Height = 22594
 >  readNet() : reading net file benchmark/adaptec3_MMS/adaptec3.nets
 >  readNet() : reading net success!
updateOptSol() : find better sol!
>> cost = 0.937461
simAnneal(): start
1th attempt!

setTemp(): start greedy search
updateOptSol() : find better sol!
>> cost = 0.934625
updateOptSol() : find better sol!
>> cost = 0.922928
updateOptSol() : find better sol!
>> cost = 0.878402
updateOptSol() : find better sol!
>> cost = 0.86928
updateOptSol() : find better sol!
>> cost = 0.836239
updateOptSol() : find better sol!
>> cost = 0.818679
avgDcost:0.048056 T0:0.936879, Tx:0.009070
simAnneal_int(): start to SA
updateOptSol() : find better sol!
>> cost = 0.80921
updateOptSol() : find better sol!
>> cost = 0.800898
updateOptSol() : find better sol!
>> cost = 0.7905
weather report: current Temp = 0.918142  Cost = 0.921462 [sa progress... 0%]
weather report: current Temp = 0.899779  Cost = 0.958026 [sa progress... 0.43563%]
weather report: current Temp = 0.881783  Cost = 1.00535 [sa progress... 0.87126%]
weather report: current Temp = 0.864148  Cost = 0.97551 [sa progress... 1.30689%]
weather report: current Temp = 0.846865  Cost = 1.1573 [sa progress... 1.74252%]
weather report: current Temp = 0.829927  Cost = 1.20095 [sa progress... 2.17815%]
weather report: current Temp = 0.813329  Cost = 1.1216 [sa progress... 2.61378%]
weather report: current Temp = 0.797062  Cost = 1.05218 [sa progress... 3.04941%]
weather report: current Temp = 0.781121  Cost = 0.93843 [sa progress... 3.48504%]
weather report: current Temp = 0.765499  Cost = 1.06262 [sa progress... 3.92067%]
weather report: current Temp = 0.750189  Cost = 1.39355 [sa progress... 4.3563%]
weather report: current Temp = 0.735185  Cost = 0.954781 [sa progress... 4.79193%]
weather report: current Temp = 0.720481  Cost = 1.07304 [sa progress... 5.22756%]
weather report: current Temp = 0.706071  Cost = 0.985581 [sa progress... 5.66319%]
weather report: current Temp = 0.69195  Cost = 0.827244 [sa progress... 6.09882%]
updateOptSol() : find better sol!
>> cost = 0.787819
updateOptSol() : find better sol!
>> cost = 0.785412
updateOptSol() : find better sol!
>> cost = 0.780872
updateOptSol() : find better sol!
>> cost = 0.774556
updateOptSol() : find better sol!
>> cost = 0.773519
weather report: current Temp = 0.678111  Cost = 1.03764 [sa progress... 6.53445%]
weather report: current Temp = 0.664549  Cost = 0.998149 [sa progress... 6.97008%]
weather report: current Temp = 0.651258  Cost = 1.05617 [sa progress... 7.40571%]
weather report: current Temp = 0.638233  Cost = 1.30902 [sa progress... 7.84134%]
weather report: current Temp = 0.625468  Cost = 1.32553 [sa progress... 8.27697%]
weather report: current Temp = 0.612959  Cost = 1.11125 [sa progress... 8.7126%]
weather report: current Temp = 0.6007  Cost = 1.08613 [sa progress... 9.14823%]
weather report: current Temp = 0.588686  Cost = 1.12286 [sa progress... 9.58386%]
weather report: current Temp = 0.576912  Cost = 1.27399 [sa progress... 10.0195%]
weather report: current Temp = 0.565374  Cost = 1.05266 [sa progress... 10.4551%]
weather report: current Temp = 0.554066  Cost = 1.12009 [sa progress... 10.8907%]
weather report: current Temp = 0.542985  Cost = 0.999574 [sa progress... 11.3264%]
weather report: current Temp = 0.532125  Cost = 1.22785 [sa progress... 11.762%]
weather report: current Temp = 0.521483  Cost = 0.897054 [sa progress... 12.1976%]
weather report: current Temp = 0.511053  Cost = 0.99407 [sa progress... 12.6333%]
weather report: current Temp = 0.500832  Cost = 1.01106 [sa progress... 13.0689%]
weather report: current Temp = 0.490815  Cost = 0.912512 [sa progress... 13.5045%]
weather report: current Temp = 0.480999  Cost = 0.841257 [sa progress... 13.9402%]
weather report: current Temp = 0.471379  Cost = 1.27518 [sa progress... 14.3758%]
weather report: current Temp = 0.461951  Cost = 0.914192 [sa progress... 14.8114%]
weather report: current Temp = 0.452712  Cost = 1.07413 [sa progress... 15.247%]
weather report: current Temp = 0.443658  Cost = 1.10238 [sa progress... 15.6827%]
weather report: current Temp = 0.434785  Cost = 1.16561 [sa progress... 16.1183%]
weather report: current Temp = 0.426089  Cost = 0.996563 [sa progress... 16.5539%]
weather report: current Temp = 0.417567  Cost = 0.980028 [sa progress... 16.9896%]
weather report: current Temp = 0.409216  Cost = 1.04442 [sa progress... 17.4252%]
weather report: current Temp = 0.401032  Cost = 0.933664 [sa progress... 17.8608%]
weather report: current Temp = 0.393011  Cost = 1.0567 [sa progress... 18.2965%]
weather report: current Temp = 0.385151  Cost = 0.995082 [sa progress... 18.7321%]
weather report: current Temp = 0.377448  Cost = 0.955482 [sa progress... 19.1677%]
weather report: current Temp = 0.369899  Cost = 0.966457 [sa progress... 19.6033%]
weather report: current Temp = 0.362501  Cost = 0.95054 [sa progress... 20.039%]
weather report: current Temp = 0.355251  Cost = 1.2255 [sa progress... 20.4746%]
weather report: current Temp = 0.348146  Cost = 1.01868 [sa progress... 20.9102%]
weather report: current Temp = 0.341183  Cost = 1.05732 [sa progress... 21.3459%]
weather report: current Temp = 0.334359  Cost = 1.07793 [sa progress... 21.7815%]
weather report: current Temp = 0.327672  Cost = 0.957023 [sa progress... 22.2171%]
weather report: current Temp = 0.321119  Cost = 0.997031 [sa progress... 22.6528%]
weather report: current Temp = 0.314696  Cost = 1.14855 [sa progress... 23.0884%]
weather report: current Temp = 0.308402  Cost = 0.889507 [sa progress... 23.524%]
weather report: current Temp = 0.302234  Cost = 1.02626 [sa progress... 23.9596%]
weather report: current Temp = 0.29619  Cost = 1.05514 [sa progress... 24.3953%]
weather report: current Temp = 0.290266  Cost = 1.21755 [sa progress... 24.8309%]
weather report: current Temp = 0.284461  Cost = 0.998113 [sa progress... 25.2665%]
weather report: current Temp = 0.278771  Cost = 1.01554 [sa progress... 25.7022%]
weather report: current Temp = 0.273196  Cost = 0.976288 [sa progress... 26.1378%]
weather report: current Temp = 0.267732  Cost = 1.06533 [sa progress... 26.5734%]
weather report: current Temp = 0.262377  Cost = 0.848248 [sa progress... 27.0091%]
weather report: current Temp = 0.25713  Cost = 0.873082 [sa progress... 27.4447%]
weather report: current Temp = 0.251987  Cost = 1.03379 [sa progress... 27.8803%]
weather report: current Temp = 0.246947  Cost = 0.939465 [sa progress... 28.3159%]
weather report: current Temp = 0.242009  Cost = 0.871675 [sa progress... 28.7516%]
weather report: current Temp = 0.237168  Cost = 0.932141 [sa progress... 29.1872%]
weather report: current Temp = 0.232425  Cost = 0.965788 [sa progress... 29.6228%]
weather report: current Temp = 0.227776  Cost = 1.02922 [sa progress... 30.0585%]
weather report: current Temp = 0.223221  Cost = 1.12804 [sa progress... 30.4941%]
weather report: current Temp = 0.218757  Cost = 0.974676 [sa progress... 30.9297%]
weather report: current Temp = 0.214381  Cost = 1.00695 [sa progress... 31.3654%]
weather report: current Temp = 0.210094  Cost = 0.925531 [sa progress... 31.801%]
weather report: current Temp = 0.205892  Cost = 1.07189 [sa progress... 32.2366%]
weather report: current Temp = 0.201774  Cost = 0.940284 [sa progress... 32.6722%]
weather report: current Temp = 0.197739  Cost = 1.09965 [sa progress... 33.1079%]
weather report: current Temp = 0.193784  Cost = 1.03898 [sa progress... 33.5435%]
weather report: current Temp = 0.189908  Cost = 0.950452 [sa progress... 33.9791%]
weather report: current Temp = 0.18611  Cost = 0.974418 [sa progress... 34.4148%]
weather report: current Temp = 0.182388  Cost = 0.902726 [sa progress... 34.8504%]
weather report: current Temp = 0.17874  Cost = 0.953928 [sa progress... 35.286%]
weather report: current Temp = 0.175165  Cost = 0.970486 [sa progress... 35.7217%]
weather report: current Temp = 0.171662  Cost = 0.967644 [sa progress... 36.1573%]
weather report: current Temp = 0.168229  Cost = 0.894517 [sa progress... 36.5929%]
weather report: current Temp = 0.164864  Cost = 0.937971 [sa progress... 37.0285%]
weather report: current Temp = 0.161567  Cost = 1.01911 [sa progress... 37.4642%]
weather report: current Temp = 0.158335  Cost = 0.97735 [sa progress... 37.8998%]
weather report: current Temp = 0.155169  Cost = 0.93818 [sa progress... 38.3354%]
weather report: current Temp = 0.152065  Cost = 0.961119 [sa progress... 38.7711%]
weather report: current Temp = 0.149024  Cost = 0.970783 [sa progress... 39.2067%]
weather report: current Temp = 0.146044  Cost = 1.11565 [sa progress... 39.6423%]
weather report: current Temp = 0.143123  Cost = 1.00196 [sa progress... 40.078%]
weather report: current Temp = 0.14026  Cost = 1.0097 [sa progress... 40.5136%]
weather report: current Temp = 0.137455  Cost = 1.01516 [sa progress... 40.9492%]
weather report: current Temp = 0.134706  Cost = 0.965057 [sa progress... 41.3848%]
weather report: current Temp = 0.132012  Cost = 1.2138 [sa progress... 41.8205%]
weather report: current Temp = 0.129372  Cost = 0.955712 [sa progress... 42.2561%]
weather report: current Temp = 0.126784  Cost = 0.986098 [sa progress... 42.6917%]
weather report: current Temp = 0.124249  Cost = 1.13574 [sa progress... 43.1274%]
weather report: current Temp = 0.121764  Cost = 1.0858 [sa progress... 43.563%]
weather report: current Temp = 0.119328  Cost = 1.08105 [sa progress... 43.9986%]
weather report: current Temp = 0.116942  Cost = 1.01608 [sa progress... 44.4343%]
weather report: current Temp = 0.114603  Cost = 1.07941 [sa progress... 44.8699%]
weather report: current Temp = 0.112311  Cost = 0.827625 [sa progress... 45.3055%]
weather report: current Temp = 0.110065  Cost = 0.85024 [sa progress... 45.7411%]
weather report: current Temp = 0.107863  Cost = 1.13419 [sa progress... 46.1768%]
weather report: current Temp = 0.105706  Cost = 1.18538 [sa progress... 46.6124%]
weather report: current Temp = 0.103592  Cost = 0.876248 [sa progress... 47.048%]
weather report: current Temp = 0.10152  Cost = 0.916161 [sa progress... 47.4837%]
weather report: current Temp = 0.0994897  Cost = 1.03855 [sa progress... 47.9193%]
weather report: current Temp = 0.0974999  Cost = 0.902902 [sa progress... 48.3549%]
weather report: current Temp = 0.0955499  Cost = 0.995197 [sa progress... 48.7906%]
updateOptSol() : find better sol!
>> cost = 0.767412
updateOptSol() : find better sol!
>> cost = 0.767328
updateOptSol() : find better sol!
>> cost = 0.753383
updateOptSol() : find better sol!
>> cost = 0.750355
updateOptSol() : find better sol!
>> cost = 0.7502
weather report: current Temp = 0.0936389  Cost = 0.828093 [sa progress... 49.2262%]
weather report: current Temp = 0.0917661  Cost = 0.912722 [sa progress... 49.6618%]
weather report: current Temp = 0.0899308  Cost = 0.915278 [sa progress... 50.0974%]
weather report: current Temp = 0.0881322  Cost = 0.839053 [sa progress... 50.5331%]
weather report: current Temp = 0.0863695  Cost = 0.884026 [sa progress... 50.9687%]
weather report: current Temp = 0.0846421  Cost = 0.836317 [sa progress... 51.4043%]
weather report: current Temp = 0.0829493  Cost = 0.966743 [sa progress... 51.84%]
weather report: current Temp = 0.0812903  Cost = 0.917364 [sa progress... 52.2756%]
weather report: current Temp = 0.0796645  Cost = 0.859337 [sa progress... 52.7112%]
weather report: current Temp = 0.0780712  Cost = 0.804694 [sa progress... 53.1469%]
weather report: current Temp = 0.0765098  Cost = 0.869806 [sa progress... 53.5825%]
weather report: current Temp = 0.0749796  Cost = 0.870063 [sa progress... 54.0181%]
weather report: current Temp = 0.07348  Cost = 0.823825 [sa progress... 54.4537%]
weather report: current Temp = 0.0720104  Cost = 0.819005 [sa progress... 54.8894%]
weather report: current Temp = 0.0705702  Cost = 0.770701 [sa progress... 55.325%]
updateOptSol() : find better sol!
>> cost = 0.744558
updateOptSol() : find better sol!
>> cost = 0.738461
weather report: current Temp = 0.0691588  Cost = 0.859252 [sa progress... 55.7606%]
weather report: current Temp = 0.0677756  Cost = 0.799688 [sa progress... 56.1963%]
weather report: current Temp = 0.0664201  Cost = 0.83719 [sa progress... 56.6319%]
weather report: current Temp = 0.0650917  Cost = 0.843078 [sa progress... 57.0675%]
weather report: current Temp = 0.0637899  Cost = 0.840112 [sa progress... 57.5032%]
weather report: current Temp = 0.0625141  Cost = 0.886015 [sa progress... 57.9388%]
weather report: current Temp = 0.0612638  Cost = 0.818515 [sa progress... 58.3744%]
updateOptSol() : find better sol!
>> cost = 0.737636
updateOptSol() : find better sol!
>> cost = 0.735794
updateOptSol() : find better sol!
>> cost = 0.730075
weather report: current Temp = 0.0600385  Cost = 0.768245 [sa progress... 58.81%]
weather report: current Temp = 0.0588377  Cost = 0.771071 [sa progress... 59.2457%]
updateOptSol() : find better sol!
>> cost = 0.72893
updateOptSol() : find better sol!
>> cost = 0.725763
updateOptSol() : find better sol!
>> cost = 0.723459
updateOptSol() : find better sol!
>> cost = 0.720521
updateOptSol() : find better sol!
>> cost = 0.707368
updateOptSol() : find better sol!
>> cost = 0.693643
updateOptSol() : find better sol!
>> cost = 0.693542
updateOptSol() : find better sol!
>> cost = 0.683795
weather report: current Temp = 0.057661  Cost = 0.721075 [sa progress... 59.6813%]
weather report: current Temp = 0.0565078  Cost = 0.796784 [sa progress... 60.1169%]
weather report: current Temp = 0.0553776  Cost = 0.806474 [sa progress... 60.5526%]
weather report: current Temp = 0.0542701  Cost = 0.760311 [sa progress... 60.9882%]
weather report: current Temp = 0.0531847  Cost = 0.864513 [sa progress... 61.4238%]
weather report: current Temp = 0.052121  Cost = 0.848724 [sa progress... 61.8595%]
weather report: current Temp = 0.0510785  Cost = 0.810662 [sa progress... 62.2951%]
weather report: current Temp = 0.050057  Cost = 0.851076 [sa progress... 62.7307%]
weather report: current Temp = 0.0490558  Cost = 0.844613 [sa progress... 63.1663%]
weather report: current Temp = 0.0480747  Cost = 0.770092 [sa progress... 63.602%]
weather report: current Temp = 0.0471132  Cost = 0.896671 [sa progress... 64.0376%]
weather report: current Temp = 0.046171  Cost = 0.806007 [sa progress... 64.4732%]
weather report: current Temp = 0.0452475  Cost = 0.836763 [sa progress... 64.9089%]
weather report: current Temp = 0.0443426  Cost = 0.806266 [sa progress... 65.3445%]
weather report: current Temp = 0.0434557  Cost = 0.799575 [sa progress... 65.7801%]
weather report: current Temp = 0.0425866  Cost = 0.833358 [sa progress... 66.2158%]
weather report: current Temp = 0.0417349  Cost = 0.787661 [sa progress... 66.6514%]
weather report: current Temp = 0.0409002  Cost = 0.741219 [sa progress... 67.087%]
weather report: current Temp = 0.0400822  Cost = 0.704941 [sa progress... 67.5226%]
weather report: current Temp = 0.0392805  Cost = 0.772947 [sa progress... 67.9583%]
weather report: current Temp = 0.0384949  Cost = 0.759741 [sa progress... 68.3939%]
weather report: current Temp = 0.037725  Cost = 0.78226 [sa progress... 68.8295%]
weather report: current Temp = 0.0369705  Cost = 0.842476 [sa progress... 69.2652%]
weather report: current Temp = 0.0362311  Cost = 0.739251 [sa progress... 69.7008%]
weather report: current Temp = 0.0355065  Cost = 0.799846 [sa progress... 70.1364%]
weather report: current Temp = 0.0347964  Cost = 0.814638 [sa progress... 70.5721%]
weather report: current Temp = 0.0341004  Cost = 0.768103 [sa progress... 71.0077%]
weather report: current Temp = 0.0334184  Cost = 0.77787 [sa progress... 71.4433%]
weather report: current Temp = 0.0327501  Cost = 0.789942 [sa progress... 71.8789%]
weather report: current Temp = 0.0320951  Cost = 0.782357 [sa progress... 72.3146%]
weather report: current Temp = 0.0314532  Cost = 0.808878 [sa progress... 72.7502%]
weather report: current Temp = 0.0308241  Cost = 0.815803 [sa progress... 73.1858%]
weather report: current Temp = 0.0302076  Cost = 0.809548 [sa progress... 73.6215%]
weather report: current Temp = 0.0296035  Cost = 0.801743 [sa progress... 74.0571%]
weather report: current Temp = 0.0290114  Cost = 0.804764 [sa progress... 74.4927%]
weather report: current Temp = 0.0284312  Cost = 0.814843 [sa progress... 74.9284%]
weather report: current Temp = 0.0278625  Cost = 0.779269 [sa progress... 75.364%]
weather report: current Temp = 0.0273053  Cost = 0.762378 [sa progress... 75.7996%]
weather report: current Temp = 0.0267592  Cost = 0.800097 [sa progress... 76.2352%]
weather report: current Temp = 0.026224  Cost = 0.793096 [sa progress... 76.6709%]
weather report: current Temp = 0.0256995  Cost = 0.770125 [sa progress... 77.1065%]
weather report: current Temp = 0.0251855  Cost = 0.776668 [sa progress... 77.5421%]
weather report: current Temp = 0.0246818  Cost = 0.795617 [sa progress... 77.9778%]
weather report: current Temp = 0.0241882  Cost = 0.793152 [sa progress... 78.4134%]
weather report: current Temp = 0.0237044  Cost = 0.792893 [sa progress... 78.849%]
weather report: current Temp = 0.0232303  Cost = 0.856118 [sa progress... 79.2847%]
weather report: current Temp = 0.0227657  Cost = 0.872856 [sa progress... 79.7203%]
weather report: current Temp = 0.0223104  Cost = 0.914464 [sa progress... 80.1559%]
weather report: current Temp = 0.0218642  Cost = 0.857756 [sa progress... 80.5915%]
weather report: current Temp = 0.0214269  Cost = 0.827066 [sa progress... 81.0272%]
weather report: current Temp = 0.0209984  Cost = 0.8206 [sa progress... 81.4628%]
weather report: current Temp = 0.0205784  Cost = 0.813873 [sa progress... 81.8984%]
weather report: current Temp = 0.0201668  Cost = 0.853154 [sa progress... 82.3341%]
weather report: current Temp = 0.0197635  Cost = 0.822585 [sa progress... 82.7697%]
weather report: current Temp = 0.0193682  Cost = 0.824561 [sa progress... 83.2053%]
weather report: current Temp = 0.0189809  Cost = 0.790913 [sa progress... 83.641%]
weather report: current Temp = 0.0186013  Cost = 0.782008 [sa progress... 84.0766%]
weather report: current Temp = 0.0182292  Cost = 0.777423 [sa progress... 84.5122%]
weather report: current Temp = 0.0178646  Cost = 0.777426 [sa progress... 84.9478%]
weather report: current Temp = 0.0175074  Cost = 0.787993 [sa progress... 85.3835%]
weather report: current Temp = 0.0171572  Cost = 0.854269 [sa progress... 85.8191%]
weather report: current Temp = 0.0168141  Cost = 0.785268 [sa progress... 86.2547%]
weather report: current Temp = 0.0164778  Cost = 0.84483 [sa progress... 86.6904%]
weather report: current Temp = 0.0161482  Cost = 0.866788 [sa progress... 87.126%]
weather report: current Temp = 0.0158253  Cost = 0.827893 [sa progress... 87.5616%]
weather report: current Temp = 0.0155088  Cost = 0.783542 [sa progress... 87.9973%]
weather report: current Temp = 0.0151986  Cost = 0.791574 [sa progress... 88.4329%]
weather report: current Temp = 0.0148946  Cost = 0.74647 [sa progress... 88.8685%]
weather report: current Temp = 0.0145967  Cost = 0.745875 [sa progress... 89.3041%]
weather report: current Temp = 0.0143048  Cost = 0.748502 [sa progress... 89.7398%]
weather report: current Temp = 0.0140187  Cost = 0.737041 [sa progress... 90.1754%]
weather report: current Temp = 0.0137383  Cost = 0.8063 [sa progress... 90.611%]
weather report: current Temp = 0.0134635  Cost = 0.790841 [sa progress... 91.0467%]
weather report: current Temp = 0.0131943  Cost = 0.772711 [sa progress... 91.4823%]
weather report: current Temp = 0.0129304  Cost = 0.723577 [sa progress... 91.9179%]
weather report: current Temp = 0.0126718  Cost = 0.741551 [sa progress... 92.3535%]
weather report: current Temp = 0.0124183  Cost = 0.734672 [sa progress... 92.7892%]
weather report: current Temp = 0.01217  Cost = 0.744371 [sa progress... 93.2248%]
weather report: current Temp = 0.0119266  Cost = 0.759179 [sa progress... 93.6604%]
weather report: current Temp = 0.011688  Cost = 0.732474 [sa progress... 94.0961%]
weather report: current Temp = 0.0114543  Cost = 0.742082 [sa progress... 94.5317%]
weather report: current Temp = 0.0112252  Cost = 0.734392 [sa progress... 94.9673%]
weather report: current Temp = 0.0110007  Cost = 0.761605 [sa progress... 95.403%]
weather report: current Temp = 0.0107807  Cost = 0.763302 [sa progress... 95.8386%]
weather report: current Temp = 0.0105651  Cost = 0.780088 [sa progress... 96.2742%]
weather report: current Temp = 0.0103538  Cost = 0.730852 [sa progress... 96.7098%]
weather report: current Temp = 0.0101467  Cost = 0.747665 [sa progress... 97.1455%]
weather report: current Temp = 0.00994376  Cost = 0.738809 [sa progress... 97.5811%]
weather report: current Temp = 0.00974488  Cost = 0.734301 [sa progress... 98.0167%]
weather report: current Temp = 0.00954999  Cost = 0.749945 [sa progress... 98.4524%]
weather report: current Temp = 0.00935899  Cost = 0.758607 [sa progress... 98.888%]
weather report: current Temp = 0.00917181  Cost = 0.738305 [sa progress... 99.3236%]
weather report: current Temp = 0.00898837  Cost = 0.714436 [sa progress... 99.7593%]
simAnneal_int(): done, _optCost = 0.683795
> total perturbation: 46000 uphill: 3518 downhill: 8738
2th attempt!

setTemp(): start greedy search
avgDcost:0.040792 T0:0.795267, Tx:0.007699
simAnneal_int(): start to SA
updateOptSol() : find better sol!
>> cost = 0.682333
weather report: current Temp = 0.779362  Cost = 1.08339 [sa progress... 0%]
weather report: current Temp = 0.763775  Cost = 0.823958 [sa progress... 0.43563%]
weather report: current Temp = 0.748499  Cost = 0.805302 [sa progress... 0.87126%]
weather report: current Temp = 0.733529  Cost = 0.885774 [sa progress... 1.30689%]
weather report: current Temp = 0.718859  Cost = 0.951402 [sa progress... 1.74252%]
weather report: current Temp = 0.704481  Cost = 0.883388 [sa progress... 2.17815%]
weather report: current Temp = 0.690392  Cost = 0.800954 [sa progress... 2.61378%]
weather report: current Temp = 0.676584  Cost = 1.1039 [sa progress... 3.04941%]
weather report: current Temp = 0.663052  Cost = 0.852106 [sa progress... 3.48504%]
weather report: current Temp = 0.649791  Cost = 0.947225 [sa progress... 3.92067%]
weather report: current Temp = 0.636795  Cost = 0.834868 [sa progress... 4.3563%]
weather report: current Temp = 0.624059  Cost = 0.985909 [sa progress... 4.79193%]
weather report: current Temp = 0.611578  Cost = 1.05879 [sa progress... 5.22756%]
weather report: current Temp = 0.599347  Cost = 0.965262 [sa progress... 5.66319%]
weather report: current Temp = 0.58736  Cost = 1.03986 [sa progress... 6.09882%]
weather report: current Temp = 0.575613  Cost = 1.03854 [sa progress... 6.53445%]
weather report: current Temp = 0.5641  Cost = 0.796774 [sa progress... 6.97008%]
weather report: current Temp = 0.552818  Cost = 0.878137 [sa progress... 7.40571%]
weather report: current Temp = 0.541762  Cost = 0.915115 [sa progress... 7.84134%]
weather report: current Temp = 0.530927  Cost = 0.820216 [sa progress... 8.27697%]
weather report: current Temp = 0.520308  Cost = 0.973746 [sa progress... 8.7126%]
weather report: current Temp = 0.509902  Cost = 1.31421 [sa progress... 9.14823%]
weather report: current Temp = 0.499704  Cost = 0.808697 [sa progress... 9.58386%]
weather report: current Temp = 0.48971  Cost = 0.744495 [sa progress... 10.0195%]
weather report: current Temp = 0.479916  Cost = 0.960549 [sa progress... 10.4551%]
weather report: current Temp = 0.470317  Cost = 0.944487 [sa progress... 10.8907%]
weather report: current Temp = 0.460911  Cost = 0.947379 [sa progress... 11.3264%]
weather report: current Temp = 0.451693  Cost = 0.932356 [sa progress... 11.762%]
weather report: current Temp = 0.442659  Cost = 1.09822 [sa progress... 12.1976%]
weather report: current Temp = 0.433806  Cost = 0.79735 [sa progress... 12.6333%]
weather report: current Temp = 0.42513  Cost = 0.971952 [sa progress... 13.0689%]
weather report: current Temp = 0.416627  Cost = 0.936951 [sa progress... 13.5045%]
weather report: current Temp = 0.408295  Cost = 0.992526 [sa progress... 13.9402%]
weather report: current Temp = 0.400129  Cost = 0.993169 [sa progress... 14.3758%]
weather report: current Temp = 0.392126  Cost = 1.04385 [sa progress... 14.8114%]
weather report: current Temp = 0.384284  Cost = 0.928773 [sa progress... 15.247%]
weather report: current Temp = 0.376598  Cost = 0.902641 [sa progress... 15.6827%]
weather report: current Temp = 0.369066  Cost = 0.895866 [sa progress... 16.1183%]
weather report: current Temp = 0.361685  Cost = 0.917063 [sa progress... 16.5539%]
weather report: current Temp = 0.354451  Cost = 0.922936 [sa progress... 16.9896%]
weather report: current Temp = 0.347362  Cost = 0.813365 [sa progress... 17.4252%]
weather report: current Temp = 0.340415  Cost = 0.781936 [sa progress... 17.8608%]
weather report: current Temp = 0.333606  Cost = 0.89241 [sa progress... 18.2965%]
weather report: current Temp = 0.326934  Cost = 0.881218 [sa progress... 18.7321%]
weather report: current Temp = 0.320396  Cost = 0.812898 [sa progress... 19.1677%]
weather report: current Temp = 0.313988  Cost = 0.817269 [sa progress... 19.6033%]
weather report: current Temp = 0.307708  Cost = 0.75928 [sa progress... 20.039%]
weather report: current Temp = 0.301554  Cost = 0.855195 [sa progress... 20.4746%]
weather report: current Temp = 0.295523  Cost = 0.892367 [sa progress... 20.9102%]
weather report: current Temp = 0.289612  Cost = 1.04241 [sa progress... 21.3459%]
weather report: current Temp = 0.28382  Cost = 1.1217 [sa progress... 21.7815%]
weather report: current Temp = 0.278144  Cost = 0.813054 [sa progress... 22.2171%]
weather report: current Temp = 0.272581  Cost = 0.795604 [sa progress... 22.6528%]
weather report: current Temp = 0.267129  Cost = 0.858096 [sa progress... 23.0884%]
weather report: current Temp = 0.261787  Cost = 0.887471 [sa progress... 23.524%]
weather report: current Temp = 0.256551  Cost = 0.845519 [sa progress... 23.9596%]
weather report: current Temp = 0.25142  Cost = 0.924249 [sa progress... 24.3953%]
weather report: current Temp = 0.246391  Cost = 0.838436 [sa progress... 24.8309%]
weather report: current Temp = 0.241464  Cost = 0.868928 [sa progress... 25.2665%]
weather report: current Temp = 0.236634  Cost = 0.861757 [sa progress... 25.7022%]
weather report: current Temp = 0.231902  Cost = 0.886328 [sa progress... 26.1378%]
weather report: current Temp = 0.227264  Cost = 0.792032 [sa progress... 26.5734%]
weather report: current Temp = 0.222718  Cost = 1.19049 [sa progress... 27.0091%]
weather report: current Temp = 0.218264  Cost = 0.794601 [sa progress... 27.4447%]
weather report: current Temp = 0.213899  Cost = 1.01313 [sa progress... 27.8803%]
weather report: current Temp = 0.209621  Cost = 0.886889 [sa progress... 28.3159%]
weather report: current Temp = 0.205428  Cost = 0.87428 [sa progress... 28.7516%]
weather report: current Temp = 0.20132  Cost = 0.99039 [sa progress... 29.1872%]
weather report: current Temp = 0.197293  Cost = 0.934587 [sa progress... 29.6228%]
weather report: current Temp = 0.193347  Cost = 0.953414 [sa progress... 30.0585%]
weather report: current Temp = 0.18948  Cost = 0.879 [sa progress... 30.4941%]
weather report: current Temp = 0.185691  Cost = 0.918148 [sa progress... 30.9297%]
weather report: current Temp = 0.181977  Cost = 1.00431 [sa progress... 31.3654%]
weather report: current Temp = 0.178338  Cost = 0.939929 [sa progress... 31.801%]
weather report: current Temp = 0.174771  Cost = 1.02253 [sa progress... 32.2366%]
weather report: current Temp = 0.171275  Cost = 0.895123 [sa progress... 32.6722%]
weather report: current Temp = 0.16785  Cost = 0.821495 [sa progress... 33.1079%]
weather report: current Temp = 0.164493  Cost = 0.867158 [sa progress... 33.5435%]
weather report: current Temp = 0.161203  Cost = 0.817121 [sa progress... 33.9791%]
weather report: current Temp = 0.157979  Cost = 0.850143 [sa progress... 34.4148%]
weather report: current Temp = 0.154819  Cost = 0.865983 [sa progress... 34.8504%]
weather report: current Temp = 0.151723  Cost = 1.02862 [sa progress... 35.286%]
weather report: current Temp = 0.148688  Cost = 1.03607 [sa progress... 35.7217%]
weather report: current Temp = 0.145715  Cost = 0.857198 [sa progress... 36.1573%]
weather report: current Temp = 0.1428  Cost = 0.928504 [sa progress... 36.5929%]
weather report: current Temp = 0.139944  Cost = 0.829823 [sa progress... 37.0285%]
weather report: current Temp = 0.137146  Cost = 0.847403 [sa progress... 37.4642%]
weather report: current Temp = 0.134403  Cost = 0.896407 [sa progress... 37.8998%]
weather report: current Temp = 0.131715  Cost = 0.978241 [sa progress... 38.3354%]
weather report: current Temp = 0.12908  Cost = 0.774632 [sa progress... 38.7711%]
weather report: current Temp = 0.126499  Cost = 0.834742 [sa progress... 39.2067%]
weather report: current Temp = 0.123969  Cost = 0.864454 [sa progress... 39.6423%]
weather report: current Temp = 0.121489  Cost = 0.806232 [sa progress... 40.078%]
weather report: current Temp = 0.11906  Cost = 0.721276 [sa progress... 40.5136%]
weather report: current Temp = 0.116678  Cost = 0.95523 [sa progress... 40.9492%]
weather report: current Temp = 0.114345  Cost = 0.759862 [sa progress... 41.3848%]
weather report: current Temp = 0.112058  Cost = 0.838553 [sa progress... 41.8205%]
weather report: current Temp = 0.109817  Cost = 0.790164 [sa progress... 42.2561%]
weather report: current Temp = 0.10762  Cost = 0.789878 [sa progress... 42.6917%]
weather report: current Temp = 0.105468  Cost = 0.841029 [sa progress... 43.1274%]
weather report: current Temp = 0.103359  Cost = 0.841958 [sa progress... 43.563%]
weather report: current Temp = 0.101291  Cost = 0.772779 [sa progress... 43.9986%]
weather report: current Temp = 0.0992656  Cost = 0.909319 [sa progress... 44.4343%]
weather report: current Temp = 0.0972803  Cost = 0.869195 [sa progress... 44.8699%]
weather report: current Temp = 0.0953347  Cost = 0.877014 [sa progress... 45.3055%]
weather report: current Temp = 0.093428  Cost = 0.82697 [sa progress... 45.7411%]
weather report: current Temp = 0.0915595  Cost = 0.804907 [sa progress... 46.1768%]
weather report: current Temp = 0.0897283  Cost = 0.824037 [sa progress... 46.6124%]
weather report: current Temp = 0.0879337  Cost = 0.838092 [sa progress... 47.048%]
weather report: current Temp = 0.086175  Cost = 0.902342 [sa progress... 47.4837%]
weather report: current Temp = 0.0844515  Cost = 0.8717 [sa progress... 47.9193%]
weather report: current Temp = 0.0827625  Cost = 0.777337 [sa progress... 48.3549%]
weather report: current Temp = 0.0811072  Cost = 0.841896 [sa progress... 48.7906%]
weather report: current Temp = 0.0794851  Cost = 0.91547 [sa progress... 49.2262%]
weather report: current Temp = 0.0778954  Cost = 0.89449 [sa progress... 49.6618%]
weather report: current Temp = 0.0763375  Cost = 1.01441 [sa progress... 50.0974%]
weather report: current Temp = 0.0748107  Cost = 0.855104 [sa progress... 50.5331%]
weather report: current Temp = 0.0733145  Cost = 0.824978 [sa progress... 50.9687%]
weather report: current Temp = 0.0718482  Cost = 0.930737 [sa progress... 51.4043%]
weather report: current Temp = 0.0704113  Cost = 0.797868 [sa progress... 51.84%]
weather report: current Temp = 0.069003  Cost = 0.894252 [sa progress... 52.2756%]
weather report: current Temp = 0.067623  Cost = 0.788677 [sa progress... 52.7112%]
weather report: current Temp = 0.0662705  Cost = 0.826704 [sa progress... 53.1469%]
weather report: current Temp = 0.0649451  Cost = 0.898475 [sa progress... 53.5825%]
weather report: current Temp = 0.0636462  Cost = 0.865241 [sa progress... 54.0181%]
weather report: current Temp = 0.0623733  Cost = 0.864846 [sa progress... 54.4537%]
weather report: current Temp = 0.0611258  Cost = 0.857538 [sa progress... 54.8894%]
weather report: current Temp = 0.0599033  Cost = 0.847542 [sa progress... 55.325%]
weather report: current Temp = 0.0587052  Cost = 0.807756 [sa progress... 55.7606%]
weather report: current Temp = 0.0575311  Cost = 0.824514 [sa progress... 56.1963%]
weather report: current Temp = 0.0563805  Cost = 0.89173 [sa progress... 56.6319%]
weather report: current Temp = 0.0552529  Cost = 0.84242 [sa progress... 57.0675%]
weather report: current Temp = 0.0541478  Cost = 0.85166 [sa progress... 57.5032%]
weather report: current Temp = 0.0530649  Cost = 0.833598 [sa progress... 57.9388%]
weather report: current Temp = 0.0520036  Cost = 0.840934 [sa progress... 58.3744%]
weather report: current Temp = 0.0509635  Cost = 0.862717 [sa progress... 58.81%]
weather report: current Temp = 0.0499442  Cost = 0.81898 [sa progress... 59.2457%]
weather report: current Temp = 0.0489454  Cost = 0.794314 [sa progress... 59.6813%]
weather report: current Temp = 0.0479665  Cost = 0.787872 [sa progress... 60.1169%]
weather report: current Temp = 0.0470071  Cost = 0.843754 [sa progress... 60.5526%]
weather report: current Temp = 0.046067  Cost = 0.844517 [sa progress... 60.9882%]
weather report: current Temp = 0.0451456  Cost = 0.858458 [sa progress... 61.4238%]
weather report: current Temp = 0.0442427  Cost = 0.861827 [sa progress... 61.8595%]
weather report: current Temp = 0.0433579  Cost = 0.857379 [sa progress... 62.2951%]
weather report: current Temp = 0.0424907  Cost = 0.82147 [sa progress... 62.7307%]
weather report: current Temp = 0.0416409  Cost = 0.778145 [sa progress... 63.1663%]
weather report: current Temp = 0.0408081  Cost = 0.752701 [sa progress... 63.602%]
weather report: current Temp = 0.0399919  Cost = 0.800231 [sa progress... 64.0376%]
weather report: current Temp = 0.0391921  Cost = 0.903302 [sa progress... 64.4732%]
weather report: current Temp = 0.0384082  Cost = 0.851632 [sa progress... 64.9089%]
weather report: current Temp = 0.0376401  Cost = 0.897935 [sa progress... 65.3445%]
weather report: current Temp = 0.0368873  Cost = 0.868312 [sa progress... 65.7801%]
weather report: current Temp = 0.0361495  Cost = 0.75807 [sa progress... 66.2158%]
weather report: current Temp = 0.0354265  Cost = 0.783822 [sa progress... 66.6514%]
weather report: current Temp = 0.034718  Cost = 0.726126 [sa progress... 67.087%]
weather report: current Temp = 0.0340236  Cost = 0.804272 [sa progress... 67.5226%]
weather report: current Temp = 0.0333432  Cost = 0.785029 [sa progress... 67.9583%]
weather report: current Temp = 0.0326763  Cost = 0.872303 [sa progress... 68.3939%]
weather report: current Temp = 0.0320228  Cost = 0.790837 [sa progress... 68.8295%]
weather report: current Temp = 0.0313823  Cost = 0.752293 [sa progress... 69.2652%]
weather report: current Temp = 0.0307547  Cost = 0.827607 [sa progress... 69.7008%]
weather report: current Temp = 0.0301396  Cost = 0.75447 [sa progress... 70.1364%]
weather report: current Temp = 0.0295368  Cost = 0.848544 [sa progress... 70.5721%]
weather report: current Temp = 0.0289461  Cost = 0.872975 [sa progress... 71.0077%]
weather report: current Temp = 0.0283671  Cost = 0.790919 [sa progress... 71.4433%]
weather report: current Temp = 0.0277998  Cost = 0.749388 [sa progress... 71.8789%]
weather report: current Temp = 0.0272438  Cost = 0.784757 [sa progress... 72.3146%]
weather report: current Temp = 0.0266989  Cost = 0.749775 [sa progress... 72.7502%]
weather report: current Temp = 0.0261649  Cost = 0.823755 [sa progress... 73.1858%]
weather report: current Temp = 0.0256416  Cost = 0.829925 [sa progress... 73.6215%]
weather report: current Temp = 0.0251288  Cost = 0.803148 [sa progress... 74.0571%]
weather report: current Temp = 0.0246262  Cost = 0.783688 [sa progress... 74.4927%]
weather report: current Temp = 0.0241337  Cost = 0.820043 [sa progress... 74.9284%]
weather report: current Temp = 0.023651  Cost = 0.757585 [sa progress... 75.364%]
weather report: current Temp = 0.023178  Cost = 0.775673 [sa progress... 75.7996%]
weather report: current Temp = 0.0227145  Cost = 0.814525 [sa progress... 76.2352%]
weather report: current Temp = 0.0222602  Cost = 0.809884 [sa progress... 76.6709%]
weather report: current Temp = 0.021815  Cost = 0.743487 [sa progress... 77.1065%]
weather report: current Temp = 0.0213787  Cost = 0.741919 [sa progress... 77.5421%]
weather report: current Temp = 0.0209511  Cost = 0.765186 [sa progress... 77.9778%]
weather report: current Temp = 0.0205321  Cost = 0.744446 [sa progress... 78.4134%]
weather report: current Temp = 0.0201214  Cost = 0.775395 [sa progress... 78.849%]
weather report: current Temp = 0.019719  Cost = 0.774478 [sa progress... 79.2847%]
updateOptSol() : find better sol!
>> cost = 0.67868
updateOptSol() : find better sol!
>> cost = 0.678542
weather report: current Temp = 0.0193246  Cost = 0.67868 [sa progress... 79.7203%]
weather report: current Temp = 0.0189381  Cost = 0.815917 [sa progress... 80.1559%]
weather report: current Temp = 0.0185594  Cost = 0.732326 [sa progress... 80.5915%]
weather report: current Temp = 0.0181882  Cost = 0.724419 [sa progress... 81.0272%]
weather report: current Temp = 0.0178244  Cost = 0.72199 [sa progress... 81.4628%]
weather report: current Temp = 0.0174679  Cost = 0.756516 [sa progress... 81.8984%]
weather report: current Temp = 0.0171186  Cost = 0.803507 [sa progress... 82.3341%]
weather report: current Temp = 0.0167762  Cost = 0.755777 [sa progress... 82.7697%]
weather report: current Temp = 0.0164407  Cost = 0.738397 [sa progress... 83.2053%]
weather report: current Temp = 0.0161119  Cost = 0.745293 [sa progress... 83.641%]
weather report: current Temp = 0.0157896  Cost = 0.730214 [sa progress... 84.0766%]
weather report: current Temp = 0.0154738  Cost = 0.731726 [sa progress... 84.5122%]
weather report: current Temp = 0.0151644  Cost = 0.737775 [sa progress... 84.9478%]
weather report: current Temp = 0.0148611  Cost = 0.716986 [sa progress... 85.3835%]
weather report: current Temp = 0.0145638  Cost = 0.731512 [sa progress... 85.8191%]
weather report: current Temp = 0.0142726  Cost = 0.693825 [sa progress... 86.2547%]
updateOptSol() : find better sol!
>> cost = 0.677877
updateOptSol() : find better sol!
>> cost = 0.676227
updateOptSol() : find better sol!
>> cost = 0.674519
updateOptSol() : find better sol!
>> cost = 0.674132
weather report: current Temp = 0.0139871  Cost = 0.746739 [sa progress... 86.6904%]
weather report: current Temp = 0.0137074  Cost = 0.720994 [sa progress... 87.126%]
weather report: current Temp = 0.0134332  Cost = 0.734717 [sa progress... 87.5616%]
weather report: current Temp = 0.0131646  Cost = 0.770681 [sa progress... 87.9973%]
weather report: current Temp = 0.0129013  Cost = 0.787921 [sa progress... 88.4329%]
weather report: current Temp = 0.0126432  Cost = 0.809581 [sa progress... 88.8685%]
weather report: current Temp = 0.0123904  Cost = 0.790418 [sa progress... 89.3041%]
weather report: current Temp = 0.0121426  Cost = 0.746811 [sa progress... 89.7398%]
weather report: current Temp = 0.0118997  Cost = 0.734477 [sa progress... 90.1754%]
weather report: current Temp = 0.0116617  Cost = 0.694904 [sa progress... 90.611%]
weather report: current Temp = 0.0114285  Cost = 0.705076 [sa progress... 91.0467%]
weather report: current Temp = 0.0111999  Cost = 0.725033 [sa progress... 91.4823%]
weather report: current Temp = 0.0109759  Cost = 0.679813 [sa progress... 91.9179%]
updateOptSol() : find better sol!
>> cost = 0.672774
updateOptSol() : find better sol!
>> cost = 0.668602
updateOptSol() : find better sol!
>> cost = 0.665793
updateOptSol() : find better sol!
>> cost = 0.665285
updateOptSol() : find better sol!
>> cost = 0.661675
updateOptSol() : find better sol!
>> cost = 0.654983
weather report: current Temp = 0.0107564  Cost = 0.693129 [sa progress... 92.3535%]
weather report: current Temp = 0.0105413  Cost = 0.688348 [sa progress... 92.7892%]
weather report: current Temp = 0.0103305  Cost = 0.680569 [sa progress... 93.2248%]
weather report: current Temp = 0.0101238  Cost = 0.675573 [sa progress... 93.6604%]
weather report: current Temp = 0.00992137  Cost = 0.67868 [sa progress... 94.0961%]
updateOptSol() : find better sol!
>> cost = 0.652766
updateOptSol() : find better sol!
>> cost = 0.646492
updateOptSol() : find better sol!
>> cost = 0.646437
weather report: current Temp = 0.00972294  Cost = 0.679157 [sa progress... 94.5317%]
weather report: current Temp = 0.00952848  Cost = 0.683389 [sa progress... 94.9673%]
weather report: current Temp = 0.00933791  Cost = 0.699867 [sa progress... 95.403%]
weather report: current Temp = 0.00915115  Cost = 0.734577 [sa progress... 95.8386%]
weather report: current Temp = 0.00896813  Cost = 0.727819 [sa progress... 96.2742%]
weather report: current Temp = 0.00878877  Cost = 0.678434 [sa progress... 96.7098%]
weather report: current Temp = 0.00861299  Cost = 0.665053 [sa progress... 97.1455%]
weather report: current Temp = 0.00844073  Cost = 0.672381 [sa progress... 97.5811%]
weather report: current Temp = 0.00827192  Cost = 0.647705 [sa progress... 98.0167%]
updateOptSol() : find better sol!
>> cost = 0.643956
weather report: current Temp = 0.00810648  Cost = 0.662889 [sa progress... 98.4524%]
weather report: current Temp = 0.00794435  Cost = 0.652429 [sa progress... 98.888%]
weather report: current Temp = 0.00778546  Cost = 0.694113 [sa progress... 99.3236%]
weather report: current Temp = 0.00762975  Cost = 0.667665 [sa progress... 99.7593%]
simAnneal_int(): done, _optCost = 0.643956
> total perturbation: 46000 uphill: 3417 downhill: 8019
3th attempt!

setTemp(): start greedy search
avgDcost:0.045991 T0:0.896624, Tx:0.008680
simAnneal_int(): start to SA
updateOptSol() : find better sol!
>> cost = 0.643658
weather report: current Temp = 0.878692  Cost = 0.99239 [sa progress... 0%]
weather report: current Temp = 0.861118  Cost = 1.66454 [sa progress... 0.43563%]
weather report: current Temp = 0.843895  Cost = 1.75259 [sa progress... 0.87126%]
weather report: current Temp = 0.827017  Cost = 1.16877 [sa progress... 1.30689%]
weather report: current Temp = 0.810477  Cost = 0.943313 [sa progress... 1.74252%]
weather report: current Temp = 0.794268  Cost = 0.927231 [sa progress... 2.17815%]
weather report: current Temp = 0.778382  Cost = 0.915238 [sa progress... 2.61378%]
weather report: current Temp = 0.762815  Cost = 1.0378 [sa progress... 3.04941%]
weather report: current Temp = 0.747558  Cost = 0.920674 [sa progress... 3.48504%]
weather report: current Temp = 0.732607  Cost = 1.04289 [sa progress... 3.92067%]
weather report: current Temp = 0.717955  Cost = 0.995055 [sa progress... 4.3563%]
weather report: current Temp = 0.703596  Cost = 0.960092 [sa progress... 4.79193%]
weather report: current Temp = 0.689524  Cost = 1.1069 [sa progress... 5.22756%]
weather report: current Temp = 0.675733  Cost = 1.19598 [sa progress... 5.66319%]
weather report: current Temp = 0.662219  Cost = 0.870049 [sa progress... 6.09882%]
weather report: current Temp = 0.648974  Cost = 0.893897 [sa progress... 6.53445%]
weather report: current Temp = 0.635995  Cost = 0.892646 [sa progress... 6.97008%]
weather report: current Temp = 0.623275  Cost = 1.53544 [sa progress... 7.40571%]
weather report: current Temp = 0.61081  Cost = 1.0041 [sa progress... 7.84134%]
weather report: current Temp = 0.598593  Cost = 0.89395 [sa progress... 8.27697%]
weather report: current Temp = 0.586621  Cost = 0.905234 [sa progress... 8.7126%]
weather report: current Temp = 0.574889  Cost = 1.17636 [sa progress... 9.14823%]
weather report: current Temp = 0.563391  Cost = 1.00589 [sa progress... 9.58386%]
weather report: current Temp = 0.552123  Cost = 1.10524 [sa progress... 10.0195%]
weather report: current Temp = 0.541081  Cost = 0.953129 [sa progress... 10.4551%]
weather report: current Temp = 0.530259  Cost = 0.913218 [sa progress... 10.8907%]
weather report: current Temp = 0.519654  Cost = 0.946085 [sa progress... 11.3264%]
weather report: current Temp = 0.509261  Cost = 0.994484 [sa progress... 11.762%]
weather report: current Temp = 0.499076  Cost = 0.930925 [sa progress... 12.1976%]
weather report: current Temp = 0.489094  Cost = 0.815449 [sa progress... 12.6333%]
weather report: current Temp = 0.479312  Cost = 0.824524 [sa progress... 13.0689%]
weather report: current Temp = 0.469726  Cost = 0.88562 [sa progress... 13.5045%]
weather report: current Temp = 0.460332  Cost = 0.844634 [sa progress... 13.9402%]
weather report: current Temp = 0.451125  Cost = 1.05774 [sa progress... 14.3758%]
weather report: current Temp = 0.442103  Cost = 0.914199 [sa progress... 14.8114%]
weather report: current Temp = 0.43326  Cost = 1.00074 [sa progress... 15.247%]
weather report: current Temp = 0.424595  Cost = 1.05855 [sa progress... 15.6827%]
weather report: current Temp = 0.416103  Cost = 0.936029 [sa progress... 16.1183%]
weather report: current Temp = 0.407781  Cost = 1.06088 [sa progress... 16.5539%]
weather report: current Temp = 0.399626  Cost = 0.883759 [sa progress... 16.9896%]
weather report: current Temp = 0.391633  Cost = 0.920327 [sa progress... 17.4252%]
weather report: current Temp = 0.383801  Cost = 0.985582 [sa progress... 17.8608%]
weather report: current Temp = 0.376124  Cost = 1.01246 [sa progress... 18.2965%]
weather report: current Temp = 0.368602  Cost = 1.23431 [sa progress... 18.7321%]
weather report: current Temp = 0.36123  Cost = 0.941479 [sa progress... 19.1677%]
weather report: current Temp = 0.354005  Cost = 1.15692 [sa progress... 19.6033%]
weather report: current Temp = 0.346925  Cost = 0.9025 [sa progress... 20.039%]
weather report: current Temp = 0.339987  Cost = 0.852608 [sa progress... 20.4746%]
weather report: current Temp = 0.333187  Cost = 0.934849 [sa progress... 20.9102%]
weather report: current Temp = 0.326523  Cost = 0.844829 [sa progress... 21.3459%]
weather report: current Temp = 0.319993  Cost = 1.0617 [sa progress... 21.7815%]
weather report: current Temp = 0.313593  Cost = 1.10266 [sa progress... 22.2171%]
weather report: current Temp = 0.307321  Cost = 1.06282 [sa progress... 22.6528%]
weather report: current Temp = 0.301175  Cost = 1.01304 [sa progress... 23.0884%]
weather report: current Temp = 0.295151  Cost = 0.958873 [sa progress... 23.524%]
weather report: current Temp = 0.289248  Cost = 0.932153 [sa progress... 23.9596%]
weather report: current Temp = 0.283463  Cost = 0.853085 [sa progress... 24.3953%]
weather report: current Temp = 0.277794  Cost = 0.913626 [sa progress... 24.8309%]
weather report: current Temp = 0.272238  Cost = 0.968417 [sa progress... 25.2665%]
weather report: current Temp = 0.266793  Cost = 1.14645 [sa progress... 25.7022%]
weather report: current Temp = 0.261457  Cost = 0.990472 [sa progress... 26.1378%]
weather report: current Temp = 0.256228  Cost = 1.02899 [sa progress... 26.5734%]
weather report: current Temp = 0.251104  Cost = 1.12006 [sa progress... 27.0091%]
weather report: current Temp = 0.246082  Cost = 1.08861 [sa progress... 27.4447%]
weather report: current Temp = 0.24116  Cost = 1.08341 [sa progress... 27.8803%]
weather report: current Temp = 0.236337  Cost = 0.980881 [sa progress... 28.3159%]
weather report: current Temp = 0.23161  Cost = 1.00863 [sa progress... 28.7516%]
weather report: current Temp = 0.226978  Cost = 1.38807 [sa progress... 29.1872%]
weather report: current Temp = 0.222438  Cost = 1.11684 [sa progress... 29.6228%]
weather report: current Temp = 0.21799  Cost = 0.937174 [sa progress... 30.0585%]
weather report: current Temp = 0.21363  Cost = 0.990148 [sa progress... 30.4941%]
weather report: current Temp = 0.209357  Cost = 0.959236 [sa progress... 30.9297%]
weather report: current Temp = 0.20517  Cost = 1.04011 [sa progress... 31.3654%]
weather report: current Temp = 0.201067  Cost = 1.42434 [sa progress... 31.801%]
weather report: current Temp = 0.197045  Cost = 0.960063 [sa progress... 32.2366%]
weather report: current Temp = 0.193104  Cost = 0.988098 [sa progress... 32.6722%]
weather report: current Temp = 0.189242  Cost = 0.912624 [sa progress... 33.1079%]
weather report: current Temp = 0.185457  Cost = 0.915293 [sa progress... 33.5435%]
weather report: current Temp = 0.181748  Cost = 1.04171 [sa progress... 33.9791%]
weather report: current Temp = 0.178113  Cost = 0.891003 [sa progress... 34.4148%]
weather report: current Temp = 0.174551  Cost = 0.900345 [sa progress... 34.8504%]
weather report: current Temp = 0.17106  Cost = 0.931746 [sa progress... 35.286%]
weather report: current Temp = 0.167639  Cost = 0.936433 [sa progress... 35.7217%]
weather report: current Temp = 0.164286  Cost = 0.963303 [sa progress... 36.1573%]
weather report: current Temp = 0.161  Cost = 0.88314 [sa progress... 36.5929%]
weather report: current Temp = 0.15778  Cost = 0.935769 [sa progress... 37.0285%]
weather report: current Temp = 0.154625  Cost = 0.914899 [sa progress... 37.4642%]
weather report: current Temp = 0.151532  Cost = 0.927571 [sa progress... 37.8998%]
weather report: current Temp = 0.148502  Cost = 0.941051 [sa progress... 38.3354%]
weather report: current Temp = 0.145532  Cost = 0.982434 [sa progress... 38.7711%]
weather report: current Temp = 0.142621  Cost = 0.975542 [sa progress... 39.2067%]
weather report: current Temp = 0.139769  Cost = 0.979647 [sa progress... 39.6423%]
weather report: current Temp = 0.136973  Cost = 0.967347 [sa progress... 40.078%]
weather report: current Temp = 0.134234  Cost = 0.938795 [sa progress... 40.5136%]
weather report: current Temp = 0.131549  Cost = 0.922517 [sa progress... 40.9492%]
weather report: current Temp = 0.128918  Cost = 0.922065 [sa progress... 41.3848%]
weather report: current Temp = 0.12634  Cost = 0.910017 [sa progress... 41.8205%]
weather report: current Temp = 0.123813  Cost = 0.840311 [sa progress... 42.2561%]
weather report: current Temp = 0.121337  Cost = 0.952049 [sa progress... 42.6917%]
weather report: current Temp = 0.11891  Cost = 0.991449 [sa progress... 43.1274%]
weather report: current Temp = 0.116532  Cost = 0.951352 [sa progress... 43.563%]
weather report: current Temp = 0.114201  Cost = 0.854076 [sa progress... 43.9986%]
weather report: current Temp = 0.111917  Cost = 0.933203 [sa progress... 44.4343%]
weather report: current Temp = 0.109679  Cost = 0.919345 [sa progress... 44.8699%]
weather report: current Temp = 0.107485  Cost = 1.02364 [sa progress... 45.3055%]
weather report: current Temp = 0.105335  Cost = 0.822095 [sa progress... 45.7411%]
weather report: current Temp = 0.103229  Cost = 0.935474 [sa progress... 46.1768%]
weather report: current Temp = 0.101164  Cost = 0.912142 [sa progress... 46.6124%]
weather report: current Temp = 0.0991408  Cost = 0.886377 [sa progress... 47.048%]
weather report: current Temp = 0.097158  Cost = 0.934555 [sa progress... 47.4837%]
weather report: current Temp = 0.0952149  Cost = 0.87105 [sa progress... 47.9193%]
weather report: current Temp = 0.0933106  Cost = 0.826043 [sa progress... 48.3549%]
weather report: current Temp = 0.0914444  Cost = 0.886959 [sa progress... 48.7906%]
weather report: current Temp = 0.0896155  Cost = 0.81813 [sa progress... 49.2262%]
weather report: current Temp = 0.0878232  Cost = 0.861449 [sa progress... 49.6618%]
weather report: current Temp = 0.0860667  Cost = 0.799735 [sa progress... 50.0974%]
weather report: current Temp = 0.0843454  Cost = 0.796786 [sa progress... 50.5331%]
weather report: current Temp = 0.0826585  Cost = 0.862921 [sa progress... 50.9687%]
weather report: current Temp = 0.0810053  Cost = 0.923099 [sa progress... 51.4043%]
weather report: current Temp = 0.0793852  Cost = 0.787161 [sa progress... 51.84%]
weather report: current Temp = 0.0777975  Cost = 0.811092 [sa progress... 52.2756%]
weather report: current Temp = 0.0762415  Cost = 0.96142 [sa progress... 52.7112%]
weather report: current Temp = 0.0747167  Cost = 0.902615 [sa progress... 53.1469%]
weather report: current Temp = 0.0732224  Cost = 0.803 [sa progress... 53.5825%]
weather report: current Temp = 0.0717579  Cost = 0.810103 [sa progress... 54.0181%]
weather report: current Temp = 0.0703228  Cost = 0.990785 [sa progress... 54.4537%]
weather report: current Temp = 0.0689163  Cost = 0.905134 [sa progress... 54.8894%]
weather report: current Temp = 0.067538  Cost = 0.886081 [sa progress... 55.325%]
weather report: current Temp = 0.0661872  Cost = 0.931334 [sa progress... 55.7606%]
weather report: current Temp = 0.0648635  Cost = 0.985975 [sa progress... 56.1963%]
weather report: current Temp = 0.0635662  Cost = 0.818234 [sa progress... 56.6319%]
weather report: current Temp = 0.0622949  Cost = 0.848199 [sa progress... 57.0675%]
weather report: current Temp = 0.061049  Cost = 0.862351 [sa progress... 57.5032%]
weather report: current Temp = 0.059828  Cost = 0.847078 [sa progress... 57.9388%]
weather report: current Temp = 0.0586314  Cost = 0.804294 [sa progress... 58.3744%]
weather report: current Temp = 0.0574588  Cost = 0.804932 [sa progress... 58.81%]
weather report: current Temp = 0.0563096  Cost = 0.848008 [sa progress... 59.2457%]
weather report: current Temp = 0.0551834  Cost = 0.847845 [sa progress... 59.6813%]
weather report: current Temp = 0.0540798  Cost = 0.839843 [sa progress... 60.1169%]
weather report: current Temp = 0.0529982  Cost = 0.876864 [sa progress... 60.5526%]
weather report: current Temp = 0.0519382  Cost = 0.935068 [sa progress... 60.9882%]
weather report: current Temp = 0.0508995  Cost = 0.826266 [sa progress... 61.4238%]
weather report: current Temp = 0.0498815  Cost = 0.878103 [sa progress... 61.8595%]
weather report: current Temp = 0.0488838  Cost = 0.772032 [sa progress... 62.2951%]
weather report: current Temp = 0.0479062  Cost = 0.769127 [sa progress... 62.7307%]
weather report: current Temp = 0.046948  Cost = 0.815885 [sa progress... 63.1663%]
weather report: current Temp = 0.0460091  Cost = 0.763237 [sa progress... 63.602%]
weather report: current Temp = 0.0450889  Cost = 0.763412 [sa progress... 64.0376%]
weather report: current Temp = 0.0441871  Cost = 0.845126 [sa progress... 64.4732%]
weather report: current Temp = 0.0433034  Cost = 0.81268 [sa progress... 64.9089%]
weather report: current Temp = 0.0424373  Cost = 0.882423 [sa progress... 65.3445%]
weather report: current Temp = 0.0415886  Cost = 0.816621 [sa progress... 65.7801%]
weather report: current Temp = 0.0407568  Cost = 0.82687 [sa progress... 66.2158%]
weather report: current Temp = 0.0399417  Cost = 0.890499 [sa progress... 66.6514%]
weather report: current Temp = 0.0391428  Cost = 1.00764 [sa progress... 67.087%]
weather report: current Temp = 0.03836  Cost = 0.755397 [sa progress... 67.5226%]
weather report: current Temp = 0.0375928  Cost = 0.845718 [sa progress... 67.9583%]
weather report: current Temp = 0.0368409  Cost = 0.862698 [sa progress... 68.3939%]
weather report: current Temp = 0.0361041  Cost = 0.806354 [sa progress... 68.8295%]
weather report: current Temp = 0.035382  Cost = 0.787405 [sa progress... 69.2652%]
weather report: current Temp = 0.0346744  Cost = 0.77175 [sa progress... 69.7008%]
weather report: current Temp = 0.0339809  Cost = 0.85963 [sa progress... 70.1364%]
weather report: current Temp = 0.0333013  Cost = 0.728888 [sa progress... 70.5721%]
weather report: current Temp = 0.0326352  Cost = 0.735017 [sa progress... 71.0077%]
weather report: current Temp = 0.0319825  Cost = 0.763391 [sa progress... 71.4433%]
weather report: current Temp = 0.0313429  Cost = 0.782693 [sa progress... 71.8789%]
weather report: current Temp = 0.030716  Cost = 0.760144 [sa progress... 72.3146%]
weather report: current Temp = 0.0301017  Cost = 0.735285 [sa progress... 72.7502%]
weather report: current Temp = 0.0294997  Cost = 0.733399 [sa progress... 73.1858%]
weather report: current Temp = 0.0289097  Cost = 0.748914 [sa progress... 73.6215%]
weather report: current Temp = 0.0283315  Cost = 0.738613 [sa progress... 74.0571%]
weather report: current Temp = 0.0277649  Cost = 0.734685 [sa progress... 74.4927%]
weather report: current Temp = 0.0272096  Cost = 0.76673 [sa progress... 74.9284%]
weather report: current Temp = 0.0266654  Cost = 0.824708 [sa progress... 75.364%]
weather report: current Temp = 0.0261321  Cost = 0.754065 [sa progress... 75.7996%]
weather report: current Temp = 0.0256094  Cost = 0.75079 [sa progress... 76.2352%]
weather report: current Temp = 0.0250972  Cost = 0.799527 [sa progress... 76.6709%]
weather report: current Temp = 0.0245953  Cost = 0.747083 [sa progress... 77.1065%]
weather report: current Temp = 0.0241034  Cost = 0.755011 [sa progress... 77.5421%]
weather report: current Temp = 0.0236213  Cost = 0.816106 [sa progress... 77.9778%]
weather report: current Temp = 0.0231489  Cost = 0.793793 [sa progress... 78.4134%]
weather report: current Temp = 0.0226859  Cost = 0.792131 [sa progress... 78.849%]
weather report: current Temp = 0.0222322  Cost = 0.755331 [sa progress... 79.2847%]
weather report: current Temp = 0.0217875  Cost = 0.806596 [sa progress... 79.7203%]
weather report: current Temp = 0.0213518  Cost = 0.71982 [sa progress... 80.1559%]
weather report: current Temp = 0.0209248  Cost = 0.805651 [sa progress... 80.5915%]
weather report: current Temp = 0.0205063  Cost = 0.714032 [sa progress... 81.0272%]
weather report: current Temp = 0.0200961  Cost = 0.781808 [sa progress... 81.4628%]
weather report: current Temp = 0.0196942  Cost = 0.754665 [sa progress... 81.8984%]
weather report: current Temp = 0.0193003  Cost = 0.741956 [sa progress... 82.3341%]
weather report: current Temp = 0.0189143  Cost = 0.72933 [sa progress... 82.7697%]
weather report: current Temp = 0.018536  Cost = 0.741867 [sa progress... 83.2053%]
weather report: current Temp = 0.0181653  Cost = 0.7443 [sa progress... 83.641%]
weather report: current Temp = 0.017802  Cost = 0.714712 [sa progress... 84.0766%]
weather report: current Temp = 0.017446  Cost = 0.740117 [sa progress... 84.5122%]
weather report: current Temp = 0.0170971  Cost = 0.771792 [sa progress... 84.9478%]
weather report: current Temp = 0.0167551  Cost = 0.782889 [sa progress... 85.3835%]
weather report: current Temp = 0.01642  Cost = 0.791259 [sa progress... 85.8191%]
weather report: current Temp = 0.0160916  Cost = 0.743571 [sa progress... 86.2547%]
weather report: current Temp = 0.0157698  Cost = 0.72856 [sa progress... 86.6904%]
weather report: current Temp = 0.0154544  Cost = 0.734602 [sa progress... 87.126%]
weather report: current Temp = 0.0151453  Cost = 0.71347 [sa progress... 87.5616%]
weather report: current Temp = 0.0148424  Cost = 0.723172 [sa progress... 87.9973%]
weather report: current Temp = 0.0145455  Cost = 0.740047 [sa progress... 88.4329%]
weather report: current Temp = 0.0142546  Cost = 0.718989 [sa progress... 88.8685%]
weather report: current Temp = 0.0139695  Cost = 0.731913 [sa progress... 89.3041%]
weather report: current Temp = 0.0136901  Cost = 0.692859 [sa progress... 89.7398%]
weather report: current Temp = 0.0134163  Cost = 0.724728 [sa progress... 90.1754%]
weather report: current Temp = 0.013148  Cost = 0.718 [sa progress... 90.611%]
weather report: current Temp = 0.0128851  Cost = 0.697186 [sa progress... 91.0467%]
weather report: current Temp = 0.0126274  Cost = 0.713518 [sa progress... 91.4823%]
weather report: current Temp = 0.0123748  Cost = 0.744787 [sa progress... 91.9179%]
weather report: current Temp = 0.0121273  Cost = 0.775959 [sa progress... 92.3535%]
weather report: current Temp = 0.0118848  Cost = 0.793417 [sa progress... 92.7892%]
weather report: current Temp = 0.0116471  Cost = 0.774265 [sa progress... 93.2248%]
weather report: current Temp = 0.0114141  Cost = 0.789008 [sa progress... 93.6604%]
weather report: current Temp = 0.0111858  Cost = 0.791846 [sa progress... 94.0961%]
weather report: current Temp = 0.0109621  Cost = 0.73791 [sa progress... 94.5317%]
weather report: current Temp = 0.0107429  Cost = 0.687783 [sa progress... 94.9673%]
weather report: current Temp = 0.010528  Cost = 0.727926 [sa progress... 95.403%]
weather report: current Temp = 0.0103175  Cost = 0.69863 [sa progress... 95.8386%]
weather report: current Temp = 0.0101111  Cost = 0.670213 [sa progress... 96.2742%]
weather report: current Temp = 0.0099089  Cost = 0.692289 [sa progress... 96.7098%]
weather report: current Temp = 0.00971072  Cost = 0.663438 [sa progress... 97.1455%]
updateOptSol() : find better sol!
>> cost = 0.643148
updateOptSol() : find better sol!
>> cost = 0.640434
weather report: current Temp = 0.0095165  Cost = 0.656887 [sa progress... 97.5811%]
weather report: current Temp = 0.00932617  Cost = 0.665867 [sa progress... 98.0167%]
weather report: current Temp = 0.00913965  Cost = 0.671123 [sa progress... 98.4524%]
weather report: current Temp = 0.00895686  Cost = 0.666774 [sa progress... 98.888%]
weather report: current Temp = 0.00877772  Cost = 0.641974 [sa progress... 99.3236%]
updateOptSol() : find better sol!
>> cost = 0.638168
weather report: current Temp = 0.00860216  Cost = 0.688897 [sa progress... 99.7593%]
simAnneal_int(): done, _optCost = 0.638168
> total perturbation: 46000 uphill: 3574 downhill: 8547
 >  writeMatlabOutput() : opening output file log/adaptec3.fp.matlab
 >  no overlaps
 >  chip area  : 4.14549e+08
 >  [Warning] following area info is for the lastest packing , not the opt
 >  Macro area : 2.43113e+08
 >  BLArea     : 6.04834e+07
 >  BRArea     : 6.06338e+07
 >  TLArea     : 6.07018e+07
 >  TRArea     : 6.12937e+07
 >  writeOutput() : opening output file log/adaptec3.fp
 >  MP trees macro packing finished.
