 >  readInput() : start reading input data
 >  readNode() : reading node file benchmark/adaptec4_MMS/adaptec4.nodes
 >  Number of macros = 69
 >  readNode() : reading node success!
 >  readPosition() : reading position file benchmark/adaptec4_MMS/adaptec4.ntup.pl
 >  readPosition() : reading position success!
 >  initial chip boundary : 
 >    Width  = 22133
 >    Height = 20578
 >  readNet() : reading net file benchmark/adaptec4_MMS/adaptec4.nets
 >  readNet() : reading net success!
updateOptSol() : find better sol!
>> cost = 0.896433
simAnneal(): start
1th attempt!

setTemp(): start greedy search
updateOptSol() : find better sol!
>> cost = 0.896346
updateOptSol() : find better sol!
>> cost = 0.864076
updateOptSol() : find better sol!
>> cost = 0.852647
updateOptSol() : find better sol!
>> cost = 0.829406
updateOptSol() : find better sol!
>> cost = 0.75194
updateOptSol() : find better sol!
>> cost = 0.75179
updateOptSol() : find better sol!
>> cost = 0.717875
updateOptSol() : find better sol!
>> cost = 0.707846
updateOptSol() : find better sol!
>> cost = 0.702889
updateOptSol() : find better sol!
>> cost = 0.676271
updateOptSol() : find better sol!
>> cost = 0.662768
avgDcost:0.034951 T0:0.681392, Tx:0.006597
simAnneal_int(): start to SA
updateOptSol() : find better sol!
>> cost = 0.640804
weather report: current Temp = 0.667764  Cost = 0.692098 [sa progress... 0%]
weather report: current Temp = 0.654408  Cost = 0.854577 [sa progress... 0.43563%]
weather report: current Temp = 0.64132  Cost = 0.793484 [sa progress... 0.87126%]
weather report: current Temp = 0.628494  Cost = 0.784383 [sa progress... 1.30689%]
weather report: current Temp = 0.615924  Cost = 0.778627 [sa progress... 1.74252%]
weather report: current Temp = 0.603606  Cost = 0.809721 [sa progress... 2.17815%]
weather report: current Temp = 0.591533  Cost = 0.892137 [sa progress... 2.61378%]
weather report: current Temp = 0.579703  Cost = 0.856417 [sa progress... 3.04941%]
weather report: current Temp = 0.568109  Cost = 0.826065 [sa progress... 3.48504%]
weather report: current Temp = 0.556747  Cost = 0.921602 [sa progress... 3.92067%]
weather report: current Temp = 0.545612  Cost = 0.783016 [sa progress... 4.3563%]
weather report: current Temp = 0.534699  Cost = 0.742889 [sa progress... 4.79193%]
weather report: current Temp = 0.524005  Cost = 0.759038 [sa progress... 5.22756%]
weather report: current Temp = 0.513525  Cost = 0.873762 [sa progress... 5.66319%]
weather report: current Temp = 0.503255  Cost = 0.929731 [sa progress... 6.09882%]
weather report: current Temp = 0.49319  Cost = 0.809295 [sa progress... 6.53445%]
weather report: current Temp = 0.483326  Cost = 0.856374 [sa progress... 6.97008%]
weather report: current Temp = 0.473659  Cost = 0.854889 [sa progress... 7.40571%]
weather report: current Temp = 0.464186  Cost = 0.823568 [sa progress... 7.84134%]
weather report: current Temp = 0.454902  Cost = 0.846208 [sa progress... 8.27697%]
weather report: current Temp = 0.445804  Cost = 0.75004 [sa progress... 8.7126%]
weather report: current Temp = 0.436888  Cost = 0.830792 [sa progress... 9.14823%]
weather report: current Temp = 0.428151  Cost = 0.791737 [sa progress... 9.58386%]
weather report: current Temp = 0.419588  Cost = 0.750847 [sa progress... 10.0195%]
weather report: current Temp = 0.411196  Cost = 0.795717 [sa progress... 10.4551%]
weather report: current Temp = 0.402972  Cost = 0.819616 [sa progress... 10.8907%]
weather report: current Temp = 0.394912  Cost = 0.784814 [sa progress... 11.3264%]
weather report: current Temp = 0.387014  Cost = 0.746879 [sa progress... 11.762%]
weather report: current Temp = 0.379274  Cost = 0.805573 [sa progress... 12.1976%]
weather report: current Temp = 0.371688  Cost = 0.754724 [sa progress... 12.6333%]
weather report: current Temp = 0.364255  Cost = 0.764676 [sa progress... 13.0689%]
weather report: current Temp = 0.35697  Cost = 0.738421 [sa progress... 13.5045%]
weather report: current Temp = 0.34983  Cost = 0.942335 [sa progress... 13.9402%]
weather report: current Temp = 0.342834  Cost = 0.735882 [sa progress... 14.3758%]
weather report: current Temp = 0.335977  Cost = 0.745501 [sa progress... 14.8114%]
weather report: current Temp = 0.329257  Cost = 0.763473 [sa progress... 15.247%]
weather report: current Temp = 0.322672  Cost = 0.905791 [sa progress... 15.6827%]
weather report: current Temp = 0.316219  Cost = 0.783916 [sa progress... 16.1183%]
weather report: current Temp = 0.309894  Cost = 0.732164 [sa progress... 16.5539%]
weather report: current Temp = 0.303696  Cost = 0.842558 [sa progress... 16.9896%]
weather report: current Temp = 0.297623  Cost = 1.11109 [sa progress... 17.4252%]
weather report: current Temp = 0.29167  Cost = 0.743592 [sa progress... 17.8608%]
weather report: current Temp = 0.285837  Cost = 1.19598 [sa progress... 18.2965%]
weather report: current Temp = 0.28012  Cost = 0.796987 [sa progress... 18.7321%]
weather report: current Temp = 0.274518  Cost = 0.783131 [sa progress... 19.1677%]
weather report: current Temp = 0.269027  Cost = 0.814167 [sa progress... 19.6033%]
weather report: current Temp = 0.263647  Cost = 0.857313 [sa progress... 20.039%]
weather report: current Temp = 0.258374  Cost = 0.925366 [sa progress... 20.4746%]
weather report: current Temp = 0.253206  Cost = 0.978237 [sa progress... 20.9102%]
weather report: current Temp = 0.248142  Cost = 0.805024 [sa progress... 21.3459%]
weather report: current Temp = 0.243179  Cost = 0.901603 [sa progress... 21.7815%]
weather report: current Temp = 0.238316  Cost = 0.819531 [sa progress... 22.2171%]
weather report: current Temp = 0.233549  Cost = 0.75502 [sa progress... 22.6528%]
weather report: current Temp = 0.228878  Cost = 0.849552 [sa progress... 23.0884%]
weather report: current Temp = 0.224301  Cost = 0.771633 [sa progress... 23.524%]
weather report: current Temp = 0.219815  Cost = 0.834483 [sa progress... 23.9596%]
weather report: current Temp = 0.215419  Cost = 0.848705 [sa progress... 24.3953%]
weather report: current Temp = 0.21111  Cost = 0.836683 [sa progress... 24.8309%]
weather report: current Temp = 0.206888  Cost = 0.890616 [sa progress... 25.2665%]
weather report: current Temp = 0.20275  Cost = 0.754567 [sa progress... 25.7022%]
weather report: current Temp = 0.198695  Cost = 0.826239 [sa progress... 26.1378%]
weather report: current Temp = 0.194721  Cost = 0.942121 [sa progress... 26.5734%]
weather report: current Temp = 0.190827  Cost = 0.817161 [sa progress... 27.0091%]
weather report: current Temp = 0.18701  Cost = 0.785608 [sa progress... 27.4447%]
weather report: current Temp = 0.18327  Cost = 0.726272 [sa progress... 27.8803%]
weather report: current Temp = 0.179605  Cost = 0.804493 [sa progress... 28.3159%]
weather report: current Temp = 0.176013  Cost = 0.800035 [sa progress... 28.7516%]
weather report: current Temp = 0.172492  Cost = 0.814092 [sa progress... 29.1872%]
weather report: current Temp = 0.169043  Cost = 1.13407 [sa progress... 29.6228%]
weather report: current Temp = 0.165662  Cost = 0.874699 [sa progress... 30.0585%]
weather report: current Temp = 0.162348  Cost = 1.08425 [sa progress... 30.4941%]
weather report: current Temp = 0.159101  Cost = 0.781466 [sa progress... 30.9297%]
weather report: current Temp = 0.155919  Cost = 0.763731 [sa progress... 31.3654%]
weather report: current Temp = 0.152801  Cost = 0.684389 [sa progress... 31.801%]
weather report: current Temp = 0.149745  Cost = 0.726439 [sa progress... 32.2366%]
weather report: current Temp = 0.14675  Cost = 0.810669 [sa progress... 32.6722%]
weather report: current Temp = 0.143815  Cost = 0.787126 [sa progress... 33.1079%]
weather report: current Temp = 0.140939  Cost = 0.866888 [sa progress... 33.5435%]
weather report: current Temp = 0.13812  Cost = 0.81239 [sa progress... 33.9791%]
weather report: current Temp = 0.135358  Cost = 0.773889 [sa progress... 34.4148%]
weather report: current Temp = 0.13265  Cost = 0.750532 [sa progress... 34.8504%]
weather report: current Temp = 0.129997  Cost = 0.769943 [sa progress... 35.286%]
weather report: current Temp = 0.127398  Cost = 0.760208 [sa progress... 35.7217%]
weather report: current Temp = 0.12485  Cost = 0.791089 [sa progress... 36.1573%]
weather report: current Temp = 0.122353  Cost = 0.70282 [sa progress... 36.5929%]
weather report: current Temp = 0.119906  Cost = 0.751965 [sa progress... 37.0285%]
weather report: current Temp = 0.117507  Cost = 0.900544 [sa progress... 37.4642%]
weather report: current Temp = 0.115157  Cost = 0.761305 [sa progress... 37.8998%]
weather report: current Temp = 0.112854  Cost = 0.842647 [sa progress... 38.3354%]
weather report: current Temp = 0.110597  Cost = 0.713881 [sa progress... 38.7711%]
weather report: current Temp = 0.108385  Cost = 0.821499 [sa progress... 39.2067%]
weather report: current Temp = 0.106217  Cost = 0.846491 [sa progress... 39.6423%]
weather report: current Temp = 0.104093  Cost = 0.821646 [sa progress... 40.078%]
weather report: current Temp = 0.102011  Cost = 0.894408 [sa progress... 40.5136%]
weather report: current Temp = 0.099971  Cost = 0.967954 [sa progress... 40.9492%]
weather report: current Temp = 0.0979716  Cost = 0.790134 [sa progress... 41.3848%]
weather report: current Temp = 0.0960121  Cost = 0.769993 [sa progress... 41.8205%]
weather report: current Temp = 0.0940919  Cost = 0.780728 [sa progress... 42.2561%]
weather report: current Temp = 0.09221  Cost = 0.80902 [sa progress... 42.6917%]
weather report: current Temp = 0.0903658  Cost = 0.819618 [sa progress... 43.1274%]
weather report: current Temp = 0.0885585  Cost = 0.794182 [sa progress... 43.563%]
weather report: current Temp = 0.0867874  Cost = 0.945991 [sa progress... 43.9986%]
weather report: current Temp = 0.0850516  Cost = 0.805233 [sa progress... 44.4343%]
weather report: current Temp = 0.0833506  Cost = 0.74887 [sa progress... 44.8699%]
weather report: current Temp = 0.0816836  Cost = 0.845537 [sa progress... 45.3055%]
weather report: current Temp = 0.0800499  Cost = 0.799853 [sa progress... 45.7411%]
weather report: current Temp = 0.0784489  Cost = 1.07777 [sa progress... 46.1768%]
weather report: current Temp = 0.0768799  Cost = 0.787534 [sa progress... 46.6124%]
weather report: current Temp = 0.0753423  Cost = 0.782722 [sa progress... 47.048%]
weather report: current Temp = 0.0738355  Cost = 0.695266 [sa progress... 47.4837%]
weather report: current Temp = 0.0723588  Cost = 0.860593 [sa progress... 47.9193%]
weather report: current Temp = 0.0709116  Cost = 0.781139 [sa progress... 48.3549%]
weather report: current Temp = 0.0694934  Cost = 0.761334 [sa progress... 48.7906%]
weather report: current Temp = 0.0681035  Cost = 0.810104 [sa progress... 49.2262%]
weather report: current Temp = 0.0667414  Cost = 0.806528 [sa progress... 49.6618%]
weather report: current Temp = 0.0654066  Cost = 0.772787 [sa progress... 50.0974%]
weather report: current Temp = 0.0640985  Cost = 0.814961 [sa progress... 50.5331%]
weather report: current Temp = 0.0628165  Cost = 0.772273 [sa progress... 50.9687%]
weather report: current Temp = 0.0615602  Cost = 0.755436 [sa progress... 51.4043%]
weather report: current Temp = 0.060329  Cost = 0.698897 [sa progress... 51.84%]
weather report: current Temp = 0.0591224  Cost = 0.68736 [sa progress... 52.2756%]
weather report: current Temp = 0.0579399  Cost = 0.739138 [sa progress... 52.7112%]
weather report: current Temp = 0.0567811  Cost = 0.810908 [sa progress... 53.1469%]
weather report: current Temp = 0.0556455  Cost = 0.725817 [sa progress... 53.5825%]
weather report: current Temp = 0.0545326  Cost = 0.715407 [sa progress... 54.0181%]
weather report: current Temp = 0.0534419  Cost = 0.744443 [sa progress... 54.4537%]
weather report: current Temp = 0.0523731  Cost = 0.731695 [sa progress... 54.8894%]
weather report: current Temp = 0.0513256  Cost = 0.75459 [sa progress... 55.325%]
weather report: current Temp = 0.0502991  Cost = 0.799209 [sa progress... 55.7606%]
weather report: current Temp = 0.0492932  Cost = 0.796184 [sa progress... 56.1963%]
weather report: current Temp = 0.0483073  Cost = 0.710161 [sa progress... 56.6319%]
weather report: current Temp = 0.0473411  Cost = 0.736309 [sa progress... 57.0675%]
weather report: current Temp = 0.0463943  Cost = 0.741096 [sa progress... 57.5032%]
weather report: current Temp = 0.0454664  Cost = 0.746539 [sa progress... 57.9388%]
weather report: current Temp = 0.0445571  Cost = 0.769117 [sa progress... 58.3744%]
weather report: current Temp = 0.043666  Cost = 0.751502 [sa progress... 58.81%]
weather report: current Temp = 0.0427926  Cost = 0.817318 [sa progress... 59.2457%]
weather report: current Temp = 0.0419368  Cost = 0.81581 [sa progress... 59.6813%]
weather report: current Temp = 0.0410981  Cost = 0.721026 [sa progress... 60.1169%]
weather report: current Temp = 0.0402761  Cost = 0.797871 [sa progress... 60.5526%]
weather report: current Temp = 0.0394706  Cost = 0.724228 [sa progress... 60.9882%]
weather report: current Temp = 0.0386812  Cost = 0.746797 [sa progress... 61.4238%]
weather report: current Temp = 0.0379075  Cost = 0.672526 [sa progress... 61.8595%]
weather report: current Temp = 0.0371494  Cost = 0.673377 [sa progress... 62.2951%]
weather report: current Temp = 0.0364064  Cost = 0.724832 [sa progress... 62.7307%]
weather report: current Temp = 0.0356783  Cost = 0.710353 [sa progress... 63.1663%]
weather report: current Temp = 0.0349647  Cost = 0.739684 [sa progress... 63.602%]
weather report: current Temp = 0.0342654  Cost = 0.704599 [sa progress... 64.0376%]
weather report: current Temp = 0.0335801  Cost = 0.708705 [sa progress... 64.4732%]
weather report: current Temp = 0.0329085  Cost = 0.77499 [sa progress... 64.9089%]
weather report: current Temp = 0.0322503  Cost = 0.772522 [sa progress... 65.3445%]
weather report: current Temp = 0.0316053  Cost = 0.761468 [sa progress... 65.7801%]
weather report: current Temp = 0.0309732  Cost = 0.80745 [sa progress... 66.2158%]
weather report: current Temp = 0.0303538  Cost = 0.732154 [sa progress... 66.6514%]
weather report: current Temp = 0.0297467  Cost = 0.710701 [sa progress... 67.087%]
weather report: current Temp = 0.0291517  Cost = 0.702504 [sa progress... 67.5226%]
weather report: current Temp = 0.0285687  Cost = 0.682939 [sa progress... 67.9583%]
weather report: current Temp = 0.0279973  Cost = 0.778951 [sa progress... 68.3939%]
weather report: current Temp = 0.0274374  Cost = 0.758549 [sa progress... 68.8295%]
weather report: current Temp = 0.0268886  Cost = 0.731041 [sa progress... 69.2652%]
weather report: current Temp = 0.0263509  Cost = 0.76089 [sa progress... 69.7008%]
weather report: current Temp = 0.0258239  Cost = 0.734526 [sa progress... 70.1364%]
weather report: current Temp = 0.0253074  Cost = 0.744298 [sa progress... 70.5721%]
weather report: current Temp = 0.0248012  Cost = 0.731124 [sa progress... 71.0077%]
weather report: current Temp = 0.0243052  Cost = 0.757244 [sa progress... 71.4433%]
weather report: current Temp = 0.0238191  Cost = 0.790971 [sa progress... 71.8789%]
weather report: current Temp = 0.0233427  Cost = 0.751342 [sa progress... 72.3146%]
weather report: current Temp = 0.0228759  Cost = 0.708997 [sa progress... 72.7502%]
weather report: current Temp = 0.0224183  Cost = 0.731297 [sa progress... 73.1858%]
weather report: current Temp = 0.02197  Cost = 0.718901 [sa progress... 73.6215%]
weather report: current Temp = 0.0215306  Cost = 0.719753 [sa progress... 74.0571%]
weather report: current Temp = 0.0211  Cost = 0.777272 [sa progress... 74.4927%]
weather report: current Temp = 0.020678  Cost = 0.753983 [sa progress... 74.9284%]
weather report: current Temp = 0.0202644  Cost = 0.723193 [sa progress... 75.364%]
weather report: current Temp = 0.0198591  Cost = 0.737866 [sa progress... 75.7996%]
weather report: current Temp = 0.0194619  Cost = 0.734031 [sa progress... 76.2352%]
weather report: current Temp = 0.0190727  Cost = 0.754358 [sa progress... 76.6709%]
weather report: current Temp = 0.0186912  Cost = 0.741406 [sa progress... 77.1065%]
weather report: current Temp = 0.0183174  Cost = 0.757142 [sa progress... 77.5421%]
weather report: current Temp = 0.0179511  Cost = 0.735524 [sa progress... 77.9778%]
weather report: current Temp = 0.017592  Cost = 0.670938 [sa progress... 78.4134%]
weather report: current Temp = 0.0172402  Cost = 0.725831 [sa progress... 78.849%]
weather report: current Temp = 0.0168954  Cost = 0.760801 [sa progress... 79.2847%]
weather report: current Temp = 0.0165575  Cost = 0.776542 [sa progress... 79.7203%]
weather report: current Temp = 0.0162263  Cost = 0.753101 [sa progress... 80.1559%]
weather report: current Temp = 0.0159018  Cost = 0.686824 [sa progress... 80.5915%]
weather report: current Temp = 0.0155838  Cost = 0.66595 [sa progress... 81.0272%]
weather report: current Temp = 0.0152721  Cost = 0.717545 [sa progress... 81.4628%]
weather report: current Temp = 0.0149667  Cost = 0.707882 [sa progress... 81.8984%]
weather report: current Temp = 0.0146673  Cost = 0.700859 [sa progress... 82.3341%]
weather report: current Temp = 0.014374  Cost = 0.702833 [sa progress... 82.7697%]
weather report: current Temp = 0.0140865  Cost = 0.669536 [sa progress... 83.2053%]
weather report: current Temp = 0.0138048  Cost = 0.676202 [sa progress... 83.641%]
weather report: current Temp = 0.0135287  Cost = 0.671474 [sa progress... 84.0766%]
weather report: current Temp = 0.0132581  Cost = 0.67899 [sa progress... 84.5122%]
weather report: current Temp = 0.0129929  Cost = 0.657691 [sa progress... 84.9478%]
weather report: current Temp = 0.0127331  Cost = 0.703014 [sa progress... 85.3835%]
weather report: current Temp = 0.0124784  Cost = 0.701133 [sa progress... 85.8191%]
weather report: current Temp = 0.0122289  Cost = 0.716358 [sa progress... 86.2547%]
weather report: current Temp = 0.0119843  Cost = 0.68638 [sa progress... 86.6904%]
weather report: current Temp = 0.0117446  Cost = 0.715968 [sa progress... 87.126%]
weather report: current Temp = 0.0115097  Cost = 0.728515 [sa progress... 87.5616%]
weather report: current Temp = 0.0112795  Cost = 0.725041 [sa progress... 87.9973%]
weather report: current Temp = 0.0110539  Cost = 0.70363 [sa progress... 88.4329%]
weather report: current Temp = 0.0108328  Cost = 0.6902 [sa progress... 88.8685%]
weather report: current Temp = 0.0106162  Cost = 0.721084 [sa progress... 89.3041%]
weather report: current Temp = 0.0104039  Cost = 0.705913 [sa progress... 89.7398%]
weather report: current Temp = 0.0101958  Cost = 0.693128 [sa progress... 90.1754%]
weather report: current Temp = 0.00999187  Cost = 0.67801 [sa progress... 90.611%]
weather report: current Temp = 0.00979203  Cost = 0.676491 [sa progress... 91.0467%]
weather report: current Temp = 0.00959619  Cost = 0.729254 [sa progress... 91.4823%]
weather report: current Temp = 0.00940426  Cost = 0.704102 [sa progress... 91.9179%]
weather report: current Temp = 0.00921618  Cost = 0.7203 [sa progress... 92.3535%]
weather report: current Temp = 0.00903185  Cost = 0.720098 [sa progress... 92.7892%]
weather report: current Temp = 0.00885122  Cost = 0.690724 [sa progress... 93.2248%]
weather report: current Temp = 0.00867419  Cost = 0.669264 [sa progress... 93.6604%]
weather report: current Temp = 0.00850071  Cost = 0.688068 [sa progress... 94.0961%]
weather report: current Temp = 0.0083307  Cost = 0.695127 [sa progress... 94.5317%]
weather report: current Temp = 0.00816408  Cost = 0.667327 [sa progress... 94.9673%]
weather report: current Temp = 0.0080008  Cost = 0.665327 [sa progress... 95.403%]
weather report: current Temp = 0.00784078  Cost = 0.66577 [sa progress... 95.8386%]
weather report: current Temp = 0.00768397  Cost = 0.665477 [sa progress... 96.2742%]
weather report: current Temp = 0.00753029  Cost = 0.660964 [sa progress... 96.7098%]
weather report: current Temp = 0.00737968  Cost = 0.662804 [sa progress... 97.1455%]
updateOptSol() : find better sol!
>> cost = 0.638777
updateOptSol() : find better sol!
>> cost = 0.63559
weather report: current Temp = 0.00723209  Cost = 0.657694 [sa progress... 97.5811%]
updateOptSol() : find better sol!
>> cost = 0.632717
updateOptSol() : find better sol!
>> cost = 0.628372
updateOptSol() : find better sol!
>> cost = 0.625723
weather report: current Temp = 0.00708745  Cost = 0.642252 [sa progress... 98.0167%]
weather report: current Temp = 0.0069457  Cost = 0.650036 [sa progress... 98.4524%]
updateOptSol() : find better sol!
>> cost = 0.623884
weather report: current Temp = 0.00680678  Cost = 0.630013 [sa progress... 98.888%]
weather report: current Temp = 0.00667065  Cost = 0.634728 [sa progress... 99.3236%]
updateOptSol() : find better sol!
>> cost = 0.621171
updateOptSol() : find better sol!
>> cost = 0.620121
updateOptSol() : find better sol!
>> cost = 0.619019
updateOptSol() : find better sol!
>> cost = 0.618191
weather report: current Temp = 0.00653724  Cost = 0.63035 [sa progress... 99.7593%]
simAnneal_int(): done, _optCost = 0.618191
> total perturbation: 46000 uphill: 3361 downhill: 7905
2th attempt!

setTemp(): start greedy search
avgDcost:0.052828 T0:1.029929, Tx:0.009971
simAnneal_int(): start to SA
updateOptSol() : find better sol!
>> cost = 0.612633
weather report: current Temp = 1.00933  Cost = 0.707559 [sa progress... 0%]
weather report: current Temp = 0.989144  Cost = 0.864568 [sa progress... 0.43563%]
weather report: current Temp = 0.969361  Cost = 1.31854 [sa progress... 0.87126%]
weather report: current Temp = 0.949974  Cost = 0.844649 [sa progress... 1.30689%]
weather report: current Temp = 0.930974  Cost = 0.836054 [sa progress... 1.74252%]
weather report: current Temp = 0.912355  Cost = 0.802096 [sa progress... 2.17815%]
weather report: current Temp = 0.894108  Cost = 0.920237 [sa progress... 2.61378%]
weather report: current Temp = 0.876226  Cost = 0.812828 [sa progress... 3.04941%]
weather report: current Temp = 0.858701  Cost = 0.791058 [sa progress... 3.48504%]
weather report: current Temp = 0.841527  Cost = 0.80467 [sa progress... 3.92067%]
weather report: current Temp = 0.824697  Cost = 0.759995 [sa progress... 4.3563%]
weather report: current Temp = 0.808203  Cost = 0.884037 [sa progress... 4.79193%]
weather report: current Temp = 0.792039  Cost = 0.764771 [sa progress... 5.22756%]
weather report: current Temp = 0.776198  Cost = 0.786109 [sa progress... 5.66319%]
weather report: current Temp = 0.760674  Cost = 0.79519 [sa progress... 6.09882%]
weather report: current Temp = 0.74546  Cost = 0.843195 [sa progress... 6.53445%]
weather report: current Temp = 0.730551  Cost = 0.874916 [sa progress... 6.97008%]
weather report: current Temp = 0.71594  Cost = 0.821182 [sa progress... 7.40571%]
weather report: current Temp = 0.701621  Cost = 0.832362 [sa progress... 7.84134%]
weather report: current Temp = 0.687589  Cost = 0.852686 [sa progress... 8.27697%]
weather report: current Temp = 0.673837  Cost = 0.905739 [sa progress... 8.7126%]
weather report: current Temp = 0.66036  Cost = 0.92482 [sa progress... 9.14823%]
weather report: current Temp = 0.647153  Cost = 0.788063 [sa progress... 9.58386%]
weather report: current Temp = 0.63421  Cost = 0.834528 [sa progress... 10.0195%]
weather report: current Temp = 0.621526  Cost = 0.809515 [sa progress... 10.4551%]
weather report: current Temp = 0.609095  Cost = 0.828279 [sa progress... 10.8907%]
weather report: current Temp = 0.596913  Cost = 0.753301 [sa progress... 11.3264%]
weather report: current Temp = 0.584975  Cost = 0.767524 [sa progress... 11.762%]
weather report: current Temp = 0.573276  Cost = 0.787902 [sa progress... 12.1976%]
weather report: current Temp = 0.56181  Cost = 0.769807 [sa progress... 12.6333%]
weather report: current Temp = 0.550574  Cost = 0.867596 [sa progress... 13.0689%]
weather report: current Temp = 0.539562  Cost = 1.10089 [sa progress... 13.5045%]
weather report: current Temp = 0.528771  Cost = 0.848673 [sa progress... 13.9402%]
weather report: current Temp = 0.518196  Cost = 0.850474 [sa progress... 14.3758%]
weather report: current Temp = 0.507832  Cost = 0.835754 [sa progress... 14.8114%]
weather report: current Temp = 0.497675  Cost = 1.02313 [sa progress... 15.247%]
weather report: current Temp = 0.487722  Cost = 0.865972 [sa progress... 15.6827%]
weather report: current Temp = 0.477967  Cost = 0.870152 [sa progress... 16.1183%]
weather report: current Temp = 0.468408  Cost = 0.804327 [sa progress... 16.5539%]
weather report: current Temp = 0.45904  Cost = 0.767168 [sa progress... 16.9896%]
weather report: current Temp = 0.449859  Cost = 0.77516 [sa progress... 17.4252%]
weather report: current Temp = 0.440862  Cost = 0.753654 [sa progress... 17.8608%]
weather report: current Temp = 0.432045  Cost = 0.93049 [sa progress... 18.2965%]
weather report: current Temp = 0.423404  Cost = 0.909604 [sa progress... 18.7321%]
weather report: current Temp = 0.414936  Cost = 0.742529 [sa progress... 19.1677%]
weather report: current Temp = 0.406637  Cost = 1.14 [sa progress... 19.6033%]
weather report: current Temp = 0.398504  Cost = 0.835141 [sa progress... 20.039%]
weather report: current Temp = 0.390534  Cost = 0.766852 [sa progress... 20.4746%]
weather report: current Temp = 0.382723  Cost = 0.811502 [sa progress... 20.9102%]
weather report: current Temp = 0.375069  Cost = 0.87596 [sa progress... 21.3459%]
weather report: current Temp = 0.367568  Cost = 0.69535 [sa progress... 21.7815%]
weather report: current Temp = 0.360216  Cost = 0.735645 [sa progress... 22.2171%]
weather report: current Temp = 0.353012  Cost = 0.802986 [sa progress... 22.6528%]
weather report: current Temp = 0.345952  Cost = 0.994227 [sa progress... 23.0884%]
weather report: current Temp = 0.339033  Cost = 1.0296 [sa progress... 23.524%]
weather report: current Temp = 0.332252  Cost = 0.850445 [sa progress... 23.9596%]
weather report: current Temp = 0.325607  Cost = 0.968563 [sa progress... 24.3953%]
weather report: current Temp = 0.319095  Cost = 0.856332 [sa progress... 24.8309%]
weather report: current Temp = 0.312713  Cost = 0.820169 [sa progress... 25.2665%]
weather report: current Temp = 0.306459  Cost = 0.754453 [sa progress... 25.7022%]
weather report: current Temp = 0.300329  Cost = 0.768631 [sa progress... 26.1378%]
weather report: current Temp = 0.294323  Cost = 0.775874 [sa progress... 26.5734%]
weather report: current Temp = 0.288436  Cost = 0.86179 [sa progress... 27.0091%]
weather report: current Temp = 0.282668  Cost = 0.815747 [sa progress... 27.4447%]
weather report: current Temp = 0.277014  Cost = 0.770502 [sa progress... 27.8803%]
weather report: current Temp = 0.271474  Cost = 0.749992 [sa progress... 28.3159%]
weather report: current Temp = 0.266045  Cost = 0.761502 [sa progress... 28.7516%]
weather report: current Temp = 0.260724  Cost = 0.862846 [sa progress... 29.1872%]
weather report: current Temp = 0.255509  Cost = 0.753192 [sa progress... 29.6228%]
weather report: current Temp = 0.250399  Cost = 0.837222 [sa progress... 30.0585%]
weather report: current Temp = 0.245391  Cost = 0.832724 [sa progress... 30.4941%]
weather report: current Temp = 0.240483  Cost = 0.80686 [sa progress... 30.9297%]
weather report: current Temp = 0.235674  Cost = 0.999653 [sa progress... 31.3654%]
weather report: current Temp = 0.23096  Cost = 0.765265 [sa progress... 31.801%]
weather report: current Temp = 0.226341  Cost = 0.797996 [sa progress... 32.2366%]
weather report: current Temp = 0.221814  Cost = 0.781487 [sa progress... 32.6722%]
weather report: current Temp = 0.217378  Cost = 0.816444 [sa progress... 33.1079%]
weather report: current Temp = 0.21303  Cost = 0.769474 [sa progress... 33.5435%]
weather report: current Temp = 0.20877  Cost = 0.796466 [sa progress... 33.9791%]
weather report: current Temp = 0.204594  Cost = 0.858435 [sa progress... 34.4148%]
weather report: current Temp = 0.200502  Cost = 0.902252 [sa progress... 34.8504%]
weather report: current Temp = 0.196492  Cost = 0.758275 [sa progress... 35.286%]
weather report: current Temp = 0.192562  Cost = 0.874823 [sa progress... 35.7217%]
weather report: current Temp = 0.188711  Cost = 0.823022 [sa progress... 36.1573%]
weather report: current Temp = 0.184937  Cost = 0.969555 [sa progress... 36.5929%]
weather report: current Temp = 0.181238  Cost = 0.769364 [sa progress... 37.0285%]
weather report: current Temp = 0.177613  Cost = 0.787968 [sa progress... 37.4642%]
weather report: current Temp = 0.174061  Cost = 0.816209 [sa progress... 37.8998%]
weather report: current Temp = 0.17058  Cost = 0.838178 [sa progress... 38.3354%]
weather report: current Temp = 0.167168  Cost = 0.762439 [sa progress... 38.7711%]
weather report: current Temp = 0.163825  Cost = 0.81386 [sa progress... 39.2067%]
weather report: current Temp = 0.160549  Cost = 0.80933 [sa progress... 39.6423%]
weather report: current Temp = 0.157338  Cost = 0.801788 [sa progress... 40.078%]
weather report: current Temp = 0.154191  Cost = 0.843134 [sa progress... 40.5136%]
weather report: current Temp = 0.151107  Cost = 0.850737 [sa progress... 40.9492%]
weather report: current Temp = 0.148085  Cost = 0.733917 [sa progress... 41.3848%]
weather report: current Temp = 0.145123  Cost = 0.742758 [sa progress... 41.8205%]
weather report: current Temp = 0.142221  Cost = 0.875052 [sa progress... 42.2561%]
weather report: current Temp = 0.139376  Cost = 0.77238 [sa progress... 42.6917%]
weather report: current Temp = 0.136589  Cost = 0.884994 [sa progress... 43.1274%]
weather report: current Temp = 0.133857  Cost = 0.796619 [sa progress... 43.563%]
weather report: current Temp = 0.13118  Cost = 0.918095 [sa progress... 43.9986%]
weather report: current Temp = 0.128556  Cost = 0.775152 [sa progress... 44.4343%]
weather report: current Temp = 0.125985  Cost = 0.773308 [sa progress... 44.8699%]
weather report: current Temp = 0.123465  Cost = 0.852657 [sa progress... 45.3055%]
weather report: current Temp = 0.120996  Cost = 0.846348 [sa progress... 45.7411%]
weather report: current Temp = 0.118576  Cost = 0.815485 [sa progress... 46.1768%]
weather report: current Temp = 0.116205  Cost = 0.849901 [sa progress... 46.6124%]
weather report: current Temp = 0.113881  Cost = 0.737611 [sa progress... 47.048%]
weather report: current Temp = 0.111603  Cost = 0.769622 [sa progress... 47.4837%]
weather report: current Temp = 0.109371  Cost = 0.803187 [sa progress... 47.9193%]
weather report: current Temp = 0.107183  Cost = 0.803609 [sa progress... 48.3549%]
weather report: current Temp = 0.10504  Cost = 0.84213 [sa progress... 48.7906%]
weather report: current Temp = 0.102939  Cost = 0.797489 [sa progress... 49.2262%]
weather report: current Temp = 0.10088  Cost = 0.917042 [sa progress... 49.6618%]
weather report: current Temp = 0.0988626  Cost = 0.835836 [sa progress... 50.0974%]
weather report: current Temp = 0.0968854  Cost = 0.729711 [sa progress... 50.5331%]
weather report: current Temp = 0.0949477  Cost = 0.807198 [sa progress... 50.9687%]
weather report: current Temp = 0.0930487  Cost = 0.821246 [sa progress... 51.4043%]
weather report: current Temp = 0.0911877  Cost = 0.791724 [sa progress... 51.84%]
weather report: current Temp = 0.089364  Cost = 0.768965 [sa progress... 52.2756%]
weather report: current Temp = 0.0875767  Cost = 0.774881 [sa progress... 52.7112%]
weather report: current Temp = 0.0858252  Cost = 0.704875 [sa progress... 53.1469%]
weather report: current Temp = 0.0841087  Cost = 0.736239 [sa progress... 53.5825%]
weather report: current Temp = 0.0824265  Cost = 0.790012 [sa progress... 54.0181%]
weather report: current Temp = 0.080778  Cost = 0.715614 [sa progress... 54.4537%]
weather report: current Temp = 0.0791624  Cost = 0.714782 [sa progress... 54.8894%]
weather report: current Temp = 0.0775792  Cost = 0.761527 [sa progress... 55.325%]
weather report: current Temp = 0.0760276  Cost = 0.762813 [sa progress... 55.7606%]
weather report: current Temp = 0.074507  Cost = 0.729542 [sa progress... 56.1963%]
weather report: current Temp = 0.0730169  Cost = 0.760608 [sa progress... 56.6319%]
weather report: current Temp = 0.0715565  Cost = 0.780654 [sa progress... 57.0675%]
weather report: current Temp = 0.0701254  Cost = 0.81562 [sa progress... 57.5032%]
weather report: current Temp = 0.0687229  Cost = 0.829527 [sa progress... 57.9388%]
weather report: current Temp = 0.0673484  Cost = 0.791714 [sa progress... 58.3744%]
weather report: current Temp = 0.0660015  Cost = 0.777495 [sa progress... 58.81%]
weather report: current Temp = 0.0646814  Cost = 0.849389 [sa progress... 59.2457%]
weather report: current Temp = 0.0633878  Cost = 0.764392 [sa progress... 59.6813%]
weather report: current Temp = 0.0621201  Cost = 0.792227 [sa progress... 60.1169%]
weather report: current Temp = 0.0608777  Cost = 0.762231 [sa progress... 60.5526%]
weather report: current Temp = 0.0596601  Cost = 0.755 [sa progress... 60.9882%]
weather report: current Temp = 0.0584669  Cost = 0.740676 [sa progress... 61.4238%]
weather report: current Temp = 0.0572976  Cost = 0.761787 [sa progress... 61.8595%]
weather report: current Temp = 0.0561516  Cost = 0.798786 [sa progress... 62.2951%]
weather report: current Temp = 0.0550286  Cost = 0.734572 [sa progress... 62.7307%]
weather report: current Temp = 0.053928  Cost = 0.755422 [sa progress... 63.1663%]
weather report: current Temp = 0.0528494  Cost = 0.739418 [sa progress... 63.602%]
weather report: current Temp = 0.0517925  Cost = 0.703331 [sa progress... 64.0376%]
weather report: current Temp = 0.0507566  Cost = 0.71564 [sa progress... 64.4732%]
weather report: current Temp = 0.0497415  Cost = 0.753687 [sa progress... 64.9089%]
weather report: current Temp = 0.0487466  Cost = 0.828058 [sa progress... 65.3445%]
weather report: current Temp = 0.0477717  Cost = 0.748119 [sa progress... 65.7801%]
weather report: current Temp = 0.0468163  Cost = 0.776672 [sa progress... 66.2158%]
weather report: current Temp = 0.04588  Cost = 0.780907 [sa progress... 66.6514%]
weather report: current Temp = 0.0449624  Cost = 0.810427 [sa progress... 67.087%]
weather report: current Temp = 0.0440631  Cost = 0.818436 [sa progress... 67.5226%]
weather report: current Temp = 0.0431818  Cost = 0.816743 [sa progress... 67.9583%]
weather report: current Temp = 0.0423182  Cost = 0.745526 [sa progress... 68.3939%]
weather report: current Temp = 0.0414718  Cost = 0.803199 [sa progress... 68.8295%]
weather report: current Temp = 0.0406424  Cost = 0.808557 [sa progress... 69.2652%]
weather report: current Temp = 0.0398296  Cost = 0.836084 [sa progress... 69.7008%]
weather report: current Temp = 0.039033  Cost = 0.8506 [sa progress... 70.1364%]
weather report: current Temp = 0.0382523  Cost = 0.709899 [sa progress... 70.5721%]
weather report: current Temp = 0.0374873  Cost = 0.862137 [sa progress... 71.0077%]
weather report: current Temp = 0.0367375  Cost = 0.810563 [sa progress... 71.4433%]
weather report: current Temp = 0.0360028  Cost = 0.766347 [sa progress... 71.8789%]
weather report: current Temp = 0.0352827  Cost = 0.735914 [sa progress... 72.3146%]
weather report: current Temp = 0.0345771  Cost = 0.722749 [sa progress... 72.7502%]
weather report: current Temp = 0.0338855  Cost = 0.744179 [sa progress... 73.1858%]
weather report: current Temp = 0.0332078  Cost = 0.72178 [sa progress... 73.6215%]
weather report: current Temp = 0.0325437  Cost = 0.770296 [sa progress... 74.0571%]
weather report: current Temp = 0.0318928  Cost = 0.741835 [sa progress... 74.4927%]
weather report: current Temp = 0.0312549  Cost = 0.822264 [sa progress... 74.9284%]
weather report: current Temp = 0.0306298  Cost = 0.807334 [sa progress... 75.364%]
weather report: current Temp = 0.0300172  Cost = 0.773867 [sa progress... 75.7996%]
weather report: current Temp = 0.0294169  Cost = 0.776725 [sa progress... 76.2352%]
weather report: current Temp = 0.0288285  Cost = 0.790902 [sa progress... 76.6709%]
weather report: current Temp = 0.028252  Cost = 0.761673 [sa progress... 77.1065%]
weather report: current Temp = 0.0276869  Cost = 0.79966 [sa progress... 77.5421%]
weather report: current Temp = 0.0271332  Cost = 0.724152 [sa progress... 77.9778%]
weather report: current Temp = 0.0265905  Cost = 0.763327 [sa progress... 78.4134%]
weather report: current Temp = 0.0260587  Cost = 0.711769 [sa progress... 78.849%]
weather report: current Temp = 0.0255375  Cost = 0.729798 [sa progress... 79.2847%]
weather report: current Temp = 0.0250268  Cost = 0.766883 [sa progress... 79.7203%]
weather report: current Temp = 0.0245263  Cost = 0.715955 [sa progress... 80.1559%]
weather report: current Temp = 0.0240357  Cost = 0.704102 [sa progress... 80.5915%]
weather report: current Temp = 0.023555  Cost = 0.689797 [sa progress... 81.0272%]
weather report: current Temp = 0.0230839  Cost = 0.697331 [sa progress... 81.4628%]
weather report: current Temp = 0.0226222  Cost = 0.658707 [sa progress... 81.8984%]
weather report: current Temp = 0.0221698  Cost = 0.698539 [sa progress... 82.3341%]
weather report: current Temp = 0.0217264  Cost = 0.74551 [sa progress... 82.7697%]
weather report: current Temp = 0.0212919  Cost = 0.725274 [sa progress... 83.2053%]
weather report: current Temp = 0.020866  Cost = 0.738872 [sa progress... 83.641%]
weather report: current Temp = 0.0204487  Cost = 0.689763 [sa progress... 84.0766%]
weather report: current Temp = 0.0200397  Cost = 0.697161 [sa progress... 84.5122%]
weather report: current Temp = 0.0196389  Cost = 0.734359 [sa progress... 84.9478%]
weather report: current Temp = 0.0192462  Cost = 0.740956 [sa progress... 85.3835%]
weather report: current Temp = 0.0188612  Cost = 0.740664 [sa progress... 85.8191%]
weather report: current Temp = 0.018484  Cost = 0.767585 [sa progress... 86.2547%]
weather report: current Temp = 0.0181143  Cost = 0.729861 [sa progress... 86.6904%]
weather report: current Temp = 0.0177521  Cost = 0.747058 [sa progress... 87.126%]
weather report: current Temp = 0.017397  Cost = 0.753628 [sa progress... 87.5616%]
weather report: current Temp = 0.0170491  Cost = 0.732569 [sa progress... 87.9973%]
weather report: current Temp = 0.0167081  Cost = 0.760079 [sa progress... 88.4329%]
weather report: current Temp = 0.0163739  Cost = 0.730008 [sa progress... 88.8685%]
weather report: current Temp = 0.0160464  Cost = 0.691174 [sa progress... 89.3041%]
weather report: current Temp = 0.0157255  Cost = 0.673766 [sa progress... 89.7398%]
weather report: current Temp = 0.015411  Cost = 0.684097 [sa progress... 90.1754%]
weather report: current Temp = 0.0151028  Cost = 0.680632 [sa progress... 90.611%]
weather report: current Temp = 0.0148007  Cost = 0.695351 [sa progress... 91.0467%]
weather report: current Temp = 0.0145047  Cost = 0.705526 [sa progress... 91.4823%]
weather report: current Temp = 0.0142146  Cost = 0.724891 [sa progress... 91.9179%]
weather report: current Temp = 0.0139303  Cost = 0.739439 [sa progress... 92.3535%]
weather report: current Temp = 0.0136517  Cost = 0.757053 [sa progress... 92.7892%]
weather report: current Temp = 0.0133787  Cost = 0.672887 [sa progress... 93.2248%]
weather report: current Temp = 0.0131111  Cost = 0.672578 [sa progress... 93.6604%]
weather report: current Temp = 0.0128489  Cost = 0.677087 [sa progress... 94.0961%]
weather report: current Temp = 0.0125919  Cost = 0.672529 [sa progress... 94.5317%]
weather report: current Temp = 0.0123401  Cost = 0.700273 [sa progress... 94.9673%]
weather report: current Temp = 0.0120933  Cost = 0.702181 [sa progress... 95.403%]
weather report: current Temp = 0.0118514  Cost = 0.70862 [sa progress... 95.8386%]
weather report: current Temp = 0.0116144  Cost = 0.673121 [sa progress... 96.2742%]
weather report: current Temp = 0.0113821  Cost = 0.657446 [sa progress... 96.7098%]
weather report: current Temp = 0.0111545  Cost = 0.712721 [sa progress... 97.1455%]
weather report: current Temp = 0.0109314  Cost = 0.691021 [sa progress... 97.5811%]
weather report: current Temp = 0.0107127  Cost = 0.687342 [sa progress... 98.0167%]
weather report: current Temp = 0.0104985  Cost = 0.683899 [sa progress... 98.4524%]
weather report: current Temp = 0.0102885  Cost = 0.689997 [sa progress... 98.888%]
weather report: current Temp = 0.0100827  Cost = 0.669372 [sa progress... 99.3236%]
weather report: current Temp = 0.00988109  Cost = 0.640671 [sa progress... 99.7593%]
simAnneal_int(): done, _optCost = 0.612633
> total perturbation: 46000 uphill: 3477 downhill: 8846
3th attempt!

setTemp(): start greedy search
avgDcost:0.060183 T0:1.173319, Tx:0.011359
simAnneal_int(): start to SA
weather report: current Temp = 1.14985  Cost = 0.901077 [sa progress... 0%]
weather report: current Temp = 1.12686  Cost = 0.726616 [sa progress... 0.43563%]
weather report: current Temp = 1.10432  Cost = 0.902509 [sa progress... 0.87126%]
weather report: current Temp = 1.08223  Cost = 0.931137 [sa progress... 1.30689%]
weather report: current Temp = 1.06059  Cost = 0.762949 [sa progress... 1.74252%]
weather report: current Temp = 1.03938  Cost = 0.786958 [sa progress... 2.17815%]
weather report: current Temp = 1.01859  Cost = 0.759909 [sa progress... 2.61378%]
weather report: current Temp = 0.998216  Cost = 0.864205 [sa progress... 3.04941%]
weather report: current Temp = 0.978252  Cost = 0.941382 [sa progress... 3.48504%]
weather report: current Temp = 0.958687  Cost = 0.914834 [sa progress... 3.92067%]
weather report: current Temp = 0.939513  Cost = 0.869222 [sa progress... 4.3563%]
weather report: current Temp = 0.920723  Cost = 0.958316 [sa progress... 4.79193%]
weather report: current Temp = 0.902308  Cost = 0.864111 [sa progress... 5.22756%]
weather report: current Temp = 0.884262  Cost = 0.834316 [sa progress... 5.66319%]
weather report: current Temp = 0.866577  Cost = 0.877832 [sa progress... 6.09882%]
weather report: current Temp = 0.849245  Cost = 0.797357 [sa progress... 6.53445%]
weather report: current Temp = 0.832261  Cost = 0.999842 [sa progress... 6.97008%]
weather report: current Temp = 0.815615  Cost = 0.808502 [sa progress... 7.40571%]
weather report: current Temp = 0.799303  Cost = 0.796719 [sa progress... 7.84134%]
weather report: current Temp = 0.783317  Cost = 1.49915 [sa progress... 8.27697%]
weather report: current Temp = 0.767651  Cost = 0.785779 [sa progress... 8.7126%]
weather report: current Temp = 0.752298  Cost = 0.764688 [sa progress... 9.14823%]
weather report: current Temp = 0.737252  Cost = 0.857821 [sa progress... 9.58386%]
weather report: current Temp = 0.722507  Cost = 0.881552 [sa progress... 10.0195%]
weather report: current Temp = 0.708056  Cost = 0.869585 [sa progress... 10.4551%]
weather report: current Temp = 0.693895  Cost = 1.05723 [sa progress... 10.8907%]
weather report: current Temp = 0.680017  Cost = 0.772474 [sa progress... 11.3264%]
weather report: current Temp = 0.666417  Cost = 0.86449 [sa progress... 11.762%]
weather report: current Temp = 0.653089  Cost = 0.888464 [sa progress... 12.1976%]
weather report: current Temp = 0.640027  Cost = 0.786909 [sa progress... 12.6333%]
weather report: current Temp = 0.627226  Cost = 0.785031 [sa progress... 13.0689%]
weather report: current Temp = 0.614682  Cost = 0.920742 [sa progress... 13.5045%]
weather report: current Temp = 0.602388  Cost = 0.750683 [sa progress... 13.9402%]
weather report: current Temp = 0.590341  Cost = 1.13406 [sa progress... 14.3758%]
weather report: current Temp = 0.578534  Cost = 0.877107 [sa progress... 14.8114%]
weather report: current Temp = 0.566963  Cost = 0.798491 [sa progress... 15.247%]
weather report: current Temp = 0.555624  Cost = 1.09017 [sa progress... 15.6827%]
weather report: current Temp = 0.544511  Cost = 0.723701 [sa progress... 16.1183%]
weather report: current Temp = 0.533621  Cost = 0.7677 [sa progress... 16.5539%]
weather report: current Temp = 0.522949  Cost = 0.792807 [sa progress... 16.9896%]
weather report: current Temp = 0.51249  Cost = 0.773498 [sa progress... 17.4252%]
weather report: current Temp = 0.50224  Cost = 0.798788 [sa progress... 17.8608%]
weather report: current Temp = 0.492195  Cost = 0.863195 [sa progress... 18.2965%]
weather report: current Temp = 0.482351  Cost = 0.70538 [sa progress... 18.7321%]
weather report: current Temp = 0.472704  Cost = 0.716373 [sa progress... 19.1677%]
weather report: current Temp = 0.46325  Cost = 0.870993 [sa progress... 19.6033%]
weather report: current Temp = 0.453985  Cost = 0.757358 [sa progress... 20.039%]
weather report: current Temp = 0.444905  Cost = 1.33596 [sa progress... 20.4746%]
weather report: current Temp = 0.436007  Cost = 0.863035 [sa progress... 20.9102%]
weather report: current Temp = 0.427287  Cost = 0.876428 [sa progress... 21.3459%]
weather report: current Temp = 0.418741  Cost = 0.792091 [sa progress... 21.7815%]
weather report: current Temp = 0.410367  Cost = 0.816749 [sa progress... 22.2171%]
weather report: current Temp = 0.402159  Cost = 0.776828 [sa progress... 22.6528%]
weather report: current Temp = 0.394116  Cost = 0.704135 [sa progress... 23.0884%]
weather report: current Temp = 0.386234  Cost = 0.700719 [sa progress... 23.524%]
weather report: current Temp = 0.378509  Cost = 0.999344 [sa progress... 23.9596%]
weather report: current Temp = 0.370939  Cost = 0.891059 [sa progress... 24.3953%]
weather report: current Temp = 0.36352  Cost = 1.00249 [sa progress... 24.8309%]
weather report: current Temp = 0.35625  Cost = 0.85494 [sa progress... 25.2665%]
weather report: current Temp = 0.349125  Cost = 0.825735 [sa progress... 25.7022%]
weather report: current Temp = 0.342142  Cost = 1.27808 [sa progress... 26.1378%]
weather report: current Temp = 0.335299  Cost = 1.05045 [sa progress... 26.5734%]
weather report: current Temp = 0.328593  Cost = 0.78917 [sa progress... 27.0091%]
weather report: current Temp = 0.322021  Cost = 0.801537 [sa progress... 27.4447%]
weather report: current Temp = 0.315581  Cost = 0.829546 [sa progress... 27.8803%]
weather report: current Temp = 0.309269  Cost = 0.941694 [sa progress... 28.3159%]
weather report: current Temp = 0.303084  Cost = 0.736713 [sa progress... 28.7516%]
weather report: current Temp = 0.297022  Cost = 0.860575 [sa progress... 29.1872%]
weather report: current Temp = 0.291082  Cost = 0.738236 [sa progress... 29.6228%]
weather report: current Temp = 0.28526  Cost = 0.94623 [sa progress... 30.0585%]
weather report: current Temp = 0.279555  Cost = 1.17398 [sa progress... 30.4941%]
weather report: current Temp = 0.273964  Cost = 0.875515 [sa progress... 30.9297%]
weather report: current Temp = 0.268485  Cost = 0.744568 [sa progress... 31.3654%]
weather report: current Temp = 0.263115  Cost = 0.903416 [sa progress... 31.801%]
weather report: current Temp = 0.257853  Cost = 0.748383 [sa progress... 32.2366%]
weather report: current Temp = 0.252696  Cost = 0.784165 [sa progress... 32.6722%]
weather report: current Temp = 0.247642  Cost = 0.788235 [sa progress... 33.1079%]
weather report: current Temp = 0.242689  Cost = 0.874784 [sa progress... 33.5435%]
weather report: current Temp = 0.237835  Cost = 0.721303 [sa progress... 33.9791%]
weather report: current Temp = 0.233078  Cost = 0.77748 [sa progress... 34.4148%]
weather report: current Temp = 0.228417  Cost = 0.888293 [sa progress... 34.8504%]
weather report: current Temp = 0.223849  Cost = 0.789998 [sa progress... 35.286%]
weather report: current Temp = 0.219372  Cost = 0.762073 [sa progress... 35.7217%]
weather report: current Temp = 0.214984  Cost = 0.741882 [sa progress... 36.1573%]
weather report: current Temp = 0.210684  Cost = 0.855315 [sa progress... 36.5929%]
weather report: current Temp = 0.206471  Cost = 0.789436 [sa progress... 37.0285%]
weather report: current Temp = 0.202341  Cost = 1.03696 [sa progress... 37.4642%]
weather report: current Temp = 0.198295  Cost = 0.800653 [sa progress... 37.8998%]
weather report: current Temp = 0.194329  Cost = 0.874066 [sa progress... 38.3354%]
weather report: current Temp = 0.190442  Cost = 0.813664 [sa progress... 38.7711%]
weather report: current Temp = 0.186633  Cost = 0.830241 [sa progress... 39.2067%]
weather report: current Temp = 0.182901  Cost = 0.830088 [sa progress... 39.6423%]
weather report: current Temp = 0.179243  Cost = 0.869946 [sa progress... 40.078%]
weather report: current Temp = 0.175658  Cost = 1.06862 [sa progress... 40.5136%]
weather report: current Temp = 0.172145  Cost = 0.841697 [sa progress... 40.9492%]
weather report: current Temp = 0.168702  Cost = 0.791937 [sa progress... 41.3848%]
weather report: current Temp = 0.165328  Cost = 0.831871 [sa progress... 41.8205%]
weather report: current Temp = 0.162021  Cost = 0.824208 [sa progress... 42.2561%]
weather report: current Temp = 0.158781  Cost = 0.743921 [sa progress... 42.6917%]
weather report: current Temp = 0.155605  Cost = 0.829272 [sa progress... 43.1274%]
weather report: current Temp = 0.152493  Cost = 0.846955 [sa progress... 43.563%]
weather report: current Temp = 0.149443  Cost = 0.86974 [sa progress... 43.9986%]
weather report: current Temp = 0.146454  Cost = 0.801583 [sa progress... 44.4343%]
weather report: current Temp = 0.143525  Cost = 0.744163 [sa progress... 44.8699%]
weather report: current Temp = 0.140655  Cost = 0.798286 [sa progress... 45.3055%]
weather report: current Temp = 0.137842  Cost = 0.832137 [sa progress... 45.7411%]
weather report: current Temp = 0.135085  Cost = 0.743462 [sa progress... 46.1768%]
weather report: current Temp = 0.132383  Cost = 0.799838 [sa progress... 46.6124%]
weather report: current Temp = 0.129735  Cost = 0.813346 [sa progress... 47.048%]
weather report: current Temp = 0.127141  Cost = 0.873212 [sa progress... 47.4837%]
weather report: current Temp = 0.124598  Cost = 0.833977 [sa progress... 47.9193%]
weather report: current Temp = 0.122106  Cost = 0.793726 [sa progress... 48.3549%]
weather report: current Temp = 0.119664  Cost = 0.790269 [sa progress... 48.7906%]
weather report: current Temp = 0.11727  Cost = 0.989839 [sa progress... 49.2262%]
weather report: current Temp = 0.114925  Cost = 0.764198 [sa progress... 49.6618%]
weather report: current Temp = 0.112627  Cost = 0.766278 [sa progress... 50.0974%]
weather report: current Temp = 0.110374  Cost = 0.811208 [sa progress... 50.5331%]
weather report: current Temp = 0.108167  Cost = 0.755989 [sa progress... 50.9687%]
weather report: current Temp = 0.106003  Cost = 0.873377 [sa progress... 51.4043%]
weather report: current Temp = 0.103883  Cost = 0.731835 [sa progress... 51.84%]
weather report: current Temp = 0.101805  Cost = 0.70882 [sa progress... 52.2756%]
weather report: current Temp = 0.0997694  Cost = 0.737214 [sa progress... 52.7112%]
weather report: current Temp = 0.097774  Cost = 0.78175 [sa progress... 53.1469%]
weather report: current Temp = 0.0958185  Cost = 0.752702 [sa progress... 53.5825%]
weather report: current Temp = 0.0939021  Cost = 0.724906 [sa progress... 54.0181%]
weather report: current Temp = 0.0920241  Cost = 0.741086 [sa progress... 54.4537%]
weather report: current Temp = 0.0901836  Cost = 0.758131 [sa progress... 54.8894%]
weather report: current Temp = 0.0883799  Cost = 0.733917 [sa progress... 55.325%]
weather report: current Temp = 0.0866123  Cost = 0.731463 [sa progress... 55.7606%]
weather report: current Temp = 0.0848801  Cost = 0.776446 [sa progress... 56.1963%]
weather report: current Temp = 0.0831825  Cost = 0.733015 [sa progress... 56.6319%]
weather report: current Temp = 0.0815188  Cost = 0.733739 [sa progress... 57.0675%]
weather report: current Temp = 0.0798885  Cost = 0.739114 [sa progress... 57.5032%]
weather report: current Temp = 0.0782907  Cost = 0.690373 [sa progress... 57.9388%]
weather report: current Temp = 0.0767249  Cost = 0.709324 [sa progress... 58.3744%]
weather report: current Temp = 0.0751904  Cost = 0.685965 [sa progress... 58.81%]
weather report: current Temp = 0.0736866  Cost = 0.776437 [sa progress... 59.2457%]
weather report: current Temp = 0.0722128  Cost = 0.692979 [sa progress... 59.6813%]
weather report: current Temp = 0.0707686  Cost = 0.686494 [sa progress... 60.1169%]
weather report: current Temp = 0.0693532  Cost = 0.694114 [sa progress... 60.5526%]
weather report: current Temp = 0.0679662  Cost = 0.81989 [sa progress... 60.9882%]
weather report: current Temp = 0.0666068  Cost = 0.685069 [sa progress... 61.4238%]
weather report: current Temp = 0.0652747  Cost = 0.734298 [sa progress... 61.8595%]
weather report: current Temp = 0.0639692  Cost = 0.743284 [sa progress... 62.2951%]
weather report: current Temp = 0.0626898  Cost = 0.737369 [sa progress... 62.7307%]
weather report: current Temp = 0.061436  Cost = 0.768975 [sa progress... 63.1663%]
weather report: current Temp = 0.0602073  Cost = 0.807701 [sa progress... 63.602%]
weather report: current Temp = 0.0590032  Cost = 0.793745 [sa progress... 64.0376%]
weather report: current Temp = 0.0578231  Cost = 0.754935 [sa progress... 64.4732%]
weather report: current Temp = 0.0566666  Cost = 0.794226 [sa progress... 64.9089%]
weather report: current Temp = 0.0555333  Cost = 0.712104 [sa progress... 65.3445%]
weather report: current Temp = 0.0544226  Cost = 0.741109 [sa progress... 65.7801%]
weather report: current Temp = 0.0533342  Cost = 0.723681 [sa progress... 66.2158%]
weather report: current Temp = 0.0522675  Cost = 0.76683 [sa progress... 66.6514%]
weather report: current Temp = 0.0512221  Cost = 0.75926 [sa progress... 67.087%]
weather report: current Temp = 0.0501977  Cost = 0.736096 [sa progress... 67.5226%]
weather report: current Temp = 0.0491937  Cost = 0.720111 [sa progress... 67.9583%]
weather report: current Temp = 0.0482099  Cost = 0.724377 [sa progress... 68.3939%]
weather report: current Temp = 0.0472457  Cost = 0.741925 [sa progress... 68.8295%]
weather report: current Temp = 0.0463008  Cost = 0.728004 [sa progress... 69.2652%]
weather report: current Temp = 0.0453747  Cost = 0.739581 [sa progress... 69.7008%]
weather report: current Temp = 0.0444673  Cost = 0.72298 [sa progress... 70.1364%]
weather report: current Temp = 0.0435779  Cost = 0.775628 [sa progress... 70.5721%]
weather report: current Temp = 0.0427063  Cost = 0.768763 [sa progress... 71.0077%]
weather report: current Temp = 0.0418522  Cost = 0.737486 [sa progress... 71.4433%]
weather report: current Temp = 0.0410152  Cost = 0.681751 [sa progress... 71.8789%]
weather report: current Temp = 0.0401949  Cost = 0.821505 [sa progress... 72.3146%]
weather report: current Temp = 0.039391  Cost = 0.766843 [sa progress... 72.7502%]
weather report: current Temp = 0.0386032  Cost = 0.734854 [sa progress... 73.1858%]
weather report: current Temp = 0.0378311  Cost = 0.772254 [sa progress... 73.6215%]
weather report: current Temp = 0.0370745  Cost = 0.768104 [sa progress... 74.0571%]
weather report: current Temp = 0.036333  Cost = 0.769633 [sa progress... 74.4927%]
weather report: current Temp = 0.0356063  Cost = 0.736294 [sa progress... 74.9284%]
weather report: current Temp = 0.0348942  Cost = 0.707842 [sa progress... 75.364%]
weather report: current Temp = 0.0341963  Cost = 0.672747 [sa progress... 75.7996%]
weather report: current Temp = 0.0335124  Cost = 0.688873 [sa progress... 76.2352%]
weather report: current Temp = 0.0328421  Cost = 0.683869 [sa progress... 76.6709%]
weather report: current Temp = 0.0321853  Cost = 0.764485 [sa progress... 77.1065%]
weather report: current Temp = 0.0315416  Cost = 0.800897 [sa progress... 77.5421%]
weather report: current Temp = 0.0309108  Cost = 0.717763 [sa progress... 77.9778%]
weather report: current Temp = 0.0302925  Cost = 0.743434 [sa progress... 78.4134%]
weather report: current Temp = 0.0296867  Cost = 0.717659 [sa progress... 78.849%]
weather report: current Temp = 0.029093  Cost = 0.747877 [sa progress... 79.2847%]
weather report: current Temp = 0.0285111  Cost = 0.748892 [sa progress... 79.7203%]
weather report: current Temp = 0.0279409  Cost = 0.881871 [sa progress... 80.1559%]
weather report: current Temp = 0.0273821  Cost = 0.702165 [sa progress... 80.5915%]
weather report: current Temp = 0.0268344  Cost = 0.693352 [sa progress... 81.0272%]
weather report: current Temp = 0.0262977  Cost = 0.713456 [sa progress... 81.4628%]
weather report: current Temp = 0.0257718  Cost = 0.696734 [sa progress... 81.8984%]
weather report: current Temp = 0.0252563  Cost = 0.746493 [sa progress... 82.3341%]
weather report: current Temp = 0.0247512  Cost = 0.726263 [sa progress... 82.7697%]
weather report: current Temp = 0.0242562  Cost = 0.750357 [sa progress... 83.2053%]
weather report: current Temp = 0.0237711  Cost = 0.714436 [sa progress... 83.641%]
weather report: current Temp = 0.0232956  Cost = 0.718521 [sa progress... 84.0766%]
weather report: current Temp = 0.0228297  Cost = 0.792875 [sa progress... 84.5122%]
weather report: current Temp = 0.0223731  Cost = 0.732392 [sa progress... 84.9478%]
weather report: current Temp = 0.0219257  Cost = 0.726516 [sa progress... 85.3835%]
weather report: current Temp = 0.0214872  Cost = 0.77031 [sa progress... 85.8191%]
weather report: current Temp = 0.0210574  Cost = 0.718265 [sa progress... 86.2547%]
weather report: current Temp = 0.0206363  Cost = 0.694528 [sa progress... 86.6904%]
weather report: current Temp = 0.0202235  Cost = 0.668469 [sa progress... 87.126%]
weather report: current Temp = 0.0198191  Cost = 0.680619 [sa progress... 87.5616%]
weather report: current Temp = 0.0194227  Cost = 0.684925 [sa progress... 87.9973%]
weather report: current Temp = 0.0190342  Cost = 0.700934 [sa progress... 88.4329%]
weather report: current Temp = 0.0186536  Cost = 0.712412 [sa progress... 88.8685%]
weather report: current Temp = 0.0182805  Cost = 0.728975 [sa progress... 89.3041%]
weather report: current Temp = 0.0179149  Cost = 0.717972 [sa progress... 89.7398%]
weather report: current Temp = 0.0175566  Cost = 0.793052 [sa progress... 90.1754%]
weather report: current Temp = 0.0172054  Cost = 0.761452 [sa progress... 90.611%]
weather report: current Temp = 0.0168613  Cost = 0.756233 [sa progress... 91.0467%]
weather report: current Temp = 0.0165241  Cost = 0.786187 [sa progress... 91.4823%]
weather report: current Temp = 0.0161936  Cost = 0.748527 [sa progress... 91.9179%]
weather report: current Temp = 0.0158698  Cost = 0.802954 [sa progress... 92.3535%]
weather report: current Temp = 0.0155524  Cost = 0.719268 [sa progress... 92.7892%]
weather report: current Temp = 0.0152413  Cost = 0.709618 [sa progress... 93.2248%]
weather report: current Temp = 0.0149365  Cost = 0.690618 [sa progress... 93.6604%]
weather report: current Temp = 0.0146378  Cost = 0.735634 [sa progress... 94.0961%]
weather report: current Temp = 0.014345  Cost = 0.716749 [sa progress... 94.5317%]
weather report: current Temp = 0.0140581  Cost = 0.694457 [sa progress... 94.9673%]
weather report: current Temp = 0.0137769  Cost = 0.739534 [sa progress... 95.403%]
weather report: current Temp = 0.0135014  Cost = 0.715506 [sa progress... 95.8386%]
weather report: current Temp = 0.0132314  Cost = 0.714265 [sa progress... 96.2742%]
weather report: current Temp = 0.0129667  Cost = 0.670332 [sa progress... 96.7098%]
weather report: current Temp = 0.0127074  Cost = 0.678548 [sa progress... 97.1455%]
weather report: current Temp = 0.0124533  Cost = 0.691137 [sa progress... 97.5811%]
weather report: current Temp = 0.0122042  Cost = 0.654773 [sa progress... 98.0167%]
weather report: current Temp = 0.0119601  Cost = 0.703303 [sa progress... 98.4524%]
weather report: current Temp = 0.0117209  Cost = 0.68417 [sa progress... 98.888%]
weather report: current Temp = 0.0114865  Cost = 0.668669 [sa progress... 99.3236%]
weather report: current Temp = 0.0112568  Cost = 0.709887 [sa progress... 99.7593%]
simAnneal_int(): done, _optCost = 0.612633
> total perturbation: 46000 uphill: 3470 downhill: 9043
 >  writeMatlabOutput() : opening output file log/adaptec4.fp.matlab
 >  no overlaps
 >  chip area  : 1.9602e+08
 >  [Warning] following area info is for the lastest packing , not the opt
 >  Macro area : 1.05664e+08
 >  BLArea     : 1.82892e+07
 >  BRArea     : 3.46317e+07
 >  TLArea     : 2.79678e+07
 >  TRArea     : 2.47749e+07
 >  writeOutput() : opening output file log/adaptec4.fp
 >  MP trees macro packing finished.
