 >  readInput() : start reading input data
 >  readNode() : reading node file benchmark/adaptec2_MMS/adaptec2.nodes
 >  Number of macros = 127
 >  readNode() : reading node success!
 >  readPosition() : reading position file benchmark/adaptec2_MMS/adaptec2.ntup.pl
 >  readPosition() : reading position success!
 >  initial chip boundary : 
 >    Width  = 14361
 >    Height = 14464
 >  readNet() : reading net file benchmark/adaptec2_MMS/adaptec2.nets
 >  readNet() : reading net success!
updateOptSol() : find better sol!
>> cost = 1
simAnneal(): start
1th attempt!

setTemp(): start greedy search
updateOptSol() : find better sol!
>> cost = 0.973983
updateOptSol() : find better sol!
>> cost = 0.892627
updateOptSol() : find better sol!
>> cost = 0.868962
updateOptSol() : find better sol!
>> cost = 0.828591
updateOptSol() : find better sol!
>> cost = 0.806662
updateOptSol() : find better sol!
>> cost = 0.780521
updateOptSol() : find better sol!
>> cost = 0.759696
updateOptSol() : find better sol!
>> cost = 0.749883
updateOptSol() : find better sol!
>> cost = 0.740623
updateOptSol() : find better sol!
>> cost = 0.711981
updateOptSol() : find better sol!
>> cost = 0.710371
updateOptSol() : find better sol!
>> cost = 0.708665
updateOptSol() : find better sol!
>> cost = 0.703477
updateOptSol() : find better sol!
>> cost = 0.696761
updateOptSol() : find better sol!
>> cost = 0.691314
updateOptSol() : find better sol!
>> cost = 0.691174
updateOptSol() : find better sol!
>> cost = 0.688898
updateOptSol() : find better sol!
>> cost = 0.686464
updateOptSol() : find better sol!
>> cost = 0.678892
updateOptSol() : find better sol!
>> cost = 0.675267
updateOptSol() : find better sol!
>> cost = 0.672839
avgDcost:0.018440 T0:0.359508, Tx:0.003480
simAnneal_int(): start to SA
updateOptSol() : find better sol!
>> cost = 0.666445
updateOptSol() : find better sol!
>> cost = 0.664372
weather report: current Temp = 0.352318  Cost = 0.71229 [sa progress... 0%]
weather report: current Temp = 0.345271  Cost = 0.683112 [sa progress... 0.43563%]
updateOptSol() : find better sol!
>> cost = 0.661939
updateOptSol() : find better sol!
>> cost = 0.66159
updateOptSol() : find better sol!
>> cost = 0.661474
updateOptSol() : find better sol!
>> cost = 0.660652
weather report: current Temp = 0.338366  Cost = 0.683478 [sa progress... 0.87126%]
updateOptSol() : find better sol!
>> cost = 0.659733
weather report: current Temp = 0.331599  Cost = 0.667152 [sa progress... 1.30689%]
updateOptSol() : find better sol!
>> cost = 0.65929
updateOptSol() : find better sol!
>> cost = 0.657999
updateOptSol() : find better sol!
>> cost = 0.657355
updateOptSol() : find better sol!
>> cost = 0.656056
updateOptSol() : find better sol!
>> cost = 0.65537
weather report: current Temp = 0.324967  Cost = 0.687488 [sa progress... 1.74252%]
updateOptSol() : find better sol!
>> cost = 0.654992
updateOptSol() : find better sol!
>> cost = 0.651775
updateOptSol() : find better sol!
>> cost = 0.647098
updateOptSol() : find better sol!
>> cost = 0.639165
weather report: current Temp = 0.318467  Cost = 0.656682 [sa progress... 2.17815%]
updateOptSol() : find better sol!
>> cost = 0.637138
weather report: current Temp = 0.312098  Cost = 0.674338 [sa progress... 2.61378%]
updateOptSol() : find better sol!
>> cost = 0.636387
updateOptSol() : find better sol!
>> cost = 0.628885
updateOptSol() : find better sol!
>> cost = 0.624747
updateOptSol() : find better sol!
>> cost = 0.623892
weather report: current Temp = 0.305856  Cost = 0.634907 [sa progress... 3.04941%]
updateOptSol() : find better sol!
>> cost = 0.623301
updateOptSol() : find better sol!
>> cost = 0.623218
weather report: current Temp = 0.299739  Cost = 0.641119 [sa progress... 3.48504%]
weather report: current Temp = 0.293744  Cost = 0.657839 [sa progress... 3.92067%]
weather report: current Temp = 0.287869  Cost = 0.647238 [sa progress... 4.3563%]
weather report: current Temp = 0.282112  Cost = 0.634387 [sa progress... 4.79193%]
updateOptSol() : find better sol!
>> cost = 0.620053
updateOptSol() : find better sol!
>> cost = 0.619509
updateOptSol() : find better sol!
>> cost = 0.618403
updateOptSol() : find better sol!
>> cost = 0.618268
updateOptSol() : find better sol!
>> cost = 0.618174
updateOptSol() : find better sol!
>> cost = 0.618061
updateOptSol() : find better sol!
>> cost = 0.617694
updateOptSol() : find better sol!
>> cost = 0.617687
updateOptSol() : find better sol!
>> cost = 0.617296
weather report: current Temp = 0.27647  Cost = 0.64037 [sa progress... 5.22756%]
weather report: current Temp = 0.27094  Cost = 0.678393 [sa progress... 5.66319%]
weather report: current Temp = 0.265521  Cost = 0.734861 [sa progress... 6.09882%]
weather report: current Temp = 0.260211  Cost = 0.805828 [sa progress... 6.53445%]
weather report: current Temp = 0.255007  Cost = 0.6964 [sa progress... 6.97008%]
weather report: current Temp = 0.249907  Cost = 0.656236 [sa progress... 7.40571%]
weather report: current Temp = 0.244908  Cost = 0.662614 [sa progress... 7.84134%]
weather report: current Temp = 0.24001  Cost = 0.784546 [sa progress... 8.27697%]
weather report: current Temp = 0.23521  Cost = 0.634576 [sa progress... 8.7126%]
weather report: current Temp = 0.230506  Cost = 0.668131 [sa progress... 9.14823%]
weather report: current Temp = 0.225896  Cost = 0.697401 [sa progress... 9.58386%]
weather report: current Temp = 0.221378  Cost = 0.639724 [sa progress... 10.0195%]
weather report: current Temp = 0.21695  Cost = 0.668445 [sa progress... 10.4551%]
weather report: current Temp = 0.212611  Cost = 0.658073 [sa progress... 10.8907%]
weather report: current Temp = 0.208359  Cost = 0.724571 [sa progress... 11.3264%]
weather report: current Temp = 0.204192  Cost = 0.706678 [sa progress... 11.762%]
weather report: current Temp = 0.200108  Cost = 0.725752 [sa progress... 12.1976%]
weather report: current Temp = 0.196106  Cost = 0.674324 [sa progress... 12.6333%]
weather report: current Temp = 0.192184  Cost = 0.676632 [sa progress... 13.0689%]
weather report: current Temp = 0.18834  Cost = 0.679408 [sa progress... 13.5045%]
weather report: current Temp = 0.184573  Cost = 0.653339 [sa progress... 13.9402%]
weather report: current Temp = 0.180882  Cost = 0.733036 [sa progress... 14.3758%]
weather report: current Temp = 0.177264  Cost = 0.650122 [sa progress... 14.8114%]
weather report: current Temp = 0.173719  Cost = 0.701444 [sa progress... 15.247%]
weather report: current Temp = 0.170245  Cost = 0.66044 [sa progress... 15.6827%]
weather report: current Temp = 0.16684  Cost = 0.699661 [sa progress... 16.1183%]
weather report: current Temp = 0.163503  Cost = 0.668875 [sa progress... 16.5539%]
weather report: current Temp = 0.160233  Cost = 0.625901 [sa progress... 16.9896%]
weather report: current Temp = 0.157028  Cost = 0.699475 [sa progress... 17.4252%]
weather report: current Temp = 0.153888  Cost = 0.631255 [sa progress... 17.8608%]
weather report: current Temp = 0.15081  Cost = 0.651404 [sa progress... 18.2965%]
weather report: current Temp = 0.147794  Cost = 0.63729 [sa progress... 18.7321%]
weather report: current Temp = 0.144838  Cost = 0.660714 [sa progress... 19.1677%]
updateOptSol() : find better sol!
>> cost = 0.616522
weather report: current Temp = 0.141941  Cost = 0.622956 [sa progress... 19.6033%]
weather report: current Temp = 0.139102  Cost = 0.660273 [sa progress... 20.039%]
weather report: current Temp = 0.13632  Cost = 0.665979 [sa progress... 20.4746%]
weather report: current Temp = 0.133594  Cost = 0.687826 [sa progress... 20.9102%]
weather report: current Temp = 0.130922  Cost = 0.681465 [sa progress... 21.3459%]
weather report: current Temp = 0.128303  Cost = 0.650894 [sa progress... 21.7815%]
weather report: current Temp = 0.125737  Cost = 0.685006 [sa progress... 22.2171%]
weather report: current Temp = 0.123223  Cost = 0.690445 [sa progress... 22.6528%]
weather report: current Temp = 0.120758  Cost = 0.678907 [sa progress... 23.0884%]
weather report: current Temp = 0.118343  Cost = 0.657539 [sa progress... 23.524%]
weather report: current Temp = 0.115976  Cost = 0.654722 [sa progress... 23.9596%]
weather report: current Temp = 0.113657  Cost = 0.648462 [sa progress... 24.3953%]
weather report: current Temp = 0.111383  Cost = 0.66926 [sa progress... 24.8309%]
weather report: current Temp = 0.109156  Cost = 0.657121 [sa progress... 25.2665%]
weather report: current Temp = 0.106973  Cost = 0.649872 [sa progress... 25.7022%]
weather report: current Temp = 0.104833  Cost = 0.722107 [sa progress... 26.1378%]
weather report: current Temp = 0.102737  Cost = 0.655996 [sa progress... 26.5734%]
weather report: current Temp = 0.100682  Cost = 0.713841 [sa progress... 27.0091%]
weather report: current Temp = 0.0986682  Cost = 0.674627 [sa progress... 27.4447%]
weather report: current Temp = 0.0966948  Cost = 0.677867 [sa progress... 27.8803%]
weather report: current Temp = 0.0947609  Cost = 0.65157 [sa progress... 28.3159%]
weather report: current Temp = 0.0928657  Cost = 0.655667 [sa progress... 28.7516%]
weather report: current Temp = 0.0910084  Cost = 0.699347 [sa progress... 29.1872%]
weather report: current Temp = 0.0891882  Cost = 0.652993 [sa progress... 29.6228%]
weather report: current Temp = 0.0874045  Cost = 0.683591 [sa progress... 30.0585%]
weather report: current Temp = 0.0856564  Cost = 0.638409 [sa progress... 30.4941%]
weather report: current Temp = 0.0839433  Cost = 0.646172 [sa progress... 30.9297%]
weather report: current Temp = 0.0822644  Cost = 0.671082 [sa progress... 31.3654%]
weather report: current Temp = 0.0806191  Cost = 0.652672 [sa progress... 31.801%]
weather report: current Temp = 0.0790067  Cost = 0.721015 [sa progress... 32.2366%]
updateOptSol() : find better sol!
>> cost = 0.610889
updateOptSol() : find better sol!
>> cost = 0.608388
updateOptSol() : find better sol!
>> cost = 0.608295
updateOptSol() : find better sol!
>> cost = 0.608037
weather report: current Temp = 0.0774266  Cost = 0.655532 [sa progress... 32.6722%]
weather report: current Temp = 0.0758781  Cost = 0.671794 [sa progress... 33.1079%]
weather report: current Temp = 0.0743605  Cost = 0.66223 [sa progress... 33.5435%]
weather report: current Temp = 0.0728733  Cost = 0.663748 [sa progress... 33.9791%]
weather report: current Temp = 0.0714158  Cost = 0.658729 [sa progress... 34.4148%]
weather report: current Temp = 0.0699875  Cost = 0.632927 [sa progress... 34.8504%]
weather report: current Temp = 0.0685878  Cost = 0.665968 [sa progress... 35.286%]
weather report: current Temp = 0.067216  Cost = 0.691574 [sa progress... 35.7217%]
weather report: current Temp = 0.0658717  Cost = 0.659252 [sa progress... 36.1573%]
weather report: current Temp = 0.0645542  Cost = 0.665617 [sa progress... 36.5929%]
weather report: current Temp = 0.0632632  Cost = 0.646089 [sa progress... 37.0285%]
weather report: current Temp = 0.0619979  Cost = 0.642898 [sa progress... 37.4642%]
weather report: current Temp = 0.0607579  Cost = 0.640861 [sa progress... 37.8998%]
weather report: current Temp = 0.0595428  Cost = 0.652884 [sa progress... 38.3354%]
weather report: current Temp = 0.0583519  Cost = 0.686216 [sa progress... 38.7711%]
weather report: current Temp = 0.0571849  Cost = 0.661528 [sa progress... 39.2067%]
weather report: current Temp = 0.0560412  Cost = 0.644197 [sa progress... 39.6423%]
weather report: current Temp = 0.0549204  Cost = 0.636629 [sa progress... 40.078%]
weather report: current Temp = 0.053822  Cost = 0.623388 [sa progress... 40.5136%]
weather report: current Temp = 0.0527455  Cost = 0.659263 [sa progress... 40.9492%]
weather report: current Temp = 0.0516906  Cost = 0.659048 [sa progress... 41.3848%]
weather report: current Temp = 0.0506568  Cost = 0.630894 [sa progress... 41.8205%]
updateOptSol() : find better sol!
>> cost = 0.604329
updateOptSol() : find better sol!
>> cost = 0.601421
updateOptSol() : find better sol!
>> cost = 0.601342
weather report: current Temp = 0.0496437  Cost = 0.63216 [sa progress... 42.2561%]
weather report: current Temp = 0.0486508  Cost = 0.745121 [sa progress... 42.6917%]
weather report: current Temp = 0.0476778  Cost = 0.650261 [sa progress... 43.1274%]
weather report: current Temp = 0.0467242  Cost = 0.653733 [sa progress... 43.563%]
weather report: current Temp = 0.0457897  Cost = 0.62949 [sa progress... 43.9986%]
weather report: current Temp = 0.0448739  Cost = 0.631973 [sa progress... 44.4343%]
weather report: current Temp = 0.0439765  Cost = 0.680972 [sa progress... 44.8699%]
weather report: current Temp = 0.0430969  Cost = 0.682249 [sa progress... 45.3055%]
weather report: current Temp = 0.042235  Cost = 0.638199 [sa progress... 45.7411%]
weather report: current Temp = 0.0413903  Cost = 0.656395 [sa progress... 46.1768%]
weather report: current Temp = 0.0405625  Cost = 0.637755 [sa progress... 46.6124%]
weather report: current Temp = 0.0397512  Cost = 0.659037 [sa progress... 47.048%]
weather report: current Temp = 0.0389562  Cost = 0.630279 [sa progress... 47.4837%]
weather report: current Temp = 0.0381771  Cost = 0.632808 [sa progress... 47.9193%]
weather report: current Temp = 0.0374135  Cost = 0.636155 [sa progress... 48.3549%]
weather report: current Temp = 0.0366653  Cost = 0.63315 [sa progress... 48.7906%]
weather report: current Temp = 0.035932  Cost = 0.644768 [sa progress... 49.2262%]
weather report: current Temp = 0.0352133  Cost = 0.684642 [sa progress... 49.6618%]
weather report: current Temp = 0.0345091  Cost = 0.635438 [sa progress... 50.0974%]
weather report: current Temp = 0.0338189  Cost = 0.651505 [sa progress... 50.5331%]
weather report: current Temp = 0.0331425  Cost = 0.611537 [sa progress... 50.9687%]
updateOptSol() : find better sol!
>> cost = 0.59579
updateOptSol() : find better sol!
>> cost = 0.59572
updateOptSol() : find better sol!
>> cost = 0.595164
updateOptSol() : find better sol!
>> cost = 0.593909
updateOptSol() : find better sol!
>> cost = 0.591753
weather report: current Temp = 0.0324797  Cost = 0.59971 [sa progress... 51.4043%]
weather report: current Temp = 0.0318301  Cost = 0.612615 [sa progress... 51.84%]
updateOptSol() : find better sol!
>> cost = 0.587708
updateOptSol() : find better sol!
>> cost = 0.586456
weather report: current Temp = 0.0311935  Cost = 0.591323 [sa progress... 52.2756%]
updateOptSol() : find better sol!
>> cost = 0.585531
updateOptSol() : find better sol!
>> cost = 0.585397
updateOptSol() : find better sol!
>> cost = 0.584211
updateOptSol() : find better sol!
>> cost = 0.582838
updateOptSol() : find better sol!
>> cost = 0.581471
updateOptSol() : find better sol!
>> cost = 0.580726
updateOptSol() : find better sol!
>> cost = 0.580499
updateOptSol() : find better sol!
>> cost = 0.573592
updateOptSol() : find better sol!
>> cost = 0.571015
updateOptSol() : find better sol!
>> cost = 0.568157
weather report: current Temp = 0.0305696  Cost = 0.631597 [sa progress... 52.7112%]
weather report: current Temp = 0.0299582  Cost = 0.644686 [sa progress... 53.1469%]
weather report: current Temp = 0.029359  Cost = 0.610676 [sa progress... 53.5825%]
weather report: current Temp = 0.0287719  Cost = 0.666056 [sa progress... 54.0181%]
weather report: current Temp = 0.0281964  Cost = 0.669171 [sa progress... 54.4537%]
weather report: current Temp = 0.0276325  Cost = 0.634146 [sa progress... 54.8894%]
weather report: current Temp = 0.0270798  Cost = 0.631275 [sa progress... 55.325%]
weather report: current Temp = 0.0265382  Cost = 0.648497 [sa progress... 55.7606%]
weather report: current Temp = 0.0260075  Cost = 0.62555 [sa progress... 56.1963%]
weather report: current Temp = 0.0254873  Cost = 0.646958 [sa progress... 56.6319%]
weather report: current Temp = 0.0249776  Cost = 0.61137 [sa progress... 57.0675%]
weather report: current Temp = 0.024478  Cost = 0.613679 [sa progress... 57.5032%]
weather report: current Temp = 0.0239885  Cost = 0.611125 [sa progress... 57.9388%]
weather report: current Temp = 0.0235087  Cost = 0.621121 [sa progress... 58.3744%]
weather report: current Temp = 0.0230385  Cost = 0.622501 [sa progress... 58.81%]
weather report: current Temp = 0.0225778  Cost = 0.601838 [sa progress... 59.2457%]
weather report: current Temp = 0.0221262  Cost = 0.604009 [sa progress... 59.6813%]
weather report: current Temp = 0.0216837  Cost = 0.644447 [sa progress... 60.1169%]
weather report: current Temp = 0.02125  Cost = 0.592781 [sa progress... 60.5526%]
weather report: current Temp = 0.020825  Cost = 0.633635 [sa progress... 60.9882%]
weather report: current Temp = 0.0204085  Cost = 0.618521 [sa progress... 61.4238%]
weather report: current Temp = 0.0200003  Cost = 0.598157 [sa progress... 61.8595%]
weather report: current Temp = 0.0196003  Cost = 0.600892 [sa progress... 62.2951%]
weather report: current Temp = 0.0192083  Cost = 0.590132 [sa progress... 62.7307%]
weather report: current Temp = 0.0188242  Cost = 0.609132 [sa progress... 63.1663%]
weather report: current Temp = 0.0184477  Cost = 0.615352 [sa progress... 63.602%]
weather report: current Temp = 0.0180787  Cost = 0.62883 [sa progress... 64.0376%]
weather report: current Temp = 0.0177171  Cost = 0.582429 [sa progress... 64.4732%]
weather report: current Temp = 0.0173628  Cost = 0.581404 [sa progress... 64.9089%]
weather report: current Temp = 0.0170155  Cost = 0.587813 [sa progress... 65.3445%]
weather report: current Temp = 0.0166752  Cost = 0.621139 [sa progress... 65.7801%]
weather report: current Temp = 0.0163417  Cost = 0.612594 [sa progress... 66.2158%]
weather report: current Temp = 0.0160149  Cost = 0.612633 [sa progress... 66.6514%]
weather report: current Temp = 0.0156946  Cost = 0.613463 [sa progress... 67.087%]
weather report: current Temp = 0.0153807  Cost = 0.622792 [sa progress... 67.5226%]
weather report: current Temp = 0.0150731  Cost = 0.629869 [sa progress... 67.9583%]
weather report: current Temp = 0.0147716  Cost = 0.607139 [sa progress... 68.3939%]
weather report: current Temp = 0.0144762  Cost = 0.614984 [sa progress... 68.8295%]
weather report: current Temp = 0.0141867  Cost = 0.61169 [sa progress... 69.2652%]
weather report: current Temp = 0.0139029  Cost = 0.611711 [sa progress... 69.7008%]
weather report: current Temp = 0.0136249  Cost = 0.602853 [sa progress... 70.1364%]
weather report: current Temp = 0.0133524  Cost = 0.594806 [sa progress... 70.5721%]
weather report: current Temp = 0.0130853  Cost = 0.63746 [sa progress... 71.0077%]
weather report: current Temp = 0.0128236  Cost = 0.603 [sa progress... 71.4433%]
weather report: current Temp = 0.0125672  Cost = 0.621992 [sa progress... 71.8789%]
weather report: current Temp = 0.0123158  Cost = 0.599682 [sa progress... 72.3146%]
weather report: current Temp = 0.0120695  Cost = 0.627178 [sa progress... 72.7502%]
weather report: current Temp = 0.0118281  Cost = 0.615247 [sa progress... 73.1858%]
weather report: current Temp = 0.0115915  Cost = 0.616765 [sa progress... 73.6215%]
weather report: current Temp = 0.0113597  Cost = 0.617468 [sa progress... 74.0571%]
weather report: current Temp = 0.0111325  Cost = 0.624827 [sa progress... 74.4927%]
weather report: current Temp = 0.0109099  Cost = 0.60108 [sa progress... 74.9284%]
weather report: current Temp = 0.0106917  Cost = 0.583947 [sa progress... 75.364%]
weather report: current Temp = 0.0104778  Cost = 0.601504 [sa progress... 75.7996%]
weather report: current Temp = 0.0102683  Cost = 0.611858 [sa progress... 76.2352%]
weather report: current Temp = 0.0100629  Cost = 0.602121 [sa progress... 76.6709%]
weather report: current Temp = 0.00986166  Cost = 0.605524 [sa progress... 77.1065%]
weather report: current Temp = 0.00966442  Cost = 0.597632 [sa progress... 77.5421%]
weather report: current Temp = 0.00947113  Cost = 0.604952 [sa progress... 77.9778%]
weather report: current Temp = 0.00928171  Cost = 0.579511 [sa progress... 78.4134%]
updateOptSol() : find better sol!
>> cost = 0.566854
updateOptSol() : find better sol!
>> cost = 0.566723
updateOptSol() : find better sol!
>> cost = 0.565431
weather report: current Temp = 0.00909608  Cost = 0.605757 [sa progress... 78.849%]
weather report: current Temp = 0.00891416  Cost = 0.585934 [sa progress... 79.2847%]
weather report: current Temp = 0.00873587  Cost = 0.580108 [sa progress... 79.7203%]
weather report: current Temp = 0.00856115  Cost = 0.602224 [sa progress... 80.1559%]
weather report: current Temp = 0.00838993  Cost = 0.608235 [sa progress... 80.5915%]
weather report: current Temp = 0.00822213  Cost = 0.598763 [sa progress... 81.0272%]
weather report: current Temp = 0.00805769  Cost = 0.594475 [sa progress... 81.4628%]
weather report: current Temp = 0.00789654  Cost = 0.594947 [sa progress... 81.8984%]
weather report: current Temp = 0.00773861  Cost = 0.596442 [sa progress... 82.3341%]
weather report: current Temp = 0.00758383  Cost = 0.59562 [sa progress... 82.7697%]
weather report: current Temp = 0.00743216  Cost = 0.591595 [sa progress... 83.2053%]
updateOptSol() : find better sol!
>> cost = 0.562129
updateOptSol() : find better sol!
>> cost = 0.562067
updateOptSol() : find better sol!
>> cost = 0.561302
weather report: current Temp = 0.00728351  Cost = 0.582902 [sa progress... 83.641%]
weather report: current Temp = 0.00713784  Cost = 0.578481 [sa progress... 84.0766%]
updateOptSol() : find better sol!
>> cost = 0.557048
updateOptSol() : find better sol!
>> cost = 0.556858
weather report: current Temp = 0.00699509  Cost = 0.572172 [sa progress... 84.5122%]
weather report: current Temp = 0.00685519  Cost = 0.584767 [sa progress... 84.9478%]
weather report: current Temp = 0.00671808  Cost = 0.595511 [sa progress... 85.3835%]
weather report: current Temp = 0.00658372  Cost = 0.602949 [sa progress... 85.8191%]
weather report: current Temp = 0.00645205  Cost = 0.585606 [sa progress... 86.2547%]
weather report: current Temp = 0.006323  Cost = 0.609297 [sa progress... 86.6904%]
weather report: current Temp = 0.00619654  Cost = 0.593729 [sa progress... 87.126%]
weather report: current Temp = 0.00607261  Cost = 0.568619 [sa progress... 87.5616%]
weather report: current Temp = 0.00595116  Cost = 0.579238 [sa progress... 87.9973%]
weather report: current Temp = 0.00583214  Cost = 0.585498 [sa progress... 88.4329%]
weather report: current Temp = 0.0057155  Cost = 0.588791 [sa progress... 88.8685%]
weather report: current Temp = 0.00560119  Cost = 0.591014 [sa progress... 89.3041%]
weather report: current Temp = 0.00548916  Cost = 0.60694 [sa progress... 89.7398%]
weather report: current Temp = 0.00537938  Cost = 0.601114 [sa progress... 90.1754%]
weather report: current Temp = 0.00527179  Cost = 0.603553 [sa progress... 90.611%]
weather report: current Temp = 0.00516636  Cost = 0.612208 [sa progress... 91.0467%]
weather report: current Temp = 0.00506303  Cost = 0.615559 [sa progress... 91.4823%]
weather report: current Temp = 0.00496177  Cost = 0.594233 [sa progress... 91.9179%]
weather report: current Temp = 0.00486253  Cost = 0.578279 [sa progress... 92.3535%]
weather report: current Temp = 0.00476528  Cost = 0.572605 [sa progress... 92.7892%]
weather report: current Temp = 0.00466998  Cost = 0.590421 [sa progress... 93.2248%]
weather report: current Temp = 0.00457658  Cost = 0.579122 [sa progress... 93.6604%]
weather report: current Temp = 0.00448504  Cost = 0.597298 [sa progress... 94.0961%]
weather report: current Temp = 0.00439534  Cost = 0.611819 [sa progress... 94.5317%]
weather report: current Temp = 0.00430744  Cost = 0.597886 [sa progress... 94.9673%]
weather report: current Temp = 0.00422129  Cost = 0.596724 [sa progress... 95.403%]
weather report: current Temp = 0.00413686  Cost = 0.604923 [sa progress... 95.8386%]
weather report: current Temp = 0.00405413  Cost = 0.60176 [sa progress... 96.2742%]
weather report: current Temp = 0.00397304  Cost = 0.586913 [sa progress... 96.7098%]
weather report: current Temp = 0.00389358  Cost = 0.57827 [sa progress... 97.1455%]
weather report: current Temp = 0.00381571  Cost = 0.576444 [sa progress... 97.5811%]
weather report: current Temp = 0.0037394  Cost = 0.584388 [sa progress... 98.0167%]
weather report: current Temp = 0.00366461  Cost = 0.569447 [sa progress... 98.4524%]
weather report: current Temp = 0.00359132  Cost = 0.572183 [sa progress... 98.888%]
weather report: current Temp = 0.00351949  Cost = 0.574016 [sa progress... 99.3236%]
weather report: current Temp = 0.0034491  Cost = 0.57945 [sa progress... 99.7593%]
simAnneal_int(): done, _optCost = 0.556858
> total perturbation: 115000 uphill: 8877 downhill: 23234
2th attempt!

setTemp(): start greedy search
avgDcost:0.016468 T0:0.321054, Tx:0.003108
simAnneal_int(): start to SA
updateOptSol() : find better sol!
>> cost = 0.556121
weather report: current Temp = 0.314633  Cost = 0.591794 [sa progress... 0%]
weather report: current Temp = 0.30834  Cost = 0.612315 [sa progress... 0.43563%]
weather report: current Temp = 0.302173  Cost = 0.598879 [sa progress... 0.87126%]
weather report: current Temp = 0.29613  Cost = 0.651979 [sa progress... 1.30689%]
weather report: current Temp = 0.290207  Cost = 0.592894 [sa progress... 1.74252%]
weather report: current Temp = 0.284403  Cost = 0.618001 [sa progress... 2.17815%]
weather report: current Temp = 0.278715  Cost = 0.611167 [sa progress... 2.61378%]
weather report: current Temp = 0.273141  Cost = 0.654046 [sa progress... 3.04941%]
weather report: current Temp = 0.267678  Cost = 0.629024 [sa progress... 3.48504%]
weather report: current Temp = 0.262324  Cost = 0.605994 [sa progress... 3.92067%]
weather report: current Temp = 0.257078  Cost = 0.696898 [sa progress... 4.3563%]
weather report: current Temp = 0.251936  Cost = 0.653818 [sa progress... 4.79193%]
weather report: current Temp = 0.246898  Cost = 0.620051 [sa progress... 5.22756%]
weather report: current Temp = 0.24196  Cost = 0.645088 [sa progress... 5.66319%]
weather report: current Temp = 0.23712  Cost = 0.646232 [sa progress... 6.09882%]
weather report: current Temp = 0.232378  Cost = 0.695859 [sa progress... 6.53445%]
weather report: current Temp = 0.227731  Cost = 0.623504 [sa progress... 6.97008%]
weather report: current Temp = 0.223176  Cost = 0.617075 [sa progress... 7.40571%]
weather report: current Temp = 0.218712  Cost = 0.625412 [sa progress... 7.84134%]
weather report: current Temp = 0.214338  Cost = 0.635402 [sa progress... 8.27697%]
weather report: current Temp = 0.210051  Cost = 0.695537 [sa progress... 8.7126%]
weather report: current Temp = 0.20585  Cost = 0.613586 [sa progress... 9.14823%]
weather report: current Temp = 0.201733  Cost = 0.620426 [sa progress... 9.58386%]
weather report: current Temp = 0.197699  Cost = 0.624609 [sa progress... 10.0195%]
weather report: current Temp = 0.193745  Cost = 0.617219 [sa progress... 10.4551%]
weather report: current Temp = 0.18987  Cost = 0.581181 [sa progress... 10.8907%]
weather report: current Temp = 0.186072  Cost = 0.593204 [sa progress... 11.3264%]
weather report: current Temp = 0.182351  Cost = 0.620629 [sa progress... 11.762%]
weather report: current Temp = 0.178704  Cost = 0.59688 [sa progress... 12.1976%]
weather report: current Temp = 0.17513  Cost = 0.639784 [sa progress... 12.6333%]
weather report: current Temp = 0.171627  Cost = 0.612598 [sa progress... 13.0689%]
weather report: current Temp = 0.168195  Cost = 0.848859 [sa progress... 13.5045%]
weather report: current Temp = 0.164831  Cost = 0.652209 [sa progress... 13.9402%]
weather report: current Temp = 0.161534  Cost = 0.632684 [sa progress... 14.3758%]
weather report: current Temp = 0.158304  Cost = 0.638014 [sa progress... 14.8114%]
weather report: current Temp = 0.155137  Cost = 0.675428 [sa progress... 15.247%]
weather report: current Temp = 0.152035  Cost = 0.615986 [sa progress... 15.6827%]
weather report: current Temp = 0.148994  Cost = 0.647801 [sa progress... 16.1183%]
weather report: current Temp = 0.146014  Cost = 0.646186 [sa progress... 16.5539%]
weather report: current Temp = 0.143094  Cost = 0.615773 [sa progress... 16.9896%]
weather report: current Temp = 0.140232  Cost = 0.659744 [sa progress... 17.4252%]
weather report: current Temp = 0.137427  Cost = 0.61998 [sa progress... 17.8608%]
weather report: current Temp = 0.134679  Cost = 0.607243 [sa progress... 18.2965%]
weather report: current Temp = 0.131985  Cost = 0.64328 [sa progress... 18.7321%]
weather report: current Temp = 0.129346  Cost = 0.612882 [sa progress... 19.1677%]
weather report: current Temp = 0.126759  Cost = 0.638375 [sa progress... 19.6033%]
weather report: current Temp = 0.124223  Cost = 0.635562 [sa progress... 20.039%]
weather report: current Temp = 0.121739  Cost = 0.62195 [sa progress... 20.4746%]
weather report: current Temp = 0.119304  Cost = 0.625755 [sa progress... 20.9102%]
weather report: current Temp = 0.116918  Cost = 0.634113 [sa progress... 21.3459%]
weather report: current Temp = 0.11458  Cost = 0.648322 [sa progress... 21.7815%]
weather report: current Temp = 0.112288  Cost = 0.619376 [sa progress... 22.2171%]
weather report: current Temp = 0.110042  Cost = 0.672 [sa progress... 22.6528%]
weather report: current Temp = 0.107842  Cost = 0.639478 [sa progress... 23.0884%]
weather report: current Temp = 0.105685  Cost = 0.678396 [sa progress... 23.524%]
weather report: current Temp = 0.103571  Cost = 0.744712 [sa progress... 23.9596%]
weather report: current Temp = 0.1015  Cost = 0.648024 [sa progress... 24.3953%]
weather report: current Temp = 0.0994696  Cost = 0.754041 [sa progress... 24.8309%]
weather report: current Temp = 0.0974802  Cost = 0.625593 [sa progress... 25.2665%]
weather report: current Temp = 0.0955306  Cost = 0.611614 [sa progress... 25.7022%]
weather report: current Temp = 0.09362  Cost = 0.644772 [sa progress... 26.1378%]
weather report: current Temp = 0.0917476  Cost = 0.630826 [sa progress... 26.5734%]
weather report: current Temp = 0.0899126  Cost = 0.601631 [sa progress... 27.0091%]
weather report: current Temp = 0.0881144  Cost = 0.666115 [sa progress... 27.4447%]
weather report: current Temp = 0.0863521  Cost = 0.639102 [sa progress... 27.8803%]
weather report: current Temp = 0.084625  Cost = 0.596154 [sa progress... 28.3159%]
weather report: current Temp = 0.0829325  Cost = 0.618144 [sa progress... 28.7516%]
weather report: current Temp = 0.0812739  Cost = 0.670287 [sa progress... 29.1872%]
weather report: current Temp = 0.0796484  Cost = 0.609482 [sa progress... 29.6228%]
weather report: current Temp = 0.0780554  Cost = 0.61884 [sa progress... 30.0585%]
weather report: current Temp = 0.0764943  Cost = 0.704412 [sa progress... 30.4941%]
weather report: current Temp = 0.0749645  Cost = 0.647592 [sa progress... 30.9297%]
weather report: current Temp = 0.0734652  Cost = 0.62767 [sa progress... 31.3654%]
weather report: current Temp = 0.0719959  Cost = 0.645899 [sa progress... 31.801%]
weather report: current Temp = 0.0705559  Cost = 0.70653 [sa progress... 32.2366%]
weather report: current Temp = 0.0691448  Cost = 0.634034 [sa progress... 32.6722%]
weather report: current Temp = 0.0677619  Cost = 0.622007 [sa progress... 33.1079%]
weather report: current Temp = 0.0664067  Cost = 0.68578 [sa progress... 33.5435%]
weather report: current Temp = 0.0650786  Cost = 0.623021 [sa progress... 33.9791%]
weather report: current Temp = 0.063777  Cost = 0.627068 [sa progress... 34.4148%]
weather report: current Temp = 0.0625014  Cost = 0.616434 [sa progress... 34.8504%]
weather report: current Temp = 0.0612514  Cost = 0.638047 [sa progress... 35.286%]
weather report: current Temp = 0.0600264  Cost = 0.703482 [sa progress... 35.7217%]
weather report: current Temp = 0.0588259  Cost = 0.599587 [sa progress... 36.1573%]
weather report: current Temp = 0.0576493  Cost = 0.672058 [sa progress... 36.5929%]
weather report: current Temp = 0.0564964  Cost = 0.613518 [sa progress... 37.0285%]
weather report: current Temp = 0.0553664  Cost = 0.642527 [sa progress... 37.4642%]
weather report: current Temp = 0.0542591  Cost = 0.624349 [sa progress... 37.8998%]
weather report: current Temp = 0.0531739  Cost = 0.689045 [sa progress... 38.3354%]
weather report: current Temp = 0.0521104  Cost = 0.642054 [sa progress... 38.7711%]
weather report: current Temp = 0.0510682  Cost = 0.635312 [sa progress... 39.2067%]
weather report: current Temp = 0.0500469  Cost = 0.629516 [sa progress... 39.6423%]
weather report: current Temp = 0.0490459  Cost = 0.655732 [sa progress... 40.078%]
weather report: current Temp = 0.048065  Cost = 0.675458 [sa progress... 40.5136%]
weather report: current Temp = 0.0471037  Cost = 0.630165 [sa progress... 40.9492%]
weather report: current Temp = 0.0461616  Cost = 0.6244 [sa progress... 41.3848%]
weather report: current Temp = 0.0452384  Cost = 0.632333 [sa progress... 41.8205%]
weather report: current Temp = 0.0443336  Cost = 0.64206 [sa progress... 42.2561%]
weather report: current Temp = 0.043447  Cost = 0.6268 [sa progress... 42.6917%]
weather report: current Temp = 0.042578  Cost = 0.63626 [sa progress... 43.1274%]
weather report: current Temp = 0.0417265  Cost = 0.606747 [sa progress... 43.563%]
weather report: current Temp = 0.0408919  Cost = 0.622664 [sa progress... 43.9986%]
weather report: current Temp = 0.0400741  Cost = 0.615957 [sa progress... 44.4343%]
weather report: current Temp = 0.0392726  Cost = 0.629743 [sa progress... 44.8699%]
weather report: current Temp = 0.0384872  Cost = 0.638036 [sa progress... 45.3055%]
weather report: current Temp = 0.0377174  Cost = 0.635466 [sa progress... 45.7411%]
weather report: current Temp = 0.0369631  Cost = 0.61929 [sa progress... 46.1768%]
weather report: current Temp = 0.0362238  Cost = 0.655943 [sa progress... 46.6124%]
weather report: current Temp = 0.0354993  Cost = 0.675043 [sa progress... 47.048%]
weather report: current Temp = 0.0347893  Cost = 0.668381 [sa progress... 47.4837%]
weather report: current Temp = 0.0340936  Cost = 0.671316 [sa progress... 47.9193%]
weather report: current Temp = 0.0334117  Cost = 0.656909 [sa progress... 48.3549%]
weather report: current Temp = 0.0327435  Cost = 0.643219 [sa progress... 48.7906%]
weather report: current Temp = 0.0320886  Cost = 0.647263 [sa progress... 49.2262%]
weather report: current Temp = 0.0314468  Cost = 0.657018 [sa progress... 49.6618%]
weather report: current Temp = 0.0308179  Cost = 0.613801 [sa progress... 50.0974%]
weather report: current Temp = 0.0302015  Cost = 0.662182 [sa progress... 50.5331%]
weather report: current Temp = 0.0295975  Cost = 0.712953 [sa progress... 50.9687%]
weather report: current Temp = 0.0290055  Cost = 0.645102 [sa progress... 51.4043%]
weather report: current Temp = 0.0284254  Cost = 0.642401 [sa progress... 51.84%]
weather report: current Temp = 0.0278569  Cost = 0.643644 [sa progress... 52.2756%]
weather report: current Temp = 0.0272998  Cost = 0.648997 [sa progress... 52.7112%]
weather report: current Temp = 0.0267538  Cost = 0.642879 [sa progress... 53.1469%]
weather report: current Temp = 0.0262187  Cost = 0.635549 [sa progress... 53.5825%]
weather report: current Temp = 0.0256943  Cost = 0.631641 [sa progress... 54.0181%]
weather report: current Temp = 0.0251804  Cost = 0.638644 [sa progress... 54.4537%]
weather report: current Temp = 0.0246768  Cost = 0.627337 [sa progress... 54.8894%]
weather report: current Temp = 0.0241833  Cost = 0.620135 [sa progress... 55.325%]
weather report: current Temp = 0.0236996  Cost = 0.618407 [sa progress... 55.7606%]
weather report: current Temp = 0.0232256  Cost = 0.619376 [sa progress... 56.1963%]
weather report: current Temp = 0.0227611  Cost = 0.607009 [sa progress... 56.6319%]
weather report: current Temp = 0.0223059  Cost = 0.61125 [sa progress... 57.0675%]
weather report: current Temp = 0.0218598  Cost = 0.60723 [sa progress... 57.5032%]
weather report: current Temp = 0.0214226  Cost = 0.591065 [sa progress... 57.9388%]
weather report: current Temp = 0.0209941  Cost = 0.58224 [sa progress... 58.3744%]
weather report: current Temp = 0.0205743  Cost = 0.648873 [sa progress... 58.81%]
weather report: current Temp = 0.0201628  Cost = 0.605208 [sa progress... 59.2457%]
weather report: current Temp = 0.0197595  Cost = 0.574626 [sa progress... 59.6813%]
weather report: current Temp = 0.0193643  Cost = 0.638068 [sa progress... 60.1169%]
weather report: current Temp = 0.018977  Cost = 0.633216 [sa progress... 60.5526%]
weather report: current Temp = 0.0185975  Cost = 0.621825 [sa progress... 60.9882%]
weather report: current Temp = 0.0182256  Cost = 0.577166 [sa progress... 61.4238%]
weather report: current Temp = 0.017861  Cost = 0.592554 [sa progress... 61.8595%]
weather report: current Temp = 0.0175038  Cost = 0.605387 [sa progress... 62.2951%]
weather report: current Temp = 0.0171537  Cost = 0.640302 [sa progress... 62.7307%]
weather report: current Temp = 0.0168107  Cost = 0.634957 [sa progress... 63.1663%]
weather report: current Temp = 0.0164745  Cost = 0.592153 [sa progress... 63.602%]
weather report: current Temp = 0.016145  Cost = 0.616586 [sa progress... 64.0376%]
weather report: current Temp = 0.0158221  Cost = 0.652857 [sa progress... 64.4732%]
weather report: current Temp = 0.0155056  Cost = 0.640968 [sa progress... 64.9089%]
weather report: current Temp = 0.0151955  Cost = 0.649731 [sa progress... 65.3445%]
weather report: current Temp = 0.0148916  Cost = 0.619956 [sa progress... 65.7801%]
weather report: current Temp = 0.0145938  Cost = 0.614608 [sa progress... 66.2158%]
weather report: current Temp = 0.0143019  Cost = 0.61473 [sa progress... 66.6514%]
weather report: current Temp = 0.0140159  Cost = 0.591827 [sa progress... 67.087%]
weather report: current Temp = 0.0137355  Cost = 0.595174 [sa progress... 67.5226%]
weather report: current Temp = 0.0134608  Cost = 0.595666 [sa progress... 67.9583%]
weather report: current Temp = 0.0131916  Cost = 0.637352 [sa progress... 68.3939%]
weather report: current Temp = 0.0129278  Cost = 0.578085 [sa progress... 68.8295%]
weather report: current Temp = 0.0126692  Cost = 0.611339 [sa progress... 69.2652%]
weather report: current Temp = 0.0124158  Cost = 0.598657 [sa progress... 69.7008%]
weather report: current Temp = 0.0121675  Cost = 0.610275 [sa progress... 70.1364%]
weather report: current Temp = 0.0119242  Cost = 0.607668 [sa progress... 70.5721%]
weather report: current Temp = 0.0116857  Cost = 0.580261 [sa progress... 71.0077%]
weather report: current Temp = 0.011452  Cost = 0.598787 [sa progress... 71.4433%]
weather report: current Temp = 0.0112229  Cost = 0.601558 [sa progress... 71.8789%]
weather report: current Temp = 0.0109985  Cost = 0.626207 [sa progress... 72.3146%]
weather report: current Temp = 0.0107785  Cost = 0.629252 [sa progress... 72.7502%]
weather report: current Temp = 0.0105629  Cost = 0.61795 [sa progress... 73.1858%]
weather report: current Temp = 0.0103517  Cost = 0.609082 [sa progress... 73.6215%]
weather report: current Temp = 0.0101446  Cost = 0.581515 [sa progress... 74.0571%]
weather report: current Temp = 0.00994175  Cost = 0.586533 [sa progress... 74.4927%]
weather report: current Temp = 0.00974292  Cost = 0.583451 [sa progress... 74.9284%]
weather report: current Temp = 0.00954806  Cost = 0.582996 [sa progress... 75.364%]
weather report: current Temp = 0.0093571  Cost = 0.589207 [sa progress... 75.7996%]
weather report: current Temp = 0.00916996  Cost = 0.590713 [sa progress... 76.2352%]
weather report: current Temp = 0.00898656  Cost = 0.576489 [sa progress... 76.6709%]
weather report: current Temp = 0.00880683  Cost = 0.574061 [sa progress... 77.1065%]
weather report: current Temp = 0.00863069  Cost = 0.585172 [sa progress... 77.5421%]
weather report: current Temp = 0.00845808  Cost = 0.597795 [sa progress... 77.9778%]
weather report: current Temp = 0.00828891  Cost = 0.581561 [sa progress... 78.4134%]
weather report: current Temp = 0.00812314  Cost = 0.573815 [sa progress... 78.849%]
weather report: current Temp = 0.00796067  Cost = 0.604623 [sa progress... 79.2847%]
weather report: current Temp = 0.00780146  Cost = 0.604606 [sa progress... 79.7203%]
weather report: current Temp = 0.00764543  Cost = 0.584211 [sa progress... 80.1559%]
weather report: current Temp = 0.00749252  Cost = 0.591004 [sa progress... 80.5915%]
weather report: current Temp = 0.00734267  Cost = 0.585994 [sa progress... 81.0272%]
weather report: current Temp = 0.00719582  Cost = 0.585051 [sa progress... 81.4628%]
weather report: current Temp = 0.0070519  Cost = 0.580701 [sa progress... 81.8984%]
weather report: current Temp = 0.00691086  Cost = 0.575389 [sa progress... 82.3341%]
weather report: current Temp = 0.00677265  Cost = 0.575398 [sa progress... 82.7697%]
weather report: current Temp = 0.00663719  Cost = 0.588392 [sa progress... 83.2053%]
weather report: current Temp = 0.00650445  Cost = 0.596481 [sa progress... 83.641%]
weather report: current Temp = 0.00637436  Cost = 0.581912 [sa progress... 84.0766%]
weather report: current Temp = 0.00624687  Cost = 0.577092 [sa progress... 84.5122%]
weather report: current Temp = 0.00612194  Cost = 0.580501 [sa progress... 84.9478%]
weather report: current Temp = 0.0059995  Cost = 0.572677 [sa progress... 85.3835%]
weather report: current Temp = 0.00587951  Cost = 0.579066 [sa progress... 85.8191%]
weather report: current Temp = 0.00576192  Cost = 0.58061 [sa progress... 86.2547%]
weather report: current Temp = 0.00564668  Cost = 0.614619 [sa progress... 86.6904%]
weather report: current Temp = 0.00553374  Cost = 0.602143 [sa progress... 87.126%]
weather report: current Temp = 0.00542307  Cost = 0.609371 [sa progress... 87.5616%]
weather report: current Temp = 0.00531461  Cost = 0.605588 [sa progress... 87.9973%]
weather report: current Temp = 0.00520832  Cost = 0.590073 [sa progress... 88.4329%]
weather report: current Temp = 0.00510415  Cost = 0.600084 [sa progress... 88.8685%]
weather report: current Temp = 0.00500207  Cost = 0.580818 [sa progress... 89.3041%]
weather report: current Temp = 0.00490203  Cost = 0.590458 [sa progress... 89.7398%]
weather report: current Temp = 0.00480399  Cost = 0.576709 [sa progress... 90.1754%]
weather report: current Temp = 0.00470791  Cost = 0.586625 [sa progress... 90.611%]
weather report: current Temp = 0.00461375  Cost = 0.586232 [sa progress... 91.0467%]
weather report: current Temp = 0.00452147  Cost = 0.601518 [sa progress... 91.4823%]
weather report: current Temp = 0.00443104  Cost = 0.594887 [sa progress... 91.9179%]
weather report: current Temp = 0.00434242  Cost = 0.583843 [sa progress... 92.3535%]
weather report: current Temp = 0.00425557  Cost = 0.585076 [sa progress... 92.7892%]
weather report: current Temp = 0.00417046  Cost = 0.567589 [sa progress... 93.2248%]
weather report: current Temp = 0.00408705  Cost = 0.566988 [sa progress... 93.6604%]
updateOptSol() : find better sol!
>> cost = 0.555977
weather report: current Temp = 0.00400531  Cost = 0.566617 [sa progress... 94.0961%]
weather report: current Temp = 0.00392521  Cost = 0.567041 [sa progress... 94.5317%]
updateOptSol() : find better sol!
>> cost = 0.55466
updateOptSol() : find better sol!
>> cost = 0.554632
updateOptSol() : find better sol!
>> cost = 0.553982
updateOptSol() : find better sol!
>> cost = 0.553644
weather report: current Temp = 0.0038467  Cost = 0.553644 [sa progress... 94.9673%]
updateOptSol() : find better sol!
>> cost = 0.553272
updateOptSol() : find better sol!
>> cost = 0.553111
updateOptSol() : find better sol!
>> cost = 0.553062
updateOptSol() : find better sol!
>> cost = 0.551266
updateOptSol() : find better sol!
>> cost = 0.549967
updateOptSol() : find better sol!
>> cost = 0.549707
updateOptSol() : find better sol!
>> cost = 0.549324
updateOptSol() : find better sol!
>> cost = 0.549194
updateOptSol() : find better sol!
>> cost = 0.549125
updateOptSol() : find better sol!
>> cost = 0.548951
updateOptSol() : find better sol!
>> cost = 0.547598
weather report: current Temp = 0.00376977  Cost = 0.561761 [sa progress... 95.403%]
updateOptSol() : find better sol!
>> cost = 0.547152
weather report: current Temp = 0.00369437  Cost = 0.568944 [sa progress... 95.8386%]
weather report: current Temp = 0.00362048  Cost = 0.582188 [sa progress... 96.2742%]
weather report: current Temp = 0.00354808  Cost = 0.566059 [sa progress... 96.7098%]
weather report: current Temp = 0.00347711  Cost = 0.55774 [sa progress... 97.1455%]
updateOptSol() : find better sol!
>> cost = 0.5448
weather report: current Temp = 0.00340757  Cost = 0.546042 [sa progress... 97.5811%]
weather report: current Temp = 0.00333942  Cost = 0.565026 [sa progress... 98.0167%]
weather report: current Temp = 0.00327263  Cost = 0.555926 [sa progress... 98.4524%]
weather report: current Temp = 0.00320718  Cost = 0.558539 [sa progress... 98.888%]
updateOptSol() : find better sol!
>> cost = 0.544761
updateOptSol() : find better sol!
>> cost = 0.543048
updateOptSol() : find better sol!
>> cost = 0.542908
weather report: current Temp = 0.00314304  Cost = 0.542908 [sa progress... 99.3236%]
weather report: current Temp = 0.00308017  Cost = 0.55588 [sa progress... 99.7593%]
simAnneal_int(): done, _optCost = 0.542908
> total perturbation: 115000 uphill: 8858 downhill: 22155
3th attempt!

setTemp(): start greedy search
avgDcost:0.011331 T0:0.220907, Tx:0.002139
simAnneal_int(): start to SA
weather report: current Temp = 0.216489  Cost = 0.638942 [sa progress... 0%]
weather report: current Temp = 0.212159  Cost = 0.683032 [sa progress... 0.43563%]
weather report: current Temp = 0.207916  Cost = 0.616995 [sa progress... 0.87126%]
weather report: current Temp = 0.203758  Cost = 0.609279 [sa progress... 1.30689%]
weather report: current Temp = 0.199682  Cost = 0.63566 [sa progress... 1.74252%]
weather report: current Temp = 0.195689  Cost = 0.641799 [sa progress... 2.17815%]
weather report: current Temp = 0.191775  Cost = 0.624796 [sa progress... 2.61378%]
weather report: current Temp = 0.18794  Cost = 0.632987 [sa progress... 3.04941%]
weather report: current Temp = 0.184181  Cost = 0.635058 [sa progress... 3.48504%]
weather report: current Temp = 0.180497  Cost = 0.62937 [sa progress... 3.92067%]
weather report: current Temp = 0.176887  Cost = 0.759833 [sa progress... 4.3563%]
weather report: current Temp = 0.173349  Cost = 0.644896 [sa progress... 4.79193%]
weather report: current Temp = 0.169882  Cost = 0.655038 [sa progress... 5.22756%]
weather report: current Temp = 0.166485  Cost = 0.610531 [sa progress... 5.66319%]
weather report: current Temp = 0.163155  Cost = 0.624121 [sa progress... 6.09882%]
weather report: current Temp = 0.159892  Cost = 0.61899 [sa progress... 6.53445%]
weather report: current Temp = 0.156694  Cost = 0.624361 [sa progress... 6.97008%]
weather report: current Temp = 0.15356  Cost = 0.604674 [sa progress... 7.40571%]
weather report: current Temp = 0.150489  Cost = 0.644679 [sa progress... 7.84134%]
weather report: current Temp = 0.147479  Cost = 0.616465 [sa progress... 8.27697%]
weather report: current Temp = 0.14453  Cost = 0.631894 [sa progress... 8.7126%]
weather report: current Temp = 0.141639  Cost = 0.62808 [sa progress... 9.14823%]
weather report: current Temp = 0.138806  Cost = 0.626097 [sa progress... 9.58386%]
weather report: current Temp = 0.13603  Cost = 0.618284 [sa progress... 10.0195%]
weather report: current Temp = 0.13331  Cost = 0.626856 [sa progress... 10.4551%]
weather report: current Temp = 0.130643  Cost = 0.615347 [sa progress... 10.8907%]
weather report: current Temp = 0.128031  Cost = 0.601554 [sa progress... 11.3264%]
weather report: current Temp = 0.12547  Cost = 0.692912 [sa progress... 11.762%]
weather report: current Temp = 0.122961  Cost = 0.633614 [sa progress... 12.1976%]
weather report: current Temp = 0.120501  Cost = 0.61384 [sa progress... 12.6333%]
weather report: current Temp = 0.118091  Cost = 0.589419 [sa progress... 13.0689%]
weather report: current Temp = 0.115729  Cost = 0.60288 [sa progress... 13.5045%]
weather report: current Temp = 0.113415  Cost = 0.616213 [sa progress... 13.9402%]
weather report: current Temp = 0.111147  Cost = 0.615569 [sa progress... 14.3758%]
weather report: current Temp = 0.108924  Cost = 0.644928 [sa progress... 14.8114%]
weather report: current Temp = 0.106745  Cost = 0.674069 [sa progress... 15.247%]
weather report: current Temp = 0.10461  Cost = 0.611743 [sa progress... 15.6827%]
weather report: current Temp = 0.102518  Cost = 0.623962 [sa progress... 16.1183%]
weather report: current Temp = 0.100468  Cost = 0.613156 [sa progress... 16.5539%]
weather report: current Temp = 0.0984583  Cost = 0.624971 [sa progress... 16.9896%]
weather report: current Temp = 0.0964892  Cost = 0.653813 [sa progress... 17.4252%]
weather report: current Temp = 0.0945594  Cost = 0.692945 [sa progress... 17.8608%]
weather report: current Temp = 0.0926682  Cost = 0.651799 [sa progress... 18.2965%]
weather report: current Temp = 0.0908148  Cost = 0.61367 [sa progress... 18.7321%]
weather report: current Temp = 0.0889985  Cost = 0.756504 [sa progress... 19.1677%]
weather report: current Temp = 0.0872186  Cost = 0.652238 [sa progress... 19.6033%]
weather report: current Temp = 0.0854742  Cost = 0.701099 [sa progress... 20.039%]
weather report: current Temp = 0.0837647  Cost = 0.669256 [sa progress... 20.4746%]
weather report: current Temp = 0.0820894  Cost = 0.629009 [sa progress... 20.9102%]
weather report: current Temp = 0.0804476  Cost = 0.61679 [sa progress... 21.3459%]
weather report: current Temp = 0.0788387  Cost = 0.598612 [sa progress... 21.7815%]
weather report: current Temp = 0.0772619  Cost = 0.630857 [sa progress... 22.2171%]
weather report: current Temp = 0.0757167  Cost = 0.635564 [sa progress... 22.6528%]
weather report: current Temp = 0.0742023  Cost = 0.637018 [sa progress... 23.0884%]
weather report: current Temp = 0.0727183  Cost = 0.631811 [sa progress... 23.524%]
weather report: current Temp = 0.0712639  Cost = 0.599666 [sa progress... 23.9596%]
weather report: current Temp = 0.0698386  Cost = 0.593047 [sa progress... 24.3953%]
weather report: current Temp = 0.0684419  Cost = 0.594275 [sa progress... 24.8309%]
weather report: current Temp = 0.067073  Cost = 0.674912 [sa progress... 25.2665%]
weather report: current Temp = 0.0657316  Cost = 0.634041 [sa progress... 25.7022%]
weather report: current Temp = 0.0644169  Cost = 0.599478 [sa progress... 26.1378%]
weather report: current Temp = 0.0631286  Cost = 0.657132 [sa progress... 26.5734%]
weather report: current Temp = 0.061866  Cost = 0.624642 [sa progress... 27.0091%]
weather report: current Temp = 0.0606287  Cost = 0.631656 [sa progress... 27.4447%]
weather report: current Temp = 0.0594161  Cost = 0.624771 [sa progress... 27.8803%]
weather report: current Temp = 0.0582278  Cost = 0.634156 [sa progress... 28.3159%]
weather report: current Temp = 0.0570633  Cost = 0.609251 [sa progress... 28.7516%]
weather report: current Temp = 0.055922  Cost = 0.647865 [sa progress... 29.1872%]
weather report: current Temp = 0.0548036  Cost = 0.625545 [sa progress... 29.6228%]
weather report: current Temp = 0.0537075  Cost = 0.630165 [sa progress... 30.0585%]
weather report: current Temp = 0.0526333  Cost = 0.655953 [sa progress... 30.4941%]
weather report: current Temp = 0.0515807  Cost = 0.65623 [sa progress... 30.9297%]
weather report: current Temp = 0.0505491  Cost = 0.612213 [sa progress... 31.3654%]
weather report: current Temp = 0.0495381  Cost = 0.630759 [sa progress... 31.801%]
weather report: current Temp = 0.0485473  Cost = 0.640507 [sa progress... 32.2366%]
weather report: current Temp = 0.0475764  Cost = 0.607341 [sa progress... 32.6722%]
weather report: current Temp = 0.0466248  Cost = 0.636065 [sa progress... 33.1079%]
weather report: current Temp = 0.0456923  Cost = 0.638268 [sa progress... 33.5435%]
weather report: current Temp = 0.0447785  Cost = 0.606002 [sa progress... 33.9791%]
weather report: current Temp = 0.0438829  Cost = 0.645731 [sa progress... 34.4148%]
weather report: current Temp = 0.0430053  Cost = 0.659629 [sa progress... 34.8504%]
weather report: current Temp = 0.0421452  Cost = 0.609567 [sa progress... 35.286%]
weather report: current Temp = 0.0413023  Cost = 0.634657 [sa progress... 35.7217%]
weather report: current Temp = 0.0404762  Cost = 0.608476 [sa progress... 36.1573%]
weather report: current Temp = 0.0396667  Cost = 0.629165 [sa progress... 36.5929%]
weather report: current Temp = 0.0388734  Cost = 0.670216 [sa progress... 37.0285%]
weather report: current Temp = 0.0380959  Cost = 0.647622 [sa progress... 37.4642%]
weather report: current Temp = 0.037334  Cost = 0.629299 [sa progress... 37.8998%]
weather report: current Temp = 0.0365873  Cost = 0.627096 [sa progress... 38.3354%]
weather report: current Temp = 0.0358555  Cost = 0.616404 [sa progress... 38.7711%]
weather report: current Temp = 0.0351384  Cost = 0.655467 [sa progress... 39.2067%]
weather report: current Temp = 0.0344357  Cost = 0.608744 [sa progress... 39.6423%]
weather report: current Temp = 0.033747  Cost = 0.592879 [sa progress... 40.078%]
weather report: current Temp = 0.033072  Cost = 0.608283 [sa progress... 40.5136%]
weather report: current Temp = 0.0324106  Cost = 0.601003 [sa progress... 40.9492%]
weather report: current Temp = 0.0317624  Cost = 0.616805 [sa progress... 41.3848%]
weather report: current Temp = 0.0311271  Cost = 0.663948 [sa progress... 41.8205%]
weather report: current Temp = 0.0305046  Cost = 0.606984 [sa progress... 42.2561%]
weather report: current Temp = 0.0298945  Cost = 0.613391 [sa progress... 42.6917%]
weather report: current Temp = 0.0292966  Cost = 0.591918 [sa progress... 43.1274%]
weather report: current Temp = 0.0287107  Cost = 0.627643 [sa progress... 43.563%]
weather report: current Temp = 0.0281364  Cost = 0.615356 [sa progress... 43.9986%]
weather report: current Temp = 0.0275737  Cost = 0.612731 [sa progress... 44.4343%]
weather report: current Temp = 0.0270222  Cost = 0.598634 [sa progress... 44.8699%]
weather report: current Temp = 0.0264818  Cost = 0.622721 [sa progress... 45.3055%]
weather report: current Temp = 0.0259522  Cost = 0.601887 [sa progress... 45.7411%]
weather report: current Temp = 0.0254331  Cost = 0.582042 [sa progress... 46.1768%]
weather report: current Temp = 0.0249245  Cost = 0.600461 [sa progress... 46.6124%]
weather report: current Temp = 0.024426  Cost = 0.611164 [sa progress... 47.048%]
weather report: current Temp = 0.0239374  Cost = 0.596826 [sa progress... 47.4837%]
weather report: current Temp = 0.0234587  Cost = 0.581296 [sa progress... 47.9193%]
weather report: current Temp = 0.0229895  Cost = 0.60059 [sa progress... 48.3549%]
weather report: current Temp = 0.0225297  Cost = 0.600556 [sa progress... 48.7906%]
weather report: current Temp = 0.0220791  Cost = 0.5924 [sa progress... 49.2262%]
weather report: current Temp = 0.0216376  Cost = 0.605366 [sa progress... 49.6618%]
weather report: current Temp = 0.0212048  Cost = 0.624386 [sa progress... 50.0974%]
weather report: current Temp = 0.0207807  Cost = 0.61921 [sa progress... 50.5331%]
weather report: current Temp = 0.0203651  Cost = 0.601279 [sa progress... 50.9687%]
weather report: current Temp = 0.0199578  Cost = 0.599323 [sa progress... 51.4043%]
weather report: current Temp = 0.0195586  Cost = 0.579944 [sa progress... 51.84%]
weather report: current Temp = 0.0191675  Cost = 0.62987 [sa progress... 52.2756%]
weather report: current Temp = 0.0187841  Cost = 0.609097 [sa progress... 52.7112%]
weather report: current Temp = 0.0184084  Cost = 0.612826 [sa progress... 53.1469%]
weather report: current Temp = 0.0180403  Cost = 0.629417 [sa progress... 53.5825%]
weather report: current Temp = 0.0176795  Cost = 0.60856 [sa progress... 54.0181%]
weather report: current Temp = 0.0173259  Cost = 0.606583 [sa progress... 54.4537%]
weather report: current Temp = 0.0169794  Cost = 0.60317 [sa progress... 54.8894%]
weather report: current Temp = 0.0166398  Cost = 0.604509 [sa progress... 55.325%]
weather report: current Temp = 0.016307  Cost = 0.603171 [sa progress... 55.7606%]
weather report: current Temp = 0.0159808  Cost = 0.604953 [sa progress... 56.1963%]
weather report: current Temp = 0.0156612  Cost = 0.637778 [sa progress... 56.6319%]
weather report: current Temp = 0.015348  Cost = 0.635724 [sa progress... 57.0675%]
weather report: current Temp = 0.015041  Cost = 0.640431 [sa progress... 57.5032%]
weather report: current Temp = 0.0147402  Cost = 0.632781 [sa progress... 57.9388%]
weather report: current Temp = 0.0144454  Cost = 0.609544 [sa progress... 58.3744%]
weather report: current Temp = 0.0141565  Cost = 0.618728 [sa progress... 58.81%]
weather report: current Temp = 0.0138734  Cost = 0.607536 [sa progress... 59.2457%]
weather report: current Temp = 0.0135959  Cost = 0.607641 [sa progress... 59.6813%]
weather report: current Temp = 0.013324  Cost = 0.610142 [sa progress... 60.1169%]
weather report: current Temp = 0.0130575  Cost = 0.645894 [sa progress... 60.5526%]
weather report: current Temp = 0.0127964  Cost = 0.608017 [sa progress... 60.9882%]
weather report: current Temp = 0.0125404  Cost = 0.612927 [sa progress... 61.4238%]
weather report: current Temp = 0.0122896  Cost = 0.6232 [sa progress... 61.8595%]
weather report: current Temp = 0.0120438  Cost = 0.639696 [sa progress... 62.2951%]
weather report: current Temp = 0.0118029  Cost = 0.583426 [sa progress... 62.7307%]
weather report: current Temp = 0.0115669  Cost = 0.649551 [sa progress... 63.1663%]
weather report: current Temp = 0.0113356  Cost = 0.577056 [sa progress... 63.602%]
weather report: current Temp = 0.0111088  Cost = 0.58897 [sa progress... 64.0376%]
weather report: current Temp = 0.0108867  Cost = 0.587231 [sa progress... 64.4732%]
weather report: current Temp = 0.0106689  Cost = 0.620565 [sa progress... 64.9089%]
weather report: current Temp = 0.0104556  Cost = 0.601873 [sa progress... 65.3445%]
weather report: current Temp = 0.0102464  Cost = 0.58627 [sa progress... 65.7801%]
weather report: current Temp = 0.0100415  Cost = 0.605934 [sa progress... 66.2158%]
weather report: current Temp = 0.00984068  Cost = 0.568195 [sa progress... 66.6514%]
weather report: current Temp = 0.00964387  Cost = 0.584474 [sa progress... 67.087%]
weather report: current Temp = 0.00945099  Cost = 0.5795 [sa progress... 67.5226%]
weather report: current Temp = 0.00926197  Cost = 0.582254 [sa progress... 67.9583%]
weather report: current Temp = 0.00907673  Cost = 0.60268 [sa progress... 68.3939%]
weather report: current Temp = 0.0088952  Cost = 0.589011 [sa progress... 68.8295%]
weather report: current Temp = 0.00871729  Cost = 0.580886 [sa progress... 69.2652%]
weather report: current Temp = 0.00854295  Cost = 0.568569 [sa progress... 69.7008%]
weather report: current Temp = 0.00837209  Cost = 0.586392 [sa progress... 70.1364%]
weather report: current Temp = 0.00820465  Cost = 0.586494 [sa progress... 70.5721%]
weather report: current Temp = 0.00804055  Cost = 0.579588 [sa progress... 71.0077%]
weather report: current Temp = 0.00787974  Cost = 0.574467 [sa progress... 71.4433%]
weather report: current Temp = 0.00772215  Cost = 0.578735 [sa progress... 71.8789%]
weather report: current Temp = 0.0075677  Cost = 0.587712 [sa progress... 72.3146%]
weather report: current Temp = 0.00741635  Cost = 0.591738 [sa progress... 72.7502%]
weather report: current Temp = 0.00726802  Cost = 0.58716 [sa progress... 73.1858%]
weather report: current Temp = 0.00712266  Cost = 0.596477 [sa progress... 73.6215%]
weather report: current Temp = 0.00698021  Cost = 0.588782 [sa progress... 74.0571%]
weather report: current Temp = 0.00684061  Cost = 0.574647 [sa progress... 74.4927%]
weather report: current Temp = 0.00670379  Cost = 0.585021 [sa progress... 74.9284%]
weather report: current Temp = 0.00656972  Cost = 0.570065 [sa progress... 75.364%]
weather report: current Temp = 0.00643832  Cost = 0.599081 [sa progress... 75.7996%]
weather report: current Temp = 0.00630956  Cost = 0.594349 [sa progress... 76.2352%]
weather report: current Temp = 0.00618337  Cost = 0.595755 [sa progress... 76.6709%]
weather report: current Temp = 0.0060597  Cost = 0.579325 [sa progress... 77.1065%]
weather report: current Temp = 0.0059385  Cost = 0.573032 [sa progress... 77.5421%]
weather report: current Temp = 0.00581973  Cost = 0.592338 [sa progress... 77.9778%]
weather report: current Temp = 0.00570334  Cost = 0.604099 [sa progress... 78.4134%]
weather report: current Temp = 0.00558927  Cost = 0.594631 [sa progress... 78.849%]
weather report: current Temp = 0.00547749  Cost = 0.583479 [sa progress... 79.2847%]
weather report: current Temp = 0.00536794  Cost = 0.584047 [sa progress... 79.7203%]
weather report: current Temp = 0.00526058  Cost = 0.584736 [sa progress... 80.1559%]
weather report: current Temp = 0.00515537  Cost = 0.592556 [sa progress... 80.5915%]
weather report: current Temp = 0.00505226  Cost = 0.572216 [sa progress... 81.0272%]
weather report: current Temp = 0.00495121  Cost = 0.564113 [sa progress... 81.4628%]
weather report: current Temp = 0.00485219  Cost = 0.569724 [sa progress... 81.8984%]
weather report: current Temp = 0.00475515  Cost = 0.565345 [sa progress... 82.3341%]
weather report: current Temp = 0.00466004  Cost = 0.568972 [sa progress... 82.7697%]
weather report: current Temp = 0.00456684  Cost = 0.554273 [sa progress... 83.2053%]
updateOptSol() : find better sol!
>> cost = 0.542837
updateOptSol() : find better sol!
>> cost = 0.542009
updateOptSol() : find better sol!
>> cost = 0.53907
updateOptSol() : find better sol!
>> cost = 0.539022
weather report: current Temp = 0.00447551  Cost = 0.562981 [sa progress... 83.641%]
weather report: current Temp = 0.004386  Cost = 0.553623 [sa progress... 84.0766%]
weather report: current Temp = 0.00429828  Cost = 0.577082 [sa progress... 84.5122%]
weather report: current Temp = 0.00421231  Cost = 0.558701 [sa progress... 84.9478%]
weather report: current Temp = 0.00412806  Cost = 0.58359 [sa progress... 85.3835%]
weather report: current Temp = 0.0040455  Cost = 0.567601 [sa progress... 85.8191%]
weather report: current Temp = 0.00396459  Cost = 0.560757 [sa progress... 86.2547%]
weather report: current Temp = 0.0038853  Cost = 0.562744 [sa progress... 86.6904%]
weather report: current Temp = 0.00380759  Cost = 0.572141 [sa progress... 87.126%]
weather report: current Temp = 0.00373144  Cost = 0.553212 [sa progress... 87.5616%]
weather report: current Temp = 0.00365681  Cost = 0.557204 [sa progress... 87.9973%]
weather report: current Temp = 0.00358368  Cost = 0.564394 [sa progress... 88.4329%]
weather report: current Temp = 0.003512  Cost = 0.549429 [sa progress... 88.8685%]
updateOptSol() : find better sol!
>> cost = 0.538607
updateOptSol() : find better sol!
>> cost = 0.538171
weather report: current Temp = 0.00344176  Cost = 0.557009 [sa progress... 89.3041%]
updateOptSol() : find better sol!
>> cost = 0.537554
weather report: current Temp = 0.00337293  Cost = 0.540688 [sa progress... 89.7398%]
updateOptSol() : find better sol!
>> cost = 0.533883
updateOptSol() : find better sol!
>> cost = 0.533258
updateOptSol() : find better sol!
>> cost = 0.532197
updateOptSol() : find better sol!
>> cost = 0.530872
updateOptSol() : find better sol!
>> cost = 0.530852
updateOptSol() : find better sol!
>> cost = 0.530781
updateOptSol() : find better sol!
>> cost = 0.528505
updateOptSol() : find better sol!
>> cost = 0.52579
updateOptSol() : find better sol!
>> cost = 0.524529
weather report: current Temp = 0.00330547  Cost = 0.536338 [sa progress... 90.1754%]
weather report: current Temp = 0.00323936  Cost = 0.54173 [sa progress... 90.611%]
weather report: current Temp = 0.00317457  Cost = 0.540166 [sa progress... 91.0467%]
weather report: current Temp = 0.00311108  Cost = 0.540111 [sa progress... 91.4823%]
weather report: current Temp = 0.00304886  Cost = 0.561938 [sa progress... 91.9179%]
weather report: current Temp = 0.00298788  Cost = 0.557107 [sa progress... 92.3535%]
weather report: current Temp = 0.00292813  Cost = 0.564516 [sa progress... 92.7892%]
weather report: current Temp = 0.00286956  Cost = 0.573386 [sa progress... 93.2248%]
weather report: current Temp = 0.00281217  Cost = 0.568397 [sa progress... 93.6604%]
weather report: current Temp = 0.00275593  Cost = 0.54794 [sa progress... 94.0961%]
weather report: current Temp = 0.00270081  Cost = 0.543598 [sa progress... 94.5317%]
weather report: current Temp = 0.00264679  Cost = 0.552002 [sa progress... 94.9673%]
weather report: current Temp = 0.00259386  Cost = 0.55207 [sa progress... 95.403%]
weather report: current Temp = 0.00254198  Cost = 0.545476 [sa progress... 95.8386%]
weather report: current Temp = 0.00249114  Cost = 0.544677 [sa progress... 96.2742%]
weather report: current Temp = 0.00244132  Cost = 0.539054 [sa progress... 96.7098%]
weather report: current Temp = 0.00239249  Cost = 0.539144 [sa progress... 97.1455%]
weather report: current Temp = 0.00234464  Cost = 0.540296 [sa progress... 97.5811%]
weather report: current Temp = 0.00229775  Cost = 0.542023 [sa progress... 98.0167%]
weather report: current Temp = 0.00225179  Cost = 0.530747 [sa progress... 98.4524%]
weather report: current Temp = 0.00220676  Cost = 0.534916 [sa progress... 98.888%]
weather report: current Temp = 0.00216262  Cost = 0.537667 [sa progress... 99.3236%]
weather report: current Temp = 0.00211937  Cost = 0.54603 [sa progress... 99.7593%]
simAnneal_int(): done, _optCost = 0.524529
> total perturbation: 115000 uphill: 8805 downhill: 20952
 >  writeMatlabOutput() : opening output file log/adaptec2.fp.matlab
 >  no overlaps
 >  chip area  : 2.07718e+08
 >  [Warning] following area info is for the lastest packing , not the opt
 >  Macro area : 1.3576e+08
 >  BLArea     : 3.36715e+07
 >  BRArea     : 3.34882e+07
 >  TLArea     : 3.36525e+07
 >  TRArea     : 3.49481e+07
 >  writeOutput() : opening output file log/adaptec2.fp
 >  MP trees macro packing finished.
