 >  readInput() : start reading input data
 >  readNode() : reading node file benchmark/adaptec1_MMS/adaptec1.nodes
 >  Number of macros = 63
 >  readNode() : reading node success!
 >  readPosition() : reading position file benchmark/adaptec1_MMS/adaptec1.ntup.pl
 >  readPosition() : reading position success!
 >  initial chip boundary : 
 >    Width  = 10986
 >    Height = 11103
 >  readNet() : reading net file benchmark/adaptec1_MMS/adaptec1.nets
 >  readNet() : reading net success!
updateOptSol() : find better sol!
>> cost = 0.965443
simAnneal(): start
1th attempt!

setTemp(): start greedy search
updateOptSol() : find better sol!
>> cost = 0.963367
updateOptSol() : find better sol!
>> cost = 0.958647
updateOptSol() : find better sol!
>> cost = 0.925115
updateOptSol() : find better sol!
>> cost = 0.899465
updateOptSol() : find better sol!
>> cost = 0.870085
updateOptSol() : find better sol!
>> cost = 0.819007
updateOptSol() : find better sol!
>> cost = 0.818842
updateOptSol() : find better sol!
>> cost = 0.81041
updateOptSol() : find better sol!
>> cost = 0.806652
updateOptSol() : find better sol!
>> cost = 0.78279
updateOptSol() : find better sol!
>> cost = 0.779407
avgDcost:0.049236 T0:0.959891, Tx:0.009293
simAnneal_int(): start to SA
updateOptSol() : find better sol!
>> cost = 0.758959
weather report: current Temp = 0.940693  Cost = 1.3556 [sa progress... 0%]
weather report: current Temp = 0.921879  Cost = 1.02408 [sa progress... 0.43563%]
weather report: current Temp = 0.903441  Cost = 1.00152 [sa progress... 0.87126%]
weather report: current Temp = 0.885373  Cost = 1.09251 [sa progress... 1.30689%]
weather report: current Temp = 0.867665  Cost = 1.44401 [sa progress... 1.74252%]
weather report: current Temp = 0.850312  Cost = 1.00417 [sa progress... 2.17815%]
weather report: current Temp = 0.833306  Cost = 1.1587 [sa progress... 2.61378%]
weather report: current Temp = 0.816639  Cost = 1.00623 [sa progress... 3.04941%]
weather report: current Temp = 0.800307  Cost = 1.23879 [sa progress... 3.48504%]
weather report: current Temp = 0.7843  Cost = 1.36121 [sa progress... 3.92067%]
weather report: current Temp = 0.768614  Cost = 1.10989 [sa progress... 4.3563%]
weather report: current Temp = 0.753242  Cost = 1.18401 [sa progress... 4.79193%]
weather report: current Temp = 0.738177  Cost = 1.14236 [sa progress... 5.22756%]
weather report: current Temp = 0.723414  Cost = 1.26338 [sa progress... 5.66319%]
weather report: current Temp = 0.708946  Cost = 1.22598 [sa progress... 6.09882%]
weather report: current Temp = 0.694767  Cost = 1.09117 [sa progress... 6.53445%]
weather report: current Temp = 0.680871  Cost = 1.21547 [sa progress... 6.97008%]
weather report: current Temp = 0.667254  Cost = 1.16507 [sa progress... 7.40571%]
weather report: current Temp = 0.653909  Cost = 1.08334 [sa progress... 7.84134%]
weather report: current Temp = 0.640831  Cost = 1.34973 [sa progress... 8.27697%]
weather report: current Temp = 0.628014  Cost = 1.1746 [sa progress... 8.7126%]
weather report: current Temp = 0.615454  Cost = 1.07746 [sa progress... 9.14823%]
weather report: current Temp = 0.603145  Cost = 1.19412 [sa progress... 9.58386%]
weather report: current Temp = 0.591082  Cost = 1.2347 [sa progress... 10.0195%]
weather report: current Temp = 0.57926  Cost = 1.0481 [sa progress... 10.4551%]
weather report: current Temp = 0.567675  Cost = 1.20402 [sa progress... 10.8907%]
weather report: current Temp = 0.556321  Cost = 1.06148 [sa progress... 11.3264%]
weather report: current Temp = 0.545195  Cost = 1.02712 [sa progress... 11.762%]
weather report: current Temp = 0.534291  Cost = 1.10447 [sa progress... 12.1976%]
weather report: current Temp = 0.523605  Cost = 0.995347 [sa progress... 12.6333%]
weather report: current Temp = 0.513133  Cost = 1.09233 [sa progress... 13.0689%]
weather report: current Temp = 0.50287  Cost = 1.02961 [sa progress... 13.5045%]
weather report: current Temp = 0.492813  Cost = 1.07109 [sa progress... 13.9402%]
weather report: current Temp = 0.482957  Cost = 0.996324 [sa progress... 14.3758%]
weather report: current Temp = 0.473298  Cost = 1.02621 [sa progress... 14.8114%]
weather report: current Temp = 0.463832  Cost = 1.0381 [sa progress... 15.247%]
weather report: current Temp = 0.454555  Cost = 1.00683 [sa progress... 15.6827%]
weather report: current Temp = 0.445464  Cost = 0.977918 [sa progress... 16.1183%]
weather report: current Temp = 0.436555  Cost = 1.0783 [sa progress... 16.5539%]
weather report: current Temp = 0.427824  Cost = 0.976777 [sa progress... 16.9896%]
weather report: current Temp = 0.419267  Cost = 0.958795 [sa progress... 17.4252%]
weather report: current Temp = 0.410882  Cost = 1.19869 [sa progress... 17.8608%]
weather report: current Temp = 0.402664  Cost = 1.05376 [sa progress... 18.2965%]
weather report: current Temp = 0.394611  Cost = 1.03477 [sa progress... 18.7321%]
weather report: current Temp = 0.386719  Cost = 1.03233 [sa progress... 19.1677%]
weather report: current Temp = 0.378984  Cost = 1.11676 [sa progress... 19.6033%]
weather report: current Temp = 0.371405  Cost = 1.07939 [sa progress... 20.039%]
weather report: current Temp = 0.363977  Cost = 1.05137 [sa progress... 20.4746%]
weather report: current Temp = 0.356697  Cost = 1.10105 [sa progress... 20.9102%]
weather report: current Temp = 0.349563  Cost = 1.23614 [sa progress... 21.3459%]
weather report: current Temp = 0.342572  Cost = 1.27547 [sa progress... 21.7815%]
weather report: current Temp = 0.33572  Cost = 1.03224 [sa progress... 22.2171%]
weather report: current Temp = 0.329006  Cost = 1.10715 [sa progress... 22.6528%]
weather report: current Temp = 0.322426  Cost = 1.09444 [sa progress... 23.0884%]
weather report: current Temp = 0.315977  Cost = 1.14474 [sa progress... 23.524%]
weather report: current Temp = 0.309658  Cost = 1.11426 [sa progress... 23.9596%]
weather report: current Temp = 0.303465  Cost = 1.03679 [sa progress... 24.3953%]
weather report: current Temp = 0.297395  Cost = 1.0096 [sa progress... 24.8309%]
weather report: current Temp = 0.291447  Cost = 1.06462 [sa progress... 25.2665%]
weather report: current Temp = 0.285618  Cost = 1.06869 [sa progress... 25.7022%]
weather report: current Temp = 0.279906  Cost = 1.01402 [sa progress... 26.1378%]
weather report: current Temp = 0.274308  Cost = 1.00701 [sa progress... 26.5734%]
weather report: current Temp = 0.268822  Cost = 0.990843 [sa progress... 27.0091%]
weather report: current Temp = 0.263445  Cost = 1.03006 [sa progress... 27.4447%]
weather report: current Temp = 0.258176  Cost = 1.06962 [sa progress... 27.8803%]
weather report: current Temp = 0.253013  Cost = 1.06978 [sa progress... 28.3159%]
weather report: current Temp = 0.247953  Cost = 1.1003 [sa progress... 28.7516%]
weather report: current Temp = 0.242994  Cost = 1.11247 [sa progress... 29.1872%]
weather report: current Temp = 0.238134  Cost = 1.07809 [sa progress... 29.6228%]
weather report: current Temp = 0.233371  Cost = 1.16014 [sa progress... 30.0585%]
weather report: current Temp = 0.228704  Cost = 1.07153 [sa progress... 30.4941%]
weather report: current Temp = 0.22413  Cost = 0.984096 [sa progress... 30.9297%]
weather report: current Temp = 0.219647  Cost = 1.20828 [sa progress... 31.3654%]
weather report: current Temp = 0.215254  Cost = 1.06045 [sa progress... 31.801%]
weather report: current Temp = 0.210949  Cost = 1.08021 [sa progress... 32.2366%]
weather report: current Temp = 0.20673  Cost = 1.28074 [sa progress... 32.6722%]
weather report: current Temp = 0.202595  Cost = 1.23023 [sa progress... 33.1079%]
weather report: current Temp = 0.198543  Cost = 1.04507 [sa progress... 33.5435%]
weather report: current Temp = 0.194573  Cost = 1.04851 [sa progress... 33.9791%]
weather report: current Temp = 0.190681  Cost = 1.27767 [sa progress... 34.4148%]
weather report: current Temp = 0.186868  Cost = 1.09071 [sa progress... 34.8504%]
weather report: current Temp = 0.18313  Cost = 0.976113 [sa progress... 35.286%]
weather report: current Temp = 0.179468  Cost = 1.16269 [sa progress... 35.7217%]
weather report: current Temp = 0.175878  Cost = 1.14947 [sa progress... 36.1573%]
weather report: current Temp = 0.172361  Cost = 1.1951 [sa progress... 36.5929%]
weather report: current Temp = 0.168913  Cost = 1.06825 [sa progress... 37.0285%]
weather report: current Temp = 0.165535  Cost = 1.19977 [sa progress... 37.4642%]
weather report: current Temp = 0.162224  Cost = 1.08752 [sa progress... 37.8998%]
weather report: current Temp = 0.15898  Cost = 1.13488 [sa progress... 38.3354%]
weather report: current Temp = 0.1558  Cost = 1.04017 [sa progress... 38.7711%]
weather report: current Temp = 0.152684  Cost = 1.02179 [sa progress... 39.2067%]
weather report: current Temp = 0.149631  Cost = 1.0863 [sa progress... 39.6423%]
weather report: current Temp = 0.146638  Cost = 0.982536 [sa progress... 40.078%]
weather report: current Temp = 0.143705  Cost = 1.15581 [sa progress... 40.5136%]
weather report: current Temp = 0.140831  Cost = 1.00542 [sa progress... 40.9492%]
weather report: current Temp = 0.138015  Cost = 1.06406 [sa progress... 41.3848%]
weather report: current Temp = 0.135254  Cost = 1.20988 [sa progress... 41.8205%]
weather report: current Temp = 0.132549  Cost = 1.33467 [sa progress... 42.2561%]
weather report: current Temp = 0.129898  Cost = 1.07266 [sa progress... 42.6917%]
weather report: current Temp = 0.1273  Cost = 1.16517 [sa progress... 43.1274%]
weather report: current Temp = 0.124754  Cost = 0.927401 [sa progress... 43.563%]
weather report: current Temp = 0.122259  Cost = 0.968101 [sa progress... 43.9986%]
weather report: current Temp = 0.119814  Cost = 0.974547 [sa progress... 44.4343%]
weather report: current Temp = 0.117418  Cost = 1.04598 [sa progress... 44.8699%]
weather report: current Temp = 0.115069  Cost = 1.07051 [sa progress... 45.3055%]
weather report: current Temp = 0.112768  Cost = 0.980866 [sa progress... 45.7411%]
weather report: current Temp = 0.110513  Cost = 1.03486 [sa progress... 46.1768%]
weather report: current Temp = 0.108302  Cost = 0.903769 [sa progress... 46.6124%]
weather report: current Temp = 0.106136  Cost = 0.972937 [sa progress... 47.048%]
weather report: current Temp = 0.104014  Cost = 0.90042 [sa progress... 47.4837%]
weather report: current Temp = 0.101933  Cost = 1.22043 [sa progress... 47.9193%]
weather report: current Temp = 0.0998946  Cost = 0.944878 [sa progress... 48.3549%]
weather report: current Temp = 0.0978968  Cost = 1.06832 [sa progress... 48.7906%]
weather report: current Temp = 0.0959388  Cost = 0.96238 [sa progress... 49.2262%]
weather report: current Temp = 0.09402  Cost = 0.955623 [sa progress... 49.6618%]
weather report: current Temp = 0.0921396  Cost = 0.915567 [sa progress... 50.0974%]
weather report: current Temp = 0.0902968  Cost = 1.04954 [sa progress... 50.5331%]
weather report: current Temp = 0.0884909  Cost = 0.908317 [sa progress... 50.9687%]
weather report: current Temp = 0.0867211  Cost = 0.926413 [sa progress... 51.4043%]
weather report: current Temp = 0.0849867  Cost = 0.852755 [sa progress... 51.84%]
weather report: current Temp = 0.0832869  Cost = 0.973936 [sa progress... 52.2756%]
weather report: current Temp = 0.0816212  Cost = 1.11686 [sa progress... 52.7112%]
weather report: current Temp = 0.0799888  Cost = 1.10947 [sa progress... 53.1469%]
weather report: current Temp = 0.078389  Cost = 0.953465 [sa progress... 53.5825%]
weather report: current Temp = 0.0768212  Cost = 0.960394 [sa progress... 54.0181%]
weather report: current Temp = 0.0752848  Cost = 0.986642 [sa progress... 54.4537%]
weather report: current Temp = 0.0737791  Cost = 0.996873 [sa progress... 54.8894%]
weather report: current Temp = 0.0723035  Cost = 0.95719 [sa progress... 55.325%]
weather report: current Temp = 0.0708574  Cost = 0.950445 [sa progress... 55.7606%]
weather report: current Temp = 0.0694403  Cost = 0.957047 [sa progress... 56.1963%]
weather report: current Temp = 0.0680515  Cost = 0.885212 [sa progress... 56.6319%]
weather report: current Temp = 0.0666905  Cost = 0.90933 [sa progress... 57.0675%]
weather report: current Temp = 0.0653567  Cost = 0.970017 [sa progress... 57.5032%]
weather report: current Temp = 0.0640495  Cost = 0.911033 [sa progress... 57.9388%]
weather report: current Temp = 0.0627685  Cost = 0.930326 [sa progress... 58.3744%]
weather report: current Temp = 0.0615132  Cost = 0.89682 [sa progress... 58.81%]
weather report: current Temp = 0.0602829  Cost = 1.02346 [sa progress... 59.2457%]
weather report: current Temp = 0.0590772  Cost = 0.935218 [sa progress... 59.6813%]
weather report: current Temp = 0.0578957  Cost = 1.04615 [sa progress... 60.1169%]
weather report: current Temp = 0.0567378  Cost = 0.865297 [sa progress... 60.5526%]
weather report: current Temp = 0.055603  Cost = 0.909933 [sa progress... 60.9882%]
weather report: current Temp = 0.054491  Cost = 0.935664 [sa progress... 61.4238%]
weather report: current Temp = 0.0534011  Cost = 0.990066 [sa progress... 61.8595%]
weather report: current Temp = 0.0523331  Cost = 0.907381 [sa progress... 62.2951%]
weather report: current Temp = 0.0512865  Cost = 0.863857 [sa progress... 62.7307%]
weather report: current Temp = 0.0502607  Cost = 0.87881 [sa progress... 63.1663%]
weather report: current Temp = 0.0492555  Cost = 1.07029 [sa progress... 63.602%]
weather report: current Temp = 0.0482704  Cost = 0.950872 [sa progress... 64.0376%]
weather report: current Temp = 0.047305  Cost = 0.955761 [sa progress... 64.4732%]
weather report: current Temp = 0.0463589  Cost = 0.974347 [sa progress... 64.9089%]
weather report: current Temp = 0.0454317  Cost = 0.956438 [sa progress... 65.3445%]
weather report: current Temp = 0.0445231  Cost = 0.942713 [sa progress... 65.7801%]
weather report: current Temp = 0.0436326  Cost = 0.987749 [sa progress... 66.2158%]
weather report: current Temp = 0.04276  Cost = 0.948562 [sa progress... 66.6514%]
weather report: current Temp = 0.0419048  Cost = 0.896009 [sa progress... 67.087%]
weather report: current Temp = 0.0410667  Cost = 0.940758 [sa progress... 67.5226%]
weather report: current Temp = 0.0402453  Cost = 0.970108 [sa progress... 67.9583%]
weather report: current Temp = 0.0394404  Cost = 0.886179 [sa progress... 68.3939%]
weather report: current Temp = 0.0386516  Cost = 0.881533 [sa progress... 68.8295%]
weather report: current Temp = 0.0378786  Cost = 0.924701 [sa progress... 69.2652%]
weather report: current Temp = 0.037121  Cost = 0.89058 [sa progress... 69.7008%]
weather report: current Temp = 0.0363786  Cost = 1.08198 [sa progress... 70.1364%]
weather report: current Temp = 0.035651  Cost = 0.926656 [sa progress... 70.5721%]
weather report: current Temp = 0.034938  Cost = 0.887161 [sa progress... 71.0077%]
weather report: current Temp = 0.0342392  Cost = 1.03507 [sa progress... 71.4433%]
weather report: current Temp = 0.0335545  Cost = 1.01218 [sa progress... 71.8789%]
weather report: current Temp = 0.0328834  Cost = 0.96146 [sa progress... 72.3146%]
weather report: current Temp = 0.0322257  Cost = 0.912311 [sa progress... 72.7502%]
weather report: current Temp = 0.0315812  Cost = 0.87903 [sa progress... 73.1858%]
weather report: current Temp = 0.0309496  Cost = 0.883962 [sa progress... 73.6215%]
weather report: current Temp = 0.0303306  Cost = 0.804284 [sa progress... 74.0571%]
weather report: current Temp = 0.029724  Cost = 0.826026 [sa progress... 74.4927%]
weather report: current Temp = 0.0291295  Cost = 0.907603 [sa progress... 74.9284%]
weather report: current Temp = 0.0285469  Cost = 0.907789 [sa progress... 75.364%]
weather report: current Temp = 0.027976  Cost = 0.818369 [sa progress... 75.7996%]
weather report: current Temp = 0.0274164  Cost = 0.814104 [sa progress... 76.2352%]
weather report: current Temp = 0.0268681  Cost = 0.851205 [sa progress... 76.6709%]
weather report: current Temp = 0.0263307  Cost = 0.865504 [sa progress... 77.1065%]
weather report: current Temp = 0.0258041  Cost = 0.833081 [sa progress... 77.5421%]
weather report: current Temp = 0.0252881  Cost = 0.851647 [sa progress... 77.9778%]
weather report: current Temp = 0.0247823  Cost = 0.827592 [sa progress... 78.4134%]
weather report: current Temp = 0.0242866  Cost = 0.922875 [sa progress... 78.849%]
weather report: current Temp = 0.0238009  Cost = 0.830047 [sa progress... 79.2847%]
weather report: current Temp = 0.0233249  Cost = 0.904908 [sa progress... 79.7203%]
weather report: current Temp = 0.0228584  Cost = 0.907411 [sa progress... 80.1559%]
weather report: current Temp = 0.0224012  Cost = 0.903591 [sa progress... 80.5915%]
weather report: current Temp = 0.0219532  Cost = 0.906869 [sa progress... 81.0272%]
weather report: current Temp = 0.0215141  Cost = 0.839142 [sa progress... 81.4628%]
weather report: current Temp = 0.0210839  Cost = 0.838353 [sa progress... 81.8984%]
weather report: current Temp = 0.0206622  Cost = 0.823877 [sa progress... 82.3341%]
weather report: current Temp = 0.0202489  Cost = 0.84559 [sa progress... 82.7697%]
weather report: current Temp = 0.019844  Cost = 0.885473 [sa progress... 83.2053%]
weather report: current Temp = 0.0194471  Cost = 0.855532 [sa progress... 83.641%]
weather report: current Temp = 0.0190581  Cost = 0.856389 [sa progress... 84.0766%]
weather report: current Temp = 0.018677  Cost = 0.791758 [sa progress... 84.5122%]
weather report: current Temp = 0.0183034  Cost = 0.878995 [sa progress... 84.9478%]
weather report: current Temp = 0.0179374  Cost = 0.882382 [sa progress... 85.3835%]
weather report: current Temp = 0.0175786  Cost = 0.823287 [sa progress... 85.8191%]
weather report: current Temp = 0.017227  Cost = 0.789374 [sa progress... 86.2547%]
weather report: current Temp = 0.0168825  Cost = 0.860676 [sa progress... 86.6904%]
weather report: current Temp = 0.0165449  Cost = 0.868242 [sa progress... 87.126%]
weather report: current Temp = 0.016214  Cost = 0.849415 [sa progress... 87.5616%]
weather report: current Temp = 0.0158897  Cost = 0.807554 [sa progress... 87.9973%]
weather report: current Temp = 0.0155719  Cost = 0.83235 [sa progress... 88.4329%]
weather report: current Temp = 0.0152604  Cost = 0.812991 [sa progress... 88.8685%]
weather report: current Temp = 0.0149552  Cost = 0.849703 [sa progress... 89.3041%]
weather report: current Temp = 0.0146561  Cost = 0.804166 [sa progress... 89.7398%]
weather report: current Temp = 0.014363  Cost = 0.848988 [sa progress... 90.1754%]
weather report: current Temp = 0.0140758  Cost = 0.824552 [sa progress... 90.611%]
weather report: current Temp = 0.0137942  Cost = 0.829297 [sa progress... 91.0467%]
weather report: current Temp = 0.0135184  Cost = 0.838994 [sa progress... 91.4823%]
weather report: current Temp = 0.013248  Cost = 0.846425 [sa progress... 91.9179%]
weather report: current Temp = 0.012983  Cost = 0.877069 [sa progress... 92.3535%]
weather report: current Temp = 0.0127234  Cost = 0.907874 [sa progress... 92.7892%]
weather report: current Temp = 0.0124689  Cost = 0.84379 [sa progress... 93.2248%]
weather report: current Temp = 0.0122195  Cost = 0.841553 [sa progress... 93.6604%]
weather report: current Temp = 0.0119751  Cost = 0.783994 [sa progress... 94.0961%]
weather report: current Temp = 0.0117356  Cost = 0.802936 [sa progress... 94.5317%]
updateOptSol() : find better sol!
>> cost = 0.747361
weather report: current Temp = 0.0115009  Cost = 0.747361 [sa progress... 94.9673%]
updateOptSol() : find better sol!
>> cost = 0.745944
updateOptSol() : find better sol!
>> cost = 0.745318
updateOptSol() : find better sol!
>> cost = 0.739188
updateOptSol() : find better sol!
>> cost = 0.732558
updateOptSol() : find better sol!
>> cost = 0.73195
weather report: current Temp = 0.0112709  Cost = 0.765194 [sa progress... 95.403%]
weather report: current Temp = 0.0110455  Cost = 0.781348 [sa progress... 95.8386%]
weather report: current Temp = 0.0108246  Cost = 0.81531 [sa progress... 96.2742%]
weather report: current Temp = 0.0106081  Cost = 0.812744 [sa progress... 96.7098%]
weather report: current Temp = 0.0103959  Cost = 0.782516 [sa progress... 97.1455%]
weather report: current Temp = 0.010188  Cost = 0.769245 [sa progress... 97.5811%]
weather report: current Temp = 0.00998424  Cost = 0.798794 [sa progress... 98.0167%]
weather report: current Temp = 0.00978455  Cost = 0.787955 [sa progress... 98.4524%]
weather report: current Temp = 0.00958886  Cost = 0.76759 [sa progress... 98.888%]
updateOptSol() : find better sol!
>> cost = 0.718538
updateOptSol() : find better sol!
>> cost = 0.711532
updateOptSol() : find better sol!
>> cost = 0.698497
weather report: current Temp = 0.00939708  Cost = 0.723495 [sa progress... 99.3236%]
weather report: current Temp = 0.00920914  Cost = 0.729236 [sa progress... 99.7593%]
simAnneal_int(): done, _optCost = 0.698497
> total perturbation: 46000 uphill: 3553 downhill: 8407
2th attempt!

setTemp(): start greedy search
avgDcost:0.053455 T0:1.042138, Tx:0.010089
simAnneal_int(): start to SA
updateOptSol() : find better sol!
>> cost = 0.690914
updateOptSol() : find better sol!
>> cost = 0.690392
weather report: current Temp = 1.02129  Cost = 1.03208 [sa progress... 0%]
weather report: current Temp = 1.00087  Cost = 1.08422 [sa progress... 0.43563%]
weather report: current Temp = 0.980852  Cost = 1.04646 [sa progress... 0.87126%]
weather report: current Temp = 0.961235  Cost = 1.20598 [sa progress... 1.30689%]
weather report: current Temp = 0.94201  Cost = 1.10649 [sa progress... 1.74252%]
weather report: current Temp = 0.92317  Cost = 0.998059 [sa progress... 2.17815%]
weather report: current Temp = 0.904706  Cost = 1.01374 [sa progress... 2.61378%]
weather report: current Temp = 0.886612  Cost = 1.24805 [sa progress... 3.04941%]
weather report: current Temp = 0.86888  Cost = 1.01858 [sa progress... 3.48504%]
weather report: current Temp = 0.851502  Cost = 1.30813 [sa progress... 3.92067%]
weather report: current Temp = 0.834472  Cost = 1.3396 [sa progress... 4.3563%]
weather report: current Temp = 0.817783  Cost = 1.09438 [sa progress... 4.79193%]
weather report: current Temp = 0.801427  Cost = 1.16881 [sa progress... 5.22756%]
weather report: current Temp = 0.785399  Cost = 1.02859 [sa progress... 5.66319%]
weather report: current Temp = 0.769691  Cost = 0.998516 [sa progress... 6.09882%]
weather report: current Temp = 0.754297  Cost = 1.05022 [sa progress... 6.53445%]
weather report: current Temp = 0.739211  Cost = 1.0634 [sa progress... 6.97008%]
weather report: current Temp = 0.724427  Cost = 0.877703 [sa progress... 7.40571%]
weather report: current Temp = 0.709938  Cost = 1.03707 [sa progress... 7.84134%]
weather report: current Temp = 0.695739  Cost = 1.0252 [sa progress... 8.27697%]
weather report: current Temp = 0.681825  Cost = 1.1715 [sa progress... 8.7126%]
weather report: current Temp = 0.668188  Cost = 1.13405 [sa progress... 9.14823%]
weather report: current Temp = 0.654824  Cost = 1.12536 [sa progress... 9.58386%]
weather report: current Temp = 0.641728  Cost = 1.17016 [sa progress... 10.0195%]
weather report: current Temp = 0.628893  Cost = 0.972833 [sa progress... 10.4551%]
weather report: current Temp = 0.616315  Cost = 0.97795 [sa progress... 10.8907%]
weather report: current Temp = 0.603989  Cost = 0.963219 [sa progress... 11.3264%]
weather report: current Temp = 0.591909  Cost = 1.19889 [sa progress... 11.762%]
weather report: current Temp = 0.580071  Cost = 1.17728 [sa progress... 12.1976%]
weather report: current Temp = 0.56847  Cost = 1.10456 [sa progress... 12.6333%]
weather report: current Temp = 0.5571  Cost = 1.512 [sa progress... 13.0689%]
weather report: current Temp = 0.545958  Cost = 0.987325 [sa progress... 13.5045%]
weather report: current Temp = 0.535039  Cost = 0.965058 [sa progress... 13.9402%]
weather report: current Temp = 0.524338  Cost = 1.12249 [sa progress... 14.3758%]
weather report: current Temp = 0.513852  Cost = 0.989881 [sa progress... 14.8114%]
weather report: current Temp = 0.503575  Cost = 1.20352 [sa progress... 15.247%]
weather report: current Temp = 0.493503  Cost = 0.939493 [sa progress... 15.6827%]
weather report: current Temp = 0.483633  Cost = 1.02024 [sa progress... 16.1183%]
weather report: current Temp = 0.47396  Cost = 1.80115 [sa progress... 16.5539%]
weather report: current Temp = 0.464481  Cost = 1.04882 [sa progress... 16.9896%]
weather report: current Temp = 0.455192  Cost = 1.41564 [sa progress... 17.4252%]
weather report: current Temp = 0.446088  Cost = 1.13762 [sa progress... 17.8608%]
weather report: current Temp = 0.437166  Cost = 1.10152 [sa progress... 18.2965%]
weather report: current Temp = 0.428423  Cost = 0.974263 [sa progress... 18.7321%]
weather report: current Temp = 0.419854  Cost = 1.04706 [sa progress... 19.1677%]
weather report: current Temp = 0.411457  Cost = 0.967586 [sa progress... 19.6033%]
weather report: current Temp = 0.403228  Cost = 1.16992 [sa progress... 20.039%]
weather report: current Temp = 0.395163  Cost = 0.984305 [sa progress... 20.4746%]
weather report: current Temp = 0.38726  Cost = 1.12641 [sa progress... 20.9102%]
weather report: current Temp = 0.379515  Cost = 1.06237 [sa progress... 21.3459%]
weather report: current Temp = 0.371925  Cost = 1.1229 [sa progress... 21.7815%]
weather report: current Temp = 0.364486  Cost = 1.12729 [sa progress... 22.2171%]
weather report: current Temp = 0.357196  Cost = 1.11638 [sa progress... 22.6528%]
weather report: current Temp = 0.350053  Cost = 0.998586 [sa progress... 23.0884%]
weather report: current Temp = 0.343051  Cost = 1.4363 [sa progress... 23.524%]
weather report: current Temp = 0.33619  Cost = 1.04576 [sa progress... 23.9596%]
weather report: current Temp = 0.329467  Cost = 0.934063 [sa progress... 24.3953%]
weather report: current Temp = 0.322877  Cost = 1.03638 [sa progress... 24.8309%]
weather report: current Temp = 0.31642  Cost = 0.964553 [sa progress... 25.2665%]
weather report: current Temp = 0.310091  Cost = 0.911363 [sa progress... 25.7022%]
weather report: current Temp = 0.30389  Cost = 0.890385 [sa progress... 26.1378%]
weather report: current Temp = 0.297812  Cost = 1.02326 [sa progress... 26.5734%]
weather report: current Temp = 0.291855  Cost = 0.93028 [sa progress... 27.0091%]
weather report: current Temp = 0.286018  Cost = 1.03621 [sa progress... 27.4447%]
weather report: current Temp = 0.280298  Cost = 0.918047 [sa progress... 27.8803%]
weather report: current Temp = 0.274692  Cost = 1.16299 [sa progress... 28.3159%]
weather report: current Temp = 0.269198  Cost = 1.1816 [sa progress... 28.7516%]
weather report: current Temp = 0.263814  Cost = 1.45029 [sa progress... 29.1872%]
weather report: current Temp = 0.258538  Cost = 1.30161 [sa progress... 29.6228%]
weather report: current Temp = 0.253367  Cost = 1.01328 [sa progress... 30.0585%]
weather report: current Temp = 0.2483  Cost = 1.12019 [sa progress... 30.4941%]
weather report: current Temp = 0.243334  Cost = 1.12037 [sa progress... 30.9297%]
weather report: current Temp = 0.238467  Cost = 1.22329 [sa progress... 31.3654%]
weather report: current Temp = 0.233698  Cost = 1.07104 [sa progress... 31.801%]
weather report: current Temp = 0.229024  Cost = 1.05682 [sa progress... 32.2366%]
weather report: current Temp = 0.224443  Cost = 1.08901 [sa progress... 32.6722%]
weather report: current Temp = 0.219955  Cost = 1.16742 [sa progress... 33.1079%]
weather report: current Temp = 0.215555  Cost = 1.12316 [sa progress... 33.5435%]
weather report: current Temp = 0.211244  Cost = 1.10447 [sa progress... 33.9791%]
weather report: current Temp = 0.207019  Cost = 1.52865 [sa progress... 34.4148%]
weather report: current Temp = 0.202879  Cost = 1.31161 [sa progress... 34.8504%]
weather report: current Temp = 0.198821  Cost = 1.17151 [sa progress... 35.286%]
weather report: current Temp = 0.194845  Cost = 0.996052 [sa progress... 35.7217%]
weather report: current Temp = 0.190948  Cost = 1.15772 [sa progress... 36.1573%]
weather report: current Temp = 0.187129  Cost = 0.929947 [sa progress... 36.5929%]
weather report: current Temp = 0.183387  Cost = 1.12231 [sa progress... 37.0285%]
weather report: current Temp = 0.179719  Cost = 1.14394 [sa progress... 37.4642%]
weather report: current Temp = 0.176125  Cost = 1.15931 [sa progress... 37.8998%]
weather report: current Temp = 0.172602  Cost = 1.00093 [sa progress... 38.3354%]
weather report: current Temp = 0.16915  Cost = 1.02688 [sa progress... 38.7711%]
weather report: current Temp = 0.165767  Cost = 0.987839 [sa progress... 39.2067%]
weather report: current Temp = 0.162452  Cost = 1.00006 [sa progress... 39.6423%]
weather report: current Temp = 0.159203  Cost = 1.07807 [sa progress... 40.078%]
weather report: current Temp = 0.156019  Cost = 0.97194 [sa progress... 40.5136%]
weather report: current Temp = 0.152898  Cost = 1.05726 [sa progress... 40.9492%]
weather report: current Temp = 0.14984  Cost = 1.02017 [sa progress... 41.3848%]
weather report: current Temp = 0.146843  Cost = 0.976963 [sa progress... 41.8205%]
weather report: current Temp = 0.143907  Cost = 0.989144 [sa progress... 42.2561%]
weather report: current Temp = 0.141028  Cost = 1.06143 [sa progress... 42.6917%]
weather report: current Temp = 0.138208  Cost = 1.03677 [sa progress... 43.1274%]
weather report: current Temp = 0.135444  Cost = 0.947441 [sa progress... 43.563%]
weather report: current Temp = 0.132735  Cost = 1.00715 [sa progress... 43.9986%]
weather report: current Temp = 0.13008  Cost = 1.07554 [sa progress... 44.4343%]
weather report: current Temp = 0.127479  Cost = 1.1611 [sa progress... 44.8699%]
weather report: current Temp = 0.124929  Cost = 0.994188 [sa progress... 45.3055%]
weather report: current Temp = 0.12243  Cost = 1.23165 [sa progress... 45.7411%]
weather report: current Temp = 0.119982  Cost = 0.855323 [sa progress... 46.1768%]
weather report: current Temp = 0.117582  Cost = 1.05597 [sa progress... 46.6124%]
weather report: current Temp = 0.11523  Cost = 1.03916 [sa progress... 47.048%]
weather report: current Temp = 0.112926  Cost = 0.973004 [sa progress... 47.4837%]
weather report: current Temp = 0.110667  Cost = 1.06442 [sa progress... 47.9193%]
weather report: current Temp = 0.108454  Cost = 0.980793 [sa progress... 48.3549%]
weather report: current Temp = 0.106285  Cost = 0.9964 [sa progress... 48.7906%]
weather report: current Temp = 0.104159  Cost = 0.923533 [sa progress... 49.2262%]
weather report: current Temp = 0.102076  Cost = 0.924356 [sa progress... 49.6618%]
weather report: current Temp = 0.100035  Cost = 0.888135 [sa progress... 50.0974%]
weather report: current Temp = 0.0980338  Cost = 0.878958 [sa progress... 50.5331%]
weather report: current Temp = 0.0960732  Cost = 0.87993 [sa progress... 50.9687%]
weather report: current Temp = 0.0941517  Cost = 0.986186 [sa progress... 51.4043%]
weather report: current Temp = 0.0922687  Cost = 1.1057 [sa progress... 51.84%]
weather report: current Temp = 0.0904233  Cost = 0.978988 [sa progress... 52.2756%]
weather report: current Temp = 0.0886148  Cost = 1.15905 [sa progress... 52.7112%]
weather report: current Temp = 0.0868425  Cost = 1.04684 [sa progress... 53.1469%]
weather report: current Temp = 0.0851057  Cost = 1.02361 [sa progress... 53.5825%]
weather report: current Temp = 0.0834036  Cost = 1.07444 [sa progress... 54.0181%]
weather report: current Temp = 0.0817355  Cost = 1.06177 [sa progress... 54.4537%]
weather report: current Temp = 0.0801008  Cost = 0.936785 [sa progress... 54.8894%]
weather report: current Temp = 0.0784988  Cost = 1.05093 [sa progress... 55.325%]
weather report: current Temp = 0.0769288  Cost = 1.01591 [sa progress... 55.7606%]
weather report: current Temp = 0.0753902  Cost = 1.04548 [sa progress... 56.1963%]
weather report: current Temp = 0.0738824  Cost = 1.01893 [sa progress... 56.6319%]
weather report: current Temp = 0.0724048  Cost = 1.08474 [sa progress... 57.0675%]
weather report: current Temp = 0.0709567  Cost = 1.07919 [sa progress... 57.5032%]
weather report: current Temp = 0.0695375  Cost = 1.05845 [sa progress... 57.9388%]
weather report: current Temp = 0.0681468  Cost = 0.973861 [sa progress... 58.3744%]
weather report: current Temp = 0.0667838  Cost = 0.885433 [sa progress... 58.81%]
weather report: current Temp = 0.0654482  Cost = 0.920752 [sa progress... 59.2457%]
weather report: current Temp = 0.0641392  Cost = 0.958683 [sa progress... 59.6813%]
weather report: current Temp = 0.0628564  Cost = 0.923516 [sa progress... 60.1169%]
weather report: current Temp = 0.0615993  Cost = 0.936002 [sa progress... 60.5526%]
weather report: current Temp = 0.0603673  Cost = 0.901175 [sa progress... 60.9882%]
weather report: current Temp = 0.05916  Cost = 0.956822 [sa progress... 61.4238%]
weather report: current Temp = 0.0579768  Cost = 1.1592 [sa progress... 61.8595%]
weather report: current Temp = 0.0568172  Cost = 0.969496 [sa progress... 62.2951%]
weather report: current Temp = 0.0556809  Cost = 0.933279 [sa progress... 62.7307%]
weather report: current Temp = 0.0545673  Cost = 0.971529 [sa progress... 63.1663%]
weather report: current Temp = 0.0534759  Cost = 1.01459 [sa progress... 63.602%]
weather report: current Temp = 0.0524064  Cost = 0.882938 [sa progress... 64.0376%]
weather report: current Temp = 0.0513583  Cost = 0.925907 [sa progress... 64.4732%]
weather report: current Temp = 0.0503311  Cost = 0.995801 [sa progress... 64.9089%]
weather report: current Temp = 0.0493245  Cost = 0.947769 [sa progress... 65.3445%]
weather report: current Temp = 0.048338  Cost = 1.07179 [sa progress... 65.7801%]
weather report: current Temp = 0.0473712  Cost = 0.921175 [sa progress... 66.2158%]
weather report: current Temp = 0.0464238  Cost = 0.987356 [sa progress... 66.6514%]
weather report: current Temp = 0.0454953  Cost = 0.921782 [sa progress... 67.087%]
weather report: current Temp = 0.0445854  Cost = 1.00346 [sa progress... 67.5226%]
weather report: current Temp = 0.0436937  Cost = 0.958144 [sa progress... 67.9583%]
weather report: current Temp = 0.0428198  Cost = 0.926083 [sa progress... 68.3939%]
weather report: current Temp = 0.0419634  Cost = 0.917173 [sa progress... 68.8295%]
weather report: current Temp = 0.0411242  Cost = 0.869712 [sa progress... 69.2652%]
weather report: current Temp = 0.0403017  Cost = 1.03183 [sa progress... 69.7008%]
weather report: current Temp = 0.0394957  Cost = 0.920415 [sa progress... 70.1364%]
weather report: current Temp = 0.0387057  Cost = 0.860083 [sa progress... 70.5721%]
weather report: current Temp = 0.0379316  Cost = 0.971444 [sa progress... 71.0077%]
weather report: current Temp = 0.037173  Cost = 0.932011 [sa progress... 71.4433%]
weather report: current Temp = 0.0364295  Cost = 0.874118 [sa progress... 71.8789%]
weather report: current Temp = 0.0357009  Cost = 0.874658 [sa progress... 72.3146%]
weather report: current Temp = 0.0349869  Cost = 0.843165 [sa progress... 72.7502%]
weather report: current Temp = 0.0342872  Cost = 0.840555 [sa progress... 73.1858%]
weather report: current Temp = 0.0336014  Cost = 0.897647 [sa progress... 73.6215%]
weather report: current Temp = 0.0329294  Cost = 0.83989 [sa progress... 74.0571%]
weather report: current Temp = 0.0322708  Cost = 0.84158 [sa progress... 74.4927%]
weather report: current Temp = 0.0316254  Cost = 0.889782 [sa progress... 74.9284%]
weather report: current Temp = 0.0309929  Cost = 0.908232 [sa progress... 75.364%]
weather report: current Temp = 0.030373  Cost = 1.00447 [sa progress... 75.7996%]
weather report: current Temp = 0.0297656  Cost = 0.927743 [sa progress... 76.2352%]
weather report: current Temp = 0.0291703  Cost = 0.917497 [sa progress... 76.6709%]
weather report: current Temp = 0.0285869  Cost = 0.890767 [sa progress... 77.1065%]
weather report: current Temp = 0.0280151  Cost = 0.902926 [sa progress... 77.5421%]
weather report: current Temp = 0.0274548  Cost = 0.908658 [sa progress... 77.9778%]
weather report: current Temp = 0.0269057  Cost = 0.95346 [sa progress... 78.4134%]
weather report: current Temp = 0.0263676  Cost = 0.957321 [sa progress... 78.849%]
weather report: current Temp = 0.0258403  Cost = 0.852201 [sa progress... 79.2847%]
weather report: current Temp = 0.0253235  Cost = 0.851371 [sa progress... 79.7203%]
weather report: current Temp = 0.024817  Cost = 0.932419 [sa progress... 80.1559%]
weather report: current Temp = 0.0243207  Cost = 0.986698 [sa progress... 80.5915%]
weather report: current Temp = 0.0238342  Cost = 0.956762 [sa progress... 81.0272%]
weather report: current Temp = 0.0233576  Cost = 0.94951 [sa progress... 81.4628%]
weather report: current Temp = 0.0228904  Cost = 1.003 [sa progress... 81.8984%]
weather report: current Temp = 0.0224326  Cost = 0.929294 [sa progress... 82.3341%]
weather report: current Temp = 0.0219839  Cost = 0.914619 [sa progress... 82.7697%]
weather report: current Temp = 0.0215443  Cost = 0.9791 [sa progress... 83.2053%]
weather report: current Temp = 0.0211134  Cost = 0.866083 [sa progress... 83.641%]
weather report: current Temp = 0.0206911  Cost = 0.828553 [sa progress... 84.0766%]
weather report: current Temp = 0.0202773  Cost = 0.836496 [sa progress... 84.5122%]
weather report: current Temp = 0.0198717  Cost = 0.840567 [sa progress... 84.9478%]
weather report: current Temp = 0.0194743  Cost = 0.950498 [sa progress... 85.3835%]
weather report: current Temp = 0.0190848  Cost = 0.959152 [sa progress... 85.8191%]
weather report: current Temp = 0.0187031  Cost = 0.891023 [sa progress... 86.2547%]
weather report: current Temp = 0.0183291  Cost = 0.919039 [sa progress... 86.6904%]
weather report: current Temp = 0.0179625  Cost = 0.907696 [sa progress... 87.126%]
weather report: current Temp = 0.0176032  Cost = 0.879214 [sa progress... 87.5616%]
weather report: current Temp = 0.0172512  Cost = 0.884397 [sa progress... 87.9973%]
weather report: current Temp = 0.0169061  Cost = 1.00588 [sa progress... 88.4329%]
weather report: current Temp = 0.016568  Cost = 0.913029 [sa progress... 88.8685%]
weather report: current Temp = 0.0162367  Cost = 0.817319 [sa progress... 89.3041%]
weather report: current Temp = 0.0159119  Cost = 0.782934 [sa progress... 89.7398%]
weather report: current Temp = 0.0155937  Cost = 0.858819 [sa progress... 90.1754%]
weather report: current Temp = 0.0152818  Cost = 0.878854 [sa progress... 90.611%]
weather report: current Temp = 0.0149762  Cost = 0.806309 [sa progress... 91.0467%]
weather report: current Temp = 0.0146767  Cost = 0.767037 [sa progress... 91.4823%]
weather report: current Temp = 0.0143831  Cost = 0.786076 [sa progress... 91.9179%]
weather report: current Temp = 0.0140955  Cost = 0.861147 [sa progress... 92.3535%]
weather report: current Temp = 0.0138136  Cost = 0.821404 [sa progress... 92.7892%]
weather report: current Temp = 0.0135373  Cost = 0.855877 [sa progress... 93.2248%]
weather report: current Temp = 0.0132665  Cost = 0.872716 [sa progress... 93.6604%]
weather report: current Temp = 0.0130012  Cost = 0.854013 [sa progress... 94.0961%]
weather report: current Temp = 0.0127412  Cost = 0.879746 [sa progress... 94.5317%]
weather report: current Temp = 0.0124864  Cost = 0.844085 [sa progress... 94.9673%]
weather report: current Temp = 0.0122366  Cost = 0.805158 [sa progress... 95.403%]
weather report: current Temp = 0.0119919  Cost = 0.791035 [sa progress... 95.8386%]
weather report: current Temp = 0.0117521  Cost = 0.833721 [sa progress... 96.2742%]
weather report: current Temp = 0.011517  Cost = 0.791294 [sa progress... 96.7098%]
weather report: current Temp = 0.0112867  Cost = 0.833097 [sa progress... 97.1455%]
weather report: current Temp = 0.0110609  Cost = 0.780355 [sa progress... 97.5811%]
weather report: current Temp = 0.0108397  Cost = 0.781329 [sa progress... 98.0167%]
weather report: current Temp = 0.0106229  Cost = 0.812419 [sa progress... 98.4524%]
weather report: current Temp = 0.0104105  Cost = 0.748695 [sa progress... 98.888%]
weather report: current Temp = 0.0102023  Cost = 0.817902 [sa progress... 99.3236%]
weather report: current Temp = 0.00999822  Cost = 0.757965 [sa progress... 99.7593%]
simAnneal_int(): done, _optCost = 0.690392
> total perturbation: 46000 uphill: 3506 downhill: 8196
3th attempt!

setTemp(): start greedy search
updateOptSol() : find better sol!
>> cost = 0.68533
avgDcost:0.049613 T0:0.967239, Tx:0.009364
simAnneal_int(): start to SA
weather report: current Temp = 0.947894  Cost = 0.932408 [sa progress... 0%]
weather report: current Temp = 0.928936  Cost = 1.05259 [sa progress... 0.43563%]
weather report: current Temp = 0.910358  Cost = 1.03006 [sa progress... 0.87126%]
weather report: current Temp = 0.89215  Cost = 1.02954 [sa progress... 1.30689%]
weather report: current Temp = 0.874307  Cost = 0.988657 [sa progress... 1.74252%]
weather report: current Temp = 0.856821  Cost = 1.15324 [sa progress... 2.17815%]
weather report: current Temp = 0.839685  Cost = 0.960902 [sa progress... 2.61378%]
weather report: current Temp = 0.822891  Cost = 1.15824 [sa progress... 3.04941%]
weather report: current Temp = 0.806433  Cost = 1.07179 [sa progress... 3.48504%]
weather report: current Temp = 0.790305  Cost = 1.04198 [sa progress... 3.92067%]
weather report: current Temp = 0.774499  Cost = 1.05275 [sa progress... 4.3563%]
weather report: current Temp = 0.759009  Cost = 0.980268 [sa progress... 4.79193%]
weather report: current Temp = 0.743828  Cost = 1.00773 [sa progress... 5.22756%]
weather report: current Temp = 0.728952  Cost = 1.14952 [sa progress... 5.66319%]
weather report: current Temp = 0.714373  Cost = 1.01722 [sa progress... 6.09882%]
weather report: current Temp = 0.700085  Cost = 1.02963 [sa progress... 6.53445%]
weather report: current Temp = 0.686084  Cost = 0.960374 [sa progress... 6.97008%]
weather report: current Temp = 0.672362  Cost = 1.29283 [sa progress... 7.40571%]
weather report: current Temp = 0.658915  Cost = 0.874739 [sa progress... 7.84134%]
weather report: current Temp = 0.645736  Cost = 1.17775 [sa progress... 8.27697%]
weather report: current Temp = 0.632822  Cost = 1.06756 [sa progress... 8.7126%]
weather report: current Temp = 0.620165  Cost = 1.04301 [sa progress... 9.14823%]
weather report: current Temp = 0.607762  Cost = 1.00622 [sa progress... 9.58386%]
weather report: current Temp = 0.595607  Cost = 1.39071 [sa progress... 10.0195%]
weather report: current Temp = 0.583695  Cost = 0.976734 [sa progress... 10.4551%]
weather report: current Temp = 0.572021  Cost = 1.42991 [sa progress... 10.8907%]
weather report: current Temp = 0.56058  Cost = 1.3041 [sa progress... 11.3264%]
weather report: current Temp = 0.549369  Cost = 1.28171 [sa progress... 11.762%]
weather report: current Temp = 0.538381  Cost = 1.07062 [sa progress... 12.1976%]
weather report: current Temp = 0.527614  Cost = 1.15077 [sa progress... 12.6333%]
weather report: current Temp = 0.517061  Cost = 1.37025 [sa progress... 13.0689%]
weather report: current Temp = 0.50672  Cost = 0.939366 [sa progress... 13.5045%]
weather report: current Temp = 0.496586  Cost = 1.07323 [sa progress... 13.9402%]
weather report: current Temp = 0.486654  Cost = 0.982312 [sa progress... 14.3758%]
weather report: current Temp = 0.476921  Cost = 1.27664 [sa progress... 14.8114%]
weather report: current Temp = 0.467383  Cost = 1.13111 [sa progress... 15.247%]
weather report: current Temp = 0.458035  Cost = 1.01277 [sa progress... 15.6827%]
weather report: current Temp = 0.448874  Cost = 1.66906 [sa progress... 16.1183%]
weather report: current Temp = 0.439897  Cost = 1.09976 [sa progress... 16.5539%]
weather report: current Temp = 0.431099  Cost = 1.14585 [sa progress... 16.9896%]
weather report: current Temp = 0.422477  Cost = 1.01819 [sa progress... 17.4252%]
weather report: current Temp = 0.414027  Cost = 0.911984 [sa progress... 17.8608%]
weather report: current Temp = 0.405747  Cost = 1.09247 [sa progress... 18.2965%]
weather report: current Temp = 0.397632  Cost = 1.0825 [sa progress... 18.7321%]
weather report: current Temp = 0.389679  Cost = 1.20079 [sa progress... 19.1677%]
weather report: current Temp = 0.381886  Cost = 0.951141 [sa progress... 19.6033%]
weather report: current Temp = 0.374248  Cost = 0.934039 [sa progress... 20.039%]
weather report: current Temp = 0.366763  Cost = 1.24137 [sa progress... 20.4746%]
weather report: current Temp = 0.359428  Cost = 0.961022 [sa progress... 20.9102%]
weather report: current Temp = 0.352239  Cost = 1.29316 [sa progress... 21.3459%]
weather report: current Temp = 0.345194  Cost = 1.32666 [sa progress... 21.7815%]
weather report: current Temp = 0.33829  Cost = 1.80917 [sa progress... 22.2171%]
weather report: current Temp = 0.331525  Cost = 0.986307 [sa progress... 22.6528%]
weather report: current Temp = 0.324894  Cost = 1.26499 [sa progress... 23.0884%]
weather report: current Temp = 0.318396  Cost = 1.1113 [sa progress... 23.524%]
weather report: current Temp = 0.312028  Cost = 1.24164 [sa progress... 23.9596%]
weather report: current Temp = 0.305788  Cost = 0.992408 [sa progress... 24.3953%]
weather report: current Temp = 0.299672  Cost = 0.908853 [sa progress... 24.8309%]
weather report: current Temp = 0.293679  Cost = 1.4666 [sa progress... 25.2665%]
weather report: current Temp = 0.287805  Cost = 1.15327 [sa progress... 25.7022%]
weather report: current Temp = 0.282049  Cost = 1.07763 [sa progress... 26.1378%]
weather report: current Temp = 0.276408  Cost = 1.07524 [sa progress... 26.5734%]
weather report: current Temp = 0.27088  Cost = 1.54029 [sa progress... 27.0091%]
weather report: current Temp = 0.265462  Cost = 1.40561 [sa progress... 27.4447%]
weather report: current Temp = 0.260153  Cost = 1.35145 [sa progress... 27.8803%]
weather report: current Temp = 0.25495  Cost = 1.0459 [sa progress... 28.3159%]
weather report: current Temp = 0.249851  Cost = 1.27555 [sa progress... 28.7516%]
weather report: current Temp = 0.244854  Cost = 0.922759 [sa progress... 29.1872%]
weather report: current Temp = 0.239957  Cost = 1.03015 [sa progress... 29.6228%]
weather report: current Temp = 0.235158  Cost = 1.07064 [sa progress... 30.0585%]
weather report: current Temp = 0.230455  Cost = 1.09621 [sa progress... 30.4941%]
weather report: current Temp = 0.225845  Cost = 1.05251 [sa progress... 30.9297%]
weather report: current Temp = 0.221329  Cost = 1.14228 [sa progress... 31.3654%]
weather report: current Temp = 0.216902  Cost = 1.01184 [sa progress... 31.801%]
weather report: current Temp = 0.212564  Cost = 1.03338 [sa progress... 32.2366%]
weather report: current Temp = 0.208313  Cost = 1.05079 [sa progress... 32.6722%]
weather report: current Temp = 0.204146  Cost = 0.955553 [sa progress... 33.1079%]
weather report: current Temp = 0.200063  Cost = 0.996683 [sa progress... 33.5435%]
weather report: current Temp = 0.196062  Cost = 0.993455 [sa progress... 33.9791%]
weather report: current Temp = 0.192141  Cost = 0.862552 [sa progress... 34.4148%]
weather report: current Temp = 0.188298  Cost = 0.898548 [sa progress... 34.8504%]
weather report: current Temp = 0.184532  Cost = 0.883192 [sa progress... 35.286%]
weather report: current Temp = 0.180842  Cost = 1.06815 [sa progress... 35.7217%]
weather report: current Temp = 0.177225  Cost = 0.99356 [sa progress... 36.1573%]
weather report: current Temp = 0.17368  Cost = 1.05138 [sa progress... 36.5929%]
weather report: current Temp = 0.170207  Cost = 0.985002 [sa progress... 37.0285%]
weather report: current Temp = 0.166802  Cost = 0.994565 [sa progress... 37.4642%]
weather report: current Temp = 0.163466  Cost = 1.01266 [sa progress... 37.8998%]
weather report: current Temp = 0.160197  Cost = 1.2958 [sa progress... 38.3354%]
weather report: current Temp = 0.156993  Cost = 0.978637 [sa progress... 38.7711%]
weather report: current Temp = 0.153853  Cost = 0.913321 [sa progress... 39.2067%]
weather report: current Temp = 0.150776  Cost = 1.01893 [sa progress... 39.6423%]
weather report: current Temp = 0.147761  Cost = 1.20327 [sa progress... 40.078%]
weather report: current Temp = 0.144805  Cost = 1.06176 [sa progress... 40.5136%]
weather report: current Temp = 0.141909  Cost = 1.12239 [sa progress... 40.9492%]
weather report: current Temp = 0.139071  Cost = 0.96573 [sa progress... 41.3848%]
weather report: current Temp = 0.13629  Cost = 1.05394 [sa progress... 41.8205%]
weather report: current Temp = 0.133564  Cost = 1.07214 [sa progress... 42.2561%]
weather report: current Temp = 0.130893  Cost = 1.01445 [sa progress... 42.6917%]
weather report: current Temp = 0.128275  Cost = 1.05051 [sa progress... 43.1274%]
weather report: current Temp = 0.125709  Cost = 1.00257 [sa progress... 43.563%]
weather report: current Temp = 0.123195  Cost = 1.09153 [sa progress... 43.9986%]
weather report: current Temp = 0.120731  Cost = 1.22024 [sa progress... 44.4343%]
weather report: current Temp = 0.118317  Cost = 1.13283 [sa progress... 44.8699%]
weather report: current Temp = 0.11595  Cost = 0.97335 [sa progress... 45.3055%]
weather report: current Temp = 0.113631  Cost = 1.07077 [sa progress... 45.7411%]
weather report: current Temp = 0.111359  Cost = 1.10519 [sa progress... 46.1768%]
weather report: current Temp = 0.109131  Cost = 0.865664 [sa progress... 46.6124%]
weather report: current Temp = 0.106949  Cost = 0.957672 [sa progress... 47.048%]
weather report: current Temp = 0.10481  Cost = 0.898943 [sa progress... 47.4837%]
weather report: current Temp = 0.102714  Cost = 0.853491 [sa progress... 47.9193%]
weather report: current Temp = 0.100659  Cost = 0.937848 [sa progress... 48.3549%]
weather report: current Temp = 0.0986462  Cost = 1.04995 [sa progress... 48.7906%]
weather report: current Temp = 0.0966733  Cost = 1.07238 [sa progress... 49.2262%]
weather report: current Temp = 0.0947398  Cost = 1.02897 [sa progress... 49.6618%]
weather report: current Temp = 0.092845  Cost = 0.985433 [sa progress... 50.0974%]
weather report: current Temp = 0.0909881  Cost = 0.959947 [sa progress... 50.5331%]
weather report: current Temp = 0.0891684  Cost = 1.03706 [sa progress... 50.9687%]
weather report: current Temp = 0.087385  Cost = 0.97368 [sa progress... 51.4043%]
weather report: current Temp = 0.0856373  Cost = 1.02075 [sa progress... 51.84%]
weather report: current Temp = 0.0839245  Cost = 0.931917 [sa progress... 52.2756%]
weather report: current Temp = 0.0822461  Cost = 0.987759 [sa progress... 52.7112%]
weather report: current Temp = 0.0806011  Cost = 0.985764 [sa progress... 53.1469%]
weather report: current Temp = 0.0789891  Cost = 1.0918 [sa progress... 53.5825%]
weather report: current Temp = 0.0774093  Cost = 1.01671 [sa progress... 54.0181%]
weather report: current Temp = 0.0758611  Cost = 1.07704 [sa progress... 54.4537%]
weather report: current Temp = 0.0743439  Cost = 0.996789 [sa progress... 54.8894%]
weather report: current Temp = 0.072857  Cost = 0.980534 [sa progress... 55.325%]
weather report: current Temp = 0.0713999  Cost = 0.858905 [sa progress... 55.7606%]
weather report: current Temp = 0.0699719  Cost = 0.896252 [sa progress... 56.1963%]
weather report: current Temp = 0.0685725  Cost = 0.910123 [sa progress... 56.6319%]
weather report: current Temp = 0.067201  Cost = 0.875189 [sa progress... 57.0675%]
weather report: current Temp = 0.065857  Cost = 0.901733 [sa progress... 57.5032%]
weather report: current Temp = 0.0645399  Cost = 0.886986 [sa progress... 57.9388%]
weather report: current Temp = 0.0632491  Cost = 1.01478 [sa progress... 58.3744%]
weather report: current Temp = 0.0619841  Cost = 0.941963 [sa progress... 58.81%]
weather report: current Temp = 0.0607444  Cost = 0.964807 [sa progress... 59.2457%]
weather report: current Temp = 0.0595295  Cost = 0.932527 [sa progress... 59.6813%]
weather report: current Temp = 0.0583389  Cost = 0.896085 [sa progress... 60.1169%]
weather report: current Temp = 0.0571721  Cost = 0.933456 [sa progress... 60.5526%]
weather report: current Temp = 0.0560287  Cost = 0.897696 [sa progress... 60.9882%]
weather report: current Temp = 0.0549081  Cost = 0.901083 [sa progress... 61.4238%]
weather report: current Temp = 0.05381  Cost = 0.837288 [sa progress... 61.8595%]
weather report: current Temp = 0.0527338  Cost = 1.142 [sa progress... 62.2951%]
weather report: current Temp = 0.0516791  Cost = 0.933324 [sa progress... 62.7307%]
weather report: current Temp = 0.0506455  Cost = 0.916661 [sa progress... 63.1663%]
weather report: current Temp = 0.0496326  Cost = 0.929659 [sa progress... 63.602%]
weather report: current Temp = 0.0486399  Cost = 0.837496 [sa progress... 64.0376%]
weather report: current Temp = 0.0476671  Cost = 0.963234 [sa progress... 64.4732%]
weather report: current Temp = 0.0467138  Cost = 0.840371 [sa progress... 64.9089%]
weather report: current Temp = 0.0457795  Cost = 0.895975 [sa progress... 65.3445%]
weather report: current Temp = 0.0448639  Cost = 0.943057 [sa progress... 65.7801%]
weather report: current Temp = 0.0439667  Cost = 0.913521 [sa progress... 66.2158%]
weather report: current Temp = 0.0430873  Cost = 0.998878 [sa progress... 66.6514%]
weather report: current Temp = 0.0422256  Cost = 0.934312 [sa progress... 67.087%]
weather report: current Temp = 0.0413811  Cost = 0.954639 [sa progress... 67.5226%]
weather report: current Temp = 0.0405534  Cost = 0.953017 [sa progress... 67.9583%]
weather report: current Temp = 0.0397424  Cost = 0.910406 [sa progress... 68.3939%]
weather report: current Temp = 0.0389475  Cost = 0.955804 [sa progress... 68.8295%]
weather report: current Temp = 0.0381686  Cost = 0.926476 [sa progress... 69.2652%]
weather report: current Temp = 0.0374052  Cost = 0.928085 [sa progress... 69.7008%]
weather report: current Temp = 0.0366571  Cost = 0.880254 [sa progress... 70.1364%]
weather report: current Temp = 0.035924  Cost = 0.851954 [sa progress... 70.5721%]
weather report: current Temp = 0.0352055  Cost = 0.841781 [sa progress... 71.0077%]
weather report: current Temp = 0.0345014  Cost = 0.884549 [sa progress... 71.4433%]
weather report: current Temp = 0.0338113  Cost = 0.883284 [sa progress... 71.8789%]
weather report: current Temp = 0.0331351  Cost = 0.906537 [sa progress... 72.3146%]
weather report: current Temp = 0.0324724  Cost = 0.829362 [sa progress... 72.7502%]
weather report: current Temp = 0.031823  Cost = 0.917307 [sa progress... 73.1858%]
weather report: current Temp = 0.0311865  Cost = 0.841951 [sa progress... 73.6215%]
weather report: current Temp = 0.0305628  Cost = 0.851864 [sa progress... 74.0571%]
weather report: current Temp = 0.0299515  Cost = 0.940147 [sa progress... 74.4927%]
weather report: current Temp = 0.0293525  Cost = 0.867438 [sa progress... 74.9284%]
weather report: current Temp = 0.0287654  Cost = 0.889168 [sa progress... 75.364%]
weather report: current Temp = 0.0281901  Cost = 0.844586 [sa progress... 75.7996%]
weather report: current Temp = 0.0276263  Cost = 0.870814 [sa progress... 76.2352%]
weather report: current Temp = 0.0270738  Cost = 0.869395 [sa progress... 76.6709%]
weather report: current Temp = 0.0265323  Cost = 0.842057 [sa progress... 77.1065%]
weather report: current Temp = 0.0260017  Cost = 0.852797 [sa progress... 77.5421%]
weather report: current Temp = 0.0254816  Cost = 0.866561 [sa progress... 77.9778%]
weather report: current Temp = 0.024972  Cost = 0.950703 [sa progress... 78.4134%]
weather report: current Temp = 0.0244726  Cost = 0.868685 [sa progress... 78.849%]
weather report: current Temp = 0.0239831  Cost = 0.791319 [sa progress... 79.2847%]
weather report: current Temp = 0.0235035  Cost = 0.857111 [sa progress... 79.7203%]
weather report: current Temp = 0.0230334  Cost = 0.820223 [sa progress... 80.1559%]
weather report: current Temp = 0.0225727  Cost = 0.827586 [sa progress... 80.5915%]
weather report: current Temp = 0.0221213  Cost = 0.82312 [sa progress... 81.0272%]
weather report: current Temp = 0.0216788  Cost = 0.820165 [sa progress... 81.4628%]
weather report: current Temp = 0.0212453  Cost = 0.81752 [sa progress... 81.8984%]
weather report: current Temp = 0.0208204  Cost = 0.802045 [sa progress... 82.3341%]
weather report: current Temp = 0.020404  Cost = 0.820777 [sa progress... 82.7697%]
weather report: current Temp = 0.0199959  Cost = 0.83558 [sa progress... 83.2053%]
weather report: current Temp = 0.019596  Cost = 0.812409 [sa progress... 83.641%]
weather report: current Temp = 0.019204  Cost = 0.81875 [sa progress... 84.0766%]
weather report: current Temp = 0.01882  Cost = 0.809285 [sa progress... 84.5122%]
weather report: current Temp = 0.0184436  Cost = 0.826796 [sa progress... 84.9478%]
weather report: current Temp = 0.0180747  Cost = 0.812078 [sa progress... 85.3835%]
weather report: current Temp = 0.0177132  Cost = 0.831947 [sa progress... 85.8191%]
weather report: current Temp = 0.0173589  Cost = 0.812377 [sa progress... 86.2547%]
weather report: current Temp = 0.0170117  Cost = 0.847328 [sa progress... 86.6904%]
weather report: current Temp = 0.0166715  Cost = 0.834722 [sa progress... 87.126%]
weather report: current Temp = 0.0163381  Cost = 0.793361 [sa progress... 87.5616%]
weather report: current Temp = 0.0160113  Cost = 0.874831 [sa progress... 87.9973%]
weather report: current Temp = 0.0156911  Cost = 0.800971 [sa progress... 88.4329%]
weather report: current Temp = 0.0153773  Cost = 0.832895 [sa progress... 88.8685%]
weather report: current Temp = 0.0150697  Cost = 0.871724 [sa progress... 89.3041%]
weather report: current Temp = 0.0147683  Cost = 0.784478 [sa progress... 89.7398%]
weather report: current Temp = 0.014473  Cost = 0.818714 [sa progress... 90.1754%]
weather report: current Temp = 0.0141835  Cost = 0.816641 [sa progress... 90.611%]
weather report: current Temp = 0.0138998  Cost = 0.803199 [sa progress... 91.0467%]
weather report: current Temp = 0.0136218  Cost = 0.772247 [sa progress... 91.4823%]
weather report: current Temp = 0.0133494  Cost = 0.757745 [sa progress... 91.9179%]
weather report: current Temp = 0.0130824  Cost = 0.768662 [sa progress... 92.3535%]
weather report: current Temp = 0.0128208  Cost = 0.725986 [sa progress... 92.7892%]
weather report: current Temp = 0.0125644  Cost = 0.725167 [sa progress... 93.2248%]
weather report: current Temp = 0.0123131  Cost = 0.765099 [sa progress... 93.6604%]
weather report: current Temp = 0.0120668  Cost = 0.767133 [sa progress... 94.0961%]
weather report: current Temp = 0.0118255  Cost = 0.79006 [sa progress... 94.5317%]
weather report: current Temp = 0.011589  Cost = 0.778374 [sa progress... 94.9673%]
weather report: current Temp = 0.0113572  Cost = 0.750473 [sa progress... 95.403%]
weather report: current Temp = 0.01113  Cost = 0.737126 [sa progress... 95.8386%]
weather report: current Temp = 0.0109074  Cost = 0.747142 [sa progress... 96.2742%]
weather report: current Temp = 0.0106893  Cost = 0.754445 [sa progress... 96.7098%]
weather report: current Temp = 0.0104755  Cost = 0.705444 [sa progress... 97.1455%]
weather report: current Temp = 0.010266  Cost = 0.729365 [sa progress... 97.5811%]
weather report: current Temp = 0.0100607  Cost = 0.736461 [sa progress... 98.0167%]
weather report: current Temp = 0.00985946  Cost = 0.734276 [sa progress... 98.4524%]
weather report: current Temp = 0.00966227  Cost = 0.747788 [sa progress... 98.888%]
weather report: current Temp = 0.00946902  Cost = 0.700126 [sa progress... 99.3236%]
weather report: current Temp = 0.00927964  Cost = 0.746451 [sa progress... 99.7593%]
simAnneal_int(): done, _optCost = 0.68533
> total perturbation: 46000 uphill: 3558 downhill: 8568
 >  writeMatlabOutput() : opening output file log/adaptec1.fp.matlab
 >  no overlaps
 >  chip area  : 8.00108e+07
 >  [Warning] following area info is for the lastest packing , not the opt
 >  Macro area : 5.26049e+07
 >  BLArea     : 1.34842e+07
 >  BRArea     : 1.25655e+07
 >  TLArea     : 1.31354e+07
 >  TRArea     : 1.34197e+07
 >  writeOutput() : opening output file log/adaptec1.fp
 >  MP trees macro packing finished.
